[0.080s] DEBUG:colcon:Command line arguments: ['/usr/bin/colcon', 'build', '--packages-select', 'test_pkg']
[0.080s] DEBUG:colcon:Parsed command line arguments: Namespace(log_base=None, log_level=None, verb_name='build', build_base='build', install_base='install', merge_install=False, symlink_install=False, test_result_base=None, continue_on_error=False, executor='parallel', parallel_workers=8, event_handlers=None, ignore_user_meta=False, metas=['./colcon.meta'], base_paths=['.'], packages_ignore=None, packages_ignore_regex=None, paths=None, packages_up_to=None, packages_up_to_regex=None, packages_above=None, packages_above_and_dependencies=None, packages_above_depth=None, packages_select_by_dep=None, packages_skip_by_dep=None, packages_skip_up_to=None, packages_select_build_failed=False, packages_skip_build_finished=False, packages_select_test_failures=False, packages_skip_test_passed=False, packages_select=['test_pkg'], packages_skip=None, packages_select_regex=None, packages_skip_regex=None, packages_start=None, packages_end=None, allow_overriding=[], cmake_args=None, cmake_target=None, cmake_target_skip_unavailable=False, cmake_clean_cache=False, cmake_clean_first=False, cmake_force_configure=False, ament_cmake_args=None, catkin_cmake_args=None, catkin_skip_building_tests=False, verb_parser=<colcon_defaults.argument_parser.defaults.DefaultArgumentsDecorator object at 0x74a11122e560>, verb_extension=<colcon_core.verb.build.BuildVerb object at 0x74a11122e080>, main=<bound method BuildVerb.main of <colcon_core.verb.build.BuildVerb object at 0x74a11122e080>>)
[0.203s] Level 1:colcon.colcon_core.package_discovery:discover_packages(colcon_meta) check parameters
[0.203s] Level 1:colcon.colcon_core.package_discovery:discover_packages(recursive) check parameters
[0.203s] Level 1:colcon.colcon_core.package_discovery:discover_packages(ignore) check parameters
[0.203s] Level 1:colcon.colcon_core.package_discovery:discover_packages(path) check parameters
[0.203s] Level 1:colcon.colcon_core.package_discovery:discover_packages(colcon_meta) discover
[0.203s] Level 1:colcon.colcon_core.package_discovery:discover_packages(recursive) discover
[0.203s] INFO:colcon.colcon_core.package_discovery:Crawling recursively for packages in '/home/alex/workspace/ros2_project/auto_car'
[0.203s] Level 1:colcon.colcon_core.package_identification:_identify(.) by extensions ['ignore', 'ignore_ament_install']
[0.203s] Level 1:colcon.colcon_core.package_identification:_identify(.) by extension 'ignore'
[0.203s] Level 1:colcon.colcon_core.package_identification:_identify(.) by extension 'ignore_ament_install'
[0.203s] Level 1:colcon.colcon_core.package_identification:_identify(.) by extensions ['colcon_pkg']
[0.203s] Level 1:colcon.colcon_core.package_identification:_identify(.) by extension 'colcon_pkg'
[0.203s] Level 1:colcon.colcon_core.package_identification:_identify(.) by extensions ['colcon_meta']
[0.203s] Level 1:colcon.colcon_core.package_identification:_identify(.) by extension 'colcon_meta'
[0.204s] Level 1:colcon.colcon_core.package_identification:_identify(.) by extensions ['ros']
[0.204s] Level 1:colcon.colcon_core.package_identification:_identify(.) by extension 'ros'
[0.212s] Level 1:colcon.colcon_core.package_identification:_identify(.) by extensions ['cmake', 'python']
[0.212s] Level 1:colcon.colcon_core.package_identification:_identify(.) by extension 'cmake'
[0.212s] Level 1:colcon.colcon_core.package_identification:_identify(.) by extension 'python'
[0.212s] Level 1:colcon.colcon_core.package_identification:_identify(.) by extensions ['python_setup_py']
[0.213s] Level 1:colcon.colcon_core.package_identification:_identify(.) by extension 'python_setup_py'
[0.213s] Level 1:colcon.colcon_core.package_identification:_identify(build) by extensions ['ignore', 'ignore_ament_install']
[0.213s] Level 1:colcon.colcon_core.package_identification:_identify(build) by extension 'ignore'
[0.213s] Level 1:colcon.colcon_core.package_identification:_identify(build) ignored
[0.213s] Level 1:colcon.colcon_core.package_identification:_identify(install) by extensions ['ignore', 'ignore_ament_install']
[0.213s] Level 1:colcon.colcon_core.package_identification:_identify(install) by extension 'ignore'
[0.213s] Level 1:colcon.colcon_core.package_identification:_identify(install) ignored
[0.213s] Level 1:colcon.colcon_core.package_identification:_identify(log) by extensions ['ignore', 'ignore_ament_install']
[0.213s] Level 1:colcon.colcon_core.package_identification:_identify(log) by extension 'ignore'
[0.213s] Level 1:colcon.colcon_core.package_identification:_identify(log) ignored
[0.213s] Level 1:colcon.colcon_core.package_identification:_identify(test_pkg) by extensions ['ignore', 'ignore_ament_install']
[0.213s] Level 1:colcon.colcon_core.package_identification:_identify(test_pkg) by extension 'ignore'
[0.213s] Level 1:colcon.colcon_core.package_identification:_identify(test_pkg) by extension 'ignore_ament_install'
[0.213s] Level 1:colcon.colcon_core.package_identification:_identify(test_pkg) by extensions ['colcon_pkg']
[0.213s] Level 1:colcon.colcon_core.package_identification:_identify(test_pkg) by extension 'colcon_pkg'
[0.213s] Level 1:colcon.colcon_core.package_identification:_identify(test_pkg) by extensions ['colcon_meta']
[0.214s] Level 1:colcon.colcon_core.package_identification:_identify(test_pkg) by extension 'colcon_meta'
[0.214s] Level 1:colcon.colcon_core.package_identification:_identify(test_pkg) by extensions ['ros']
[0.214s] Level 1:colcon.colcon_core.package_identification:_identify(test_pkg) by extension 'ros'
[0.215s] DEBUG:colcon.colcon_core.package_identification:Package 'test_pkg' with type 'ros.ament_cmake' and name 'test_pkg'
[0.215s] Level 1:colcon.colcon_core.package_discovery:discover_packages(recursive) using defaults
[0.215s] Level 1:colcon.colcon_core.package_discovery:discover_packages(ignore) discover
[0.215s] Level 1:colcon.colcon_core.package_discovery:discover_packages(ignore) using defaults
[0.215s] Level 1:colcon.colcon_core.package_discovery:discover_packages(path) discover
[0.216s] Level 1:colcon.colcon_core.package_discovery:discover_packages(path) using defaults
[0.230s] Level 1:colcon.colcon_core.package_discovery:discover_packages(prefix_path) check parameters
[0.230s] Level 1:colcon.colcon_core.package_discovery:discover_packages(prefix_path) discover
[0.232s] DEBUG:colcon.colcon_installed_package_information.package_discovery:Found 273 installed packages in /opt/ros/humble
[0.234s] Level 1:colcon.colcon_core.package_discovery:discover_packages(prefix_path) using defaults
[0.271s] Level 5:colcon.colcon_core.verb:set package 'test_pkg' build argument 'cmake_args' from command line to 'None'
[0.271s] Level 5:colcon.colcon_core.verb:set package 'test_pkg' build argument 'cmake_target' from command line to 'None'
[0.271s] Level 5:colcon.colcon_core.verb:set package 'test_pkg' build argument 'cmake_target_skip_unavailable' from command line to 'False'
[0.271s] Level 5:colcon.colcon_core.verb:set package 'test_pkg' build argument 'cmake_clean_cache' from command line to 'False'
[0.271s] Level 5:colcon.colcon_core.verb:set package 'test_pkg' build argument 'cmake_clean_first' from command line to 'False'
[0.271s] Level 5:colcon.colcon_core.verb:set package 'test_pkg' build argument 'cmake_force_configure' from command line to 'False'
[0.271s] Level 5:colcon.colcon_core.verb:set package 'test_pkg' build argument 'ament_cmake_args' from command line to 'None'
[0.271s] Level 5:colcon.colcon_core.verb:set package 'test_pkg' build argument 'catkin_cmake_args' from command line to 'None'
[0.271s] Level 5:colcon.colcon_core.verb:set package 'test_pkg' build argument 'catkin_skip_building_tests' from command line to 'False'
[0.271s] DEBUG:colcon.colcon_core.verb:Building package 'test_pkg' with the following arguments: {'ament_cmake_args': None, 'build_base': '/home/alex/workspace/ros2_project/auto_car/build/test_pkg', 'catkin_cmake_args': None, 'catkin_skip_building_tests': False, 'cmake_args': None, 'cmake_clean_cache': False, 'cmake_clean_first': False, 'cmake_force_configure': False, 'cmake_target': None, 'cmake_target_skip_unavailable': False, 'install_base': '/home/alex/workspace/ros2_project/auto_car/install/test_pkg', 'merge_install': False, 'path': '/home/alex/workspace/ros2_project/auto_car/test_pkg', 'symlink_install': False, 'test_result_base': None}
[0.271s] INFO:colcon.colcon_core.executor:Executing jobs using 'parallel' executor
[0.273s] DEBUG:colcon.colcon_parallel_executor.executor.parallel:run_until_complete
[0.273s] INFO:colcon.colcon_ros.task.ament_cmake.build:Building ROS package in '/home/alex/workspace/ros2_project/auto_car/test_pkg' with build type 'ament_cmake'
[0.273s] INFO:colcon.colcon_cmake.task.cmake.build:Building CMake package in '/home/alex/workspace/ros2_project/auto_car/test_pkg'
[0.276s] INFO:colcon.colcon_core.plugin_system:Skipping extension 'colcon_core.shell.bat': Not used on non-Windows systems
[0.276s] INFO:colcon.colcon_core.shell:Skip shell extension 'powershell' for command environment: Not usable outside of PowerShell
[0.276s] DEBUG:colcon.colcon_core.shell:Skip shell extension 'dsv' for command environment
[0.288s] DEBUG:colcon.colcon_core.event_handler.log_command:Invoking command in '/home/alex/workspace/ros2_project/auto_car/build/test_pkg': CMAKE_PREFIX_PATH=/opt/ros/humble /usr/bin/cmake /home/alex/workspace/ros2_project/auto_car/test_pkg -DCMAKE_INSTALL_PREFIX=/home/alex/workspace/ros2_project/auto_car/install/test_pkg
[0.677s] DEBUG:colcon.colcon_core.event_handler.log_command:Invoked command in '/home/alex/workspace/ros2_project/auto_car/build/test_pkg' returned '1': CMAKE_PREFIX_PATH=/opt/ros/humble /usr/bin/cmake /home/alex/workspace/ros2_project/auto_car/test_pkg -DCMAKE_INSTALL_PREFIX=/home/alex/workspace/ros2_project/auto_car/install/test_pkg
[0.691s] Level 1:colcon.colcon_core.environment:create_environment_scripts_only(test_pkg)
[0.693s] Level 1:colcon.colcon_core.environment:checking '/home/alex/workspace/ros2_project/auto_car/install/test_pkg' for CMake module files
[0.694s] Level 1:colcon.colcon_core.environment:checking '/home/alex/workspace/ros2_project/auto_car/install/test_pkg' for CMake config files
[0.694s] Level 1:colcon.colcon_core.environment:checking '/home/alex/workspace/ros2_project/auto_car/install/test_pkg/bin'
[0.694s] Level 1:colcon.colcon_core.environment:checking '/home/alex/workspace/ros2_project/auto_car/install/test_pkg/lib/pkgconfig/test_pkg.pc'
[0.694s] Level 1:colcon.colcon_core.environment:checking '/home/alex/workspace/ros2_project/auto_car/install/test_pkg/lib/python3.10/site-packages'
[0.695s] Level 1:colcon.colcon_core.environment:checking '/home/alex/workspace/ros2_project/auto_car/install/test_pkg/bin'
[0.695s] INFO:colcon.colcon_core.shell:Creating package script '/home/alex/workspace/ros2_project/auto_car/install/test_pkg/share/test_pkg/package.ps1'
[0.696s] INFO:colcon.colcon_core.shell:Creating package descriptor '/home/alex/workspace/ros2_project/auto_car/install/test_pkg/share/test_pkg/package.dsv'
[0.696s] INFO:colcon.colcon_core.shell:Creating package script '/home/alex/workspace/ros2_project/auto_car/install/test_pkg/share/test_pkg/package.sh'
[0.696s] INFO:colcon.colcon_core.shell:Creating package script '/home/alex/workspace/ros2_project/auto_car/install/test_pkg/share/test_pkg/package.bash'
[0.697s] INFO:colcon.colcon_core.shell:Creating package script '/home/alex/workspace/ros2_project/auto_car/install/test_pkg/share/test_pkg/package.zsh'
[0.698s] Level 1:colcon.colcon_core.environment:create_file_with_runtime_dependencies(/home/alex/workspace/ros2_project/auto_car/install/test_pkg/share/colcon-core/packages/test_pkg)
[0.708s] DEBUG:colcon.colcon_parallel_executor.executor.parallel:closing loop
[0.709s] DEBUG:colcon.colcon_parallel_executor.executor.parallel:loop closed
[0.709s] DEBUG:colcon.colcon_parallel_executor.executor.parallel:run_until_complete finished with '1'
[0.709s] DEBUG:colcon.colcon_core.event_reactor:joining thread
[0.709s] DEBUG:colcon.colcon_core.event_reactor:joined thread
[0.709s] INFO:colcon.colcon_core.shell:Creating prefix script '/home/alex/workspace/ros2_project/auto_car/install/local_setup.ps1'
[0.710s] INFO:colcon.colcon_core.shell:Creating prefix util module '/home/alex/workspace/ros2_project/auto_car/install/_local_setup_util_ps1.py'
[0.711s] INFO:colcon.colcon_core.shell:Creating prefix chain script '/home/alex/workspace/ros2_project/auto_car/install/setup.ps1'
[0.712s] INFO:colcon.colcon_core.shell:Creating prefix script '/home/alex/workspace/ros2_project/auto_car/install/local_setup.sh'
[0.712s] INFO:colcon.colcon_core.shell:Creating prefix util module '/home/alex/workspace/ros2_project/auto_car/install/_local_setup_util_sh.py'
[0.713s] INFO:colcon.colcon_core.shell:Creating prefix chain script '/home/alex/workspace/ros2_project/auto_car/install/setup.sh'
[0.714s] INFO:colcon.colcon_core.shell:Creating prefix script '/home/alex/workspace/ros2_project/auto_car/install/local_setup.bash'
[0.714s] INFO:colcon.colcon_core.shell:Creating prefix chain script '/home/alex/workspace/ros2_project/auto_car/install/setup.bash'
[0.715s] INFO:colcon.colcon_core.shell:Creating prefix script '/home/alex/workspace/ros2_project/auto_car/install/local_setup.zsh'
[0.715s] INFO:colcon.colcon_core.shell:Creating prefix chain script '/home/alex/workspace/ros2_project/auto_car/install/setup.zsh'
