[0.012s] Invoking command in '/home/alex/workspace/ros2_project/for_learn/my_custom_service_interface/build/my_custom_service_interface': /usr/bin/cmake /home/alex/workspace/ros2_project/for_learn/my_custom_service_interface -DCMAKE_INSTALL_PREFIX=/home/alex/workspace/ros2_project/for_learn/my_custom_service_interface/install/my_custom_service_interface
[0.021s] -- Found ament_cmake: 1.3.14 (/opt/ros/humble/share/ament_cmake/cmake)
[0.117s] -- Found ament_lint_auto: 0.12.15 (/opt/ros/humble/share/ament_lint_auto/cmake)
[0.156s] Error parsing '/home/alex/workspace/ros2_project/for_learn/my_custom_service_interface/package.xml':
[0.191s] Traceback (most recent call last):
[0.191s]   File "/opt/ros/humble/share/ament_cmake_core/cmake/core/package_xml_2_cmake.py", line 150, in <module>
[0.191s]     main()
[0.191s]   File "/opt/ros/humble/share/ament_cmake_core/cmake/core/package_xml_2_cmake.py", line 53, in main
[0.191s]     raise e
[0.191s]   File "/opt/ros/humble/share/ament_cmake_core/cmake/core/package_xml_2_cmake.py", line 49, in main
[0.192s]     package = parse_package_string(
[0.192s]   File "/usr/lib/python3/dist-packages/catkin_pkg/package.py", line 786, in parse_package_string
[0.192s]     raise InvalidPackage('Error(s):%s' % (''.join(['\n- %s' % e for e in errors])), filename)
[0.192s] catkin_pkg.package.InvalidPackage: Error(s) in package '/home/alex/workspace/ros2_project/for_learn/my_custom_service_interface/package.xml':
[0.192s] Error(s):
[0.192s] - The manifest of package "my_custom_service_interface" (with format version 3) must not contain the following tags: nav
[0.204s] [31mCMake Error at /opt/ros/humble/share/ament_cmake_core/cmake/core/ament_package_xml.cmake:95 (message):
[0.204s]   execute_process(/usr/bin/python3
[0.204s]   /opt/ros/humble/share/ament_cmake_core/cmake/core/package_xml_2_cmake.py
[0.204s]   /home/alex/workspace/ros2_project/for_learn/my_custom_service_interface/package.xml
[0.204s]   /home/alex/workspace/ros2_project/for_learn/my_custom_service_interface/build/my_custom_service_interface/ament_cmake_core/package.cmake)
[0.204s]   returned error code 1
[0.204s] Call Stack (most recent call first):
[0.204s]   /opt/ros/humble/share/ament_cmake_core/cmake/core/ament_package_xml.cmake:49 (_ament_package_xml)
[0.204s]   /opt/ros/humble/share/ament_lint_auto/cmake/ament_lint_auto_find_test_dependencies.cmake:31 (ament_package_xml)
[0.204s]   CMakeLists.txt:23 (ament_lint_auto_find_test_dependencies)
[0.205s] 
[0.205s] [0m
[0.205s] -- Configuring incomplete, errors occurred!
[0.205s] See also "/home/alex/workspace/ros2_project/for_learn/my_custom_service_interface/build/my_custom_service_interface/CMakeFiles/CMakeOutput.log".
[0.207s] Invoked command in '/home/alex/workspace/ros2_project/for_learn/my_custom_service_interface/build/my_custom_service_interface' returned '1': /usr/bin/cmake /home/alex/workspace/ros2_project/for_learn/my_custom_service_interface -DCMAKE_INSTALL_PREFIX=/home/alex/workspace/ros2_project/for_learn/my_custom_service_interface/install/my_custom_service_interface
