-- The C compiler identification is GNU 11.4.0
-- The CXX compiler identification is GNU 11.4.0
-- Detecting C compiler ABI info
-- Detecting C compiler ABI info - done
-- Check for working C compiler: /usr/bin/cc - skipped
-- Detecting C compile features
-- Detecting C compile features - done
-- Detecting CXX compiler ABI info
-- Detecting CXX compiler ABI info - done
-- Check for working CXX compiler: /usr/bin/c++ - skipped
-- Detecting CXX compile features
-- Detecting CXX compile features - done
-- Found ament_cmake: 1.3.14 (/opt/ros/humble/share/ament_cmake/cmake)
-- Found Python3: /usr/bin/python3 (found version "3.10.12") found components: Interpreter 
-- Found ament_lint_auto: 0.12.15 (/opt/ros/humble/share/ament_lint_auto/cmake)
-- Found rosidl_default_generators: 1.2.1 (/opt/ros/humble/share/rosidl_default_generators/cmake)
-- Using all available rosidl_typesupport_c: rosidl_typesupport_fastrtps_c;rosidl_typesupport_introspection_c
-- Found rosidl_adapter: 3.1.8 (/opt/ros/humble/share/rosidl_adapter/cmake)
-- Using all available rosidl_typesupport_cpp: rosidl_typesupport_fastrtps_cpp;rosidl_typesupport_introspection_cpp
-- Found ament_cmake_ros: 0.10.0 (/opt/ros/humble/share/ament_cmake_ros/cmake)
-- Using all available rosidl_typesupport_c: rosidl_typesupport_fastrtps_c;rosidl_typesupport_introspection_c
-- Using all available rosidl_typesupport_cpp: rosidl_typesupport_fastrtps_cpp;rosidl_typesupport_introspection_cpp
-- Found PythonInterp: /usr/bin/python3 (found suitable version "3.10.12", minimum required is "3.6") 
-- Found python_cmake_module: 0.10.0 (/opt/ros/humble/share/python_cmake_module/cmake)
-- Found PythonLibs: /usr/lib/x86_64-linux-gnu/libpython3.10.so (found suitable version "3.10.12", minimum required is "3.5") 
-- Using PYTHON_EXECUTABLE: /usr/bin/python3
-- Using PYTHON_INCLUDE_DIRS: /usr/include/python3.10
-- Using PYTHON_LIBRARIES: /usr/lib/x86_64-linux-gnu/libpython3.10.so
-- Found PythonExtra: .so  
[31mCMake Error at CMakeLists.txt:34 (install):
  install TARGETS given target "calculator_server" which does not exist.

[0m
-- Added test 'cppcheck' to perform static code analysis on C / C++ code
-- Configured cppcheck include dirs: $<BUILD_INTERFACE:/home/alex/workspace/ros2_project/auto_car/my_custom_interfaces/build/my_custom_interfaces/rosidl_generator_c>;$<BUILD_INTERFACE:/home/alex/workspace/ros2_project/auto_car/my_custom_interfaces/build/my_custom_interfaces/rosidl_typesupport_fastrtps_c>;$<BUILD_INTERFACE:/home/alex/workspace/ros2_project/auto_car/my_custom_interfaces/build/my_custom_interfaces/rosidl_typesupport_introspection_c>;$<BUILD_INTERFACE:/home/alex/workspace/ros2_project/auto_car/my_custom_interfaces/build/my_custom_interfaces/rosidl_generator_cpp>;$<BUILD_INTERFACE:/home/alex/workspace/ros2_project/auto_car/my_custom_interfaces/build/my_custom_interfaces/rosidl_typesupport_fastrtps_cpp>;$<BUILD_INTERFACE:/home/alex/workspace/ros2_project/auto_car/my_custom_interfaces/build/my_custom_interfaces/rosidl_typesupport_introspection_cpp>;/home/alex/workspace/ros2_project/auto_car/my_custom_interfaces/build/my_custom_interfaces/rosidl_generator_c;/home/alex/workspace/ros2_project/auto_car/my_custom_interfaces/build/my_custom_interfaces/rosidl_generator_py
-- Configured cppcheck exclude dirs and/or files: 
-- Added test 'flake8' to check Python code syntax and style conventions
-- Added test 'lint_cmake' to check CMake code style
-- Added test 'pep257' to check Python code against some of the docstring style conventions in PEP 257
-- Added test 'uncrustify' to check C / C++ code style
-- Configured uncrustify additional arguments: 
-- Added test 'xmllint' to check XML markup files
-- Configuring incomplete, errors occurred!
See also "/home/alex/workspace/ros2_project/auto_car/my_custom_interfaces/build/my_custom_interfaces/CMakeFiles/CMakeOutput.log".
