[0.008s] Invoking command in '/home/alex/workspace/ros2_project/auto_car/my_custom_interfaces/build/my_custom_interfaces': CMAKE_PREFIX_PATH=/opt/ros/humble /usr/bin/cmake /home/alex/workspace/ros2_project/auto_car/my_custom_interfaces -DCMAKE_INSTALL_PREFIX=/home/alex/workspace/ros2_project/auto_car/my_custom_interfaces/install/my_custom_interfaces
[0.058s] -- The C compiler identification is GNU 11.4.0
[0.107s] -- The CXX compiler identification is GNU 11.4.0
[0.115s] -- Detecting C compiler ABI info
[0.183s] -- Detecting C compiler ABI info - done
[0.188s] -- Check for working C compiler: /usr/bin/cc - skipped
[0.188s] -- Detecting C compile features
[0.188s] -- Detecting C compile features - done
[0.191s] -- Detecting CXX compiler ABI info
[0.271s] -- Detecting CXX compiler ABI info - done
[0.277s] -- Check for working CXX compiler: /usr/bin/c++ - skipped
[0.277s] -- Detecting CXX compile features
[0.277s] -- Detecting CXX compile features - done
[0.279s] -- Found ament_cmake: 1.3.14 (/opt/ros/humble/share/ament_cmake/cmake)
[0.401s] -- Found Python3: /usr/bin/python3 (found version "3.10.12") found components: Interpreter 
[0.502s] -- Found ament_lint_auto: 0.12.15 (/opt/ros/humble/share/ament_lint_auto/cmake)
[0.572s] -- Found rosidl_default_generators: 1.2.1 (/opt/ros/humble/share/rosidl_default_generators/cmake)
[0.574s] -- Using all available rosidl_typesupport_c: rosidl_typesupport_fastrtps_c;rosidl_typesupport_introspection_c
[0.579s] -- Found rosidl_adapter: 3.1.8 (/opt/ros/humble/share/rosidl_adapter/cmake)
[0.614s] -- Using all available rosidl_typesupport_cpp: rosidl_typesupport_fastrtps_cpp;rosidl_typesupport_introspection_cpp
[0.791s] -- Found ament_cmake_ros: 0.10.0 (/opt/ros/humble/share/ament_cmake_ros/cmake)
[0.936s] -- Using all available rosidl_typesupport_c: rosidl_typesupport_fastrtps_c;rosidl_typesupport_introspection_c
[1.123s] -- Using all available rosidl_typesupport_cpp: rosidl_typesupport_fastrtps_cpp;rosidl_typesupport_introspection_cpp
[1.141s] -- Found PythonInterp: /usr/bin/python3 (found suitable version "3.10.12", minimum required is "3.6") 
[1.142s] -- Found python_cmake_module: 0.10.0 (/opt/ros/humble/share/python_cmake_module/cmake)
[1.166s] -- Found PythonLibs: /usr/lib/x86_64-linux-gnu/libpython3.10.so (found suitable version "3.10.12", minimum required is "3.5") 
[1.166s] -- Using PYTHON_EXECUTABLE: /usr/bin/python3
[1.166s] -- Using PYTHON_INCLUDE_DIRS: /usr/include/python3.10
[1.167s] -- Using PYTHON_LIBRARIES: /usr/lib/x86_64-linux-gnu/libpython3.10.so
[1.184s] -- Found PythonExtra: .so  
[1.260s] [31mCMake Error at CMakeLists.txt:34 (install):
[1.260s]   install TARGETS given target "calculator_server" which does not exist.
[1.260s] 
[1.260s] [0m
[1.274s] -- Added test 'cppcheck' to perform static code analysis on C / C++ code
[1.275s] -- Configured cppcheck include dirs: $<BUILD_INTERFACE:/home/alex/workspace/ros2_project/auto_car/my_custom_interfaces/build/my_custom_interfaces/rosidl_generator_c>;$<BUILD_INTERFACE:/home/alex/workspace/ros2_project/auto_car/my_custom_interfaces/build/my_custom_interfaces/rosidl_typesupport_fastrtps_c>;$<BUILD_INTERFACE:/home/alex/workspace/ros2_project/auto_car/my_custom_interfaces/build/my_custom_interfaces/rosidl_typesupport_introspection_c>;$<BUILD_INTERFACE:/home/alex/workspace/ros2_project/auto_car/my_custom_interfaces/build/my_custom_interfaces/rosidl_generator_cpp>;$<BUILD_INTERFACE:/home/alex/workspace/ros2_project/auto_car/my_custom_interfaces/build/my_custom_interfaces/rosidl_typesupport_fastrtps_cpp>;$<BUILD_INTERFACE:/home/alex/workspace/ros2_project/auto_car/my_custom_interfaces/build/my_custom_interfaces/rosidl_typesupport_introspection_cpp>;/home/alex/workspace/ros2_project/auto_car/my_custom_interfaces/build/my_custom_interfaces/rosidl_generator_c;/home/alex/workspace/ros2_project/auto_car/my_custom_interfaces/build/my_custom_interfaces/rosidl_generator_py
[1.275s] -- Configured cppcheck exclude dirs and/or files: 
[1.277s] -- Added test 'flake8' to check Python code syntax and style conventions
[1.280s] -- Added test 'lint_cmake' to check CMake code style
[1.282s] -- Added test 'pep257' to check Python code against some of the docstring style conventions in PEP 257
[1.292s] -- Added test 'uncrustify' to check C / C++ code style
[1.292s] -- Configured uncrustify additional arguments: 
[1.294s] -- Added test 'xmllint' to check XML markup files
[1.304s] -- Configuring incomplete, errors occurred!
[1.304s] See also "/home/alex/workspace/ros2_project/auto_car/my_custom_interfaces/build/my_custom_interfaces/CMakeFiles/CMakeOutput.log".
[1.311s] Invoked command in '/home/alex/workspace/ros2_project/auto_car/my_custom_interfaces/build/my_custom_interfaces' returned '1': CMAKE_PREFIX_PATH=/opt/ros/humble /usr/bin/cmake /home/alex/workspace/ros2_project/auto_car/my_custom_interfaces -DCMAKE_INSTALL_PREFIX=/home/alex/workspace/ros2_project/auto_car/my_custom_interfaces/install/my_custom_interfaces
