-- Found ament_cmake: 1.3.14 (/opt/ros/humble/share/ament_cmake/cmake)
-- Found ament_lint_auto: 0.12.15 (/opt/ros/humble/share/ament_lint_auto/cmake)
-- Found rosidl_default_generators: 1.2.1 (/opt/ros/humble/share/rosidl_default_generators/cmake)
-- Using all available rosidl_typesupport_c: rosidl_typesupport_fastrtps_c;rosidl_typesupport_introspection_c
-- Found rosidl_adapter: 3.1.8 (/opt/ros/humble/share/rosidl_adapter/cmake)
-- Using all available rosidl_typesupport_cpp: rosidl_typesupport_fastrtps_cpp;rosidl_typesupport_introspection_cpp
-- Found ament_cmake_ros: 0.10.0 (/opt/ros/humble/share/ament_cmake_ros/cmake)
-- Using all available rosidl_typesupport_c: rosidl_typesupport_fastrtps_c;rosidl_typesupport_introspection_c
-- Using all available rosidl_typesupport_cpp: rosidl_typesupport_fastrtps_cpp;rosidl_typesupport_introspection_cpp
-- Found python_cmake_module: 0.10.0 (/opt/ros/humble/share/python_cmake_module/cmake)
-- Using PYTHON_EXECUTABLE: /usr/bin/python3
-- Using PYTHON_INCLUDE_DIRS: /usr/include/python3.10
-- Using PYTHON_LIBRARIES: /usr/lib/x86_64-linux-gnu/libpython3.10.so
-- Added test 'cppcheck' to perform static code analysis on C / C++ code
-- Configured cppcheck include dirs: $<BUILD_INTERFACE:/home/alex/workspace/ros2_project/auto_car/my_custom_interfaces/build/my_custom_interfaces/rosidl_generator_c>;$<BUILD_INTERFACE:/home/alex/workspace/ros2_project/auto_car/my_custom_interfaces/build/my_custom_interfaces/rosidl_typesupport_fastrtps_c>;$<BUILD_INTERFACE:/home/alex/workspace/ros2_project/auto_car/my_custom_interfaces/build/my_custom_interfaces/rosidl_typesupport_introspection_c>;$<BUILD_INTERFACE:/home/alex/workspace/ros2_project/auto_car/my_custom_interfaces/build/my_custom_interfaces/rosidl_generator_cpp>;$<BUILD_INTERFACE:/home/alex/workspace/ros2_project/auto_car/my_custom_interfaces/build/my_custom_interfaces/rosidl_typesupport_fastrtps_cpp>;$<BUILD_INTERFACE:/home/alex/workspace/ros2_project/auto_car/my_custom_interfaces/build/my_custom_interfaces/rosidl_typesupport_introspection_cpp>;/home/alex/workspace/ros2_project/auto_car/my_custom_interfaces/build/my_custom_interfaces/rosidl_generator_c;/home/alex/workspace/ros2_project/auto_car/my_custom_interfaces/build/my_custom_interfaces/rosidl_generator_py
-- Configured cppcheck exclude dirs and/or files: 
-- Added test 'flake8' to check Python code syntax and style conventions
-- Added test 'lint_cmake' to check CMake code style
-- Added test 'pep257' to check Python code against some of the docstring style conventions in PEP 257
-- Added test 'uncrustify' to check C / C++ code style
-- Configured uncrustify additional arguments: 
-- Added test 'xmllint' to check XML markup files
-- Configuring done
-- Generating done
-- Build files have been written to: /home/alex/workspace/ros2_project/auto_car/my_custom_interfaces/build/my_custom_interfaces
[  3%] [34m[1mGenerating C code for ROS interfaces[0m
[  9%] [34m[1mGenerating Rust code for ROS interfaces[0m
[  9%] [34m[1mGenerating C++ code for ROS interfaces[0m
[  9%] Built target ament_cmake_python_copy_my_custom_interfaces
[  9%] Built target my_custom_interfaces__rs
[  9%] Built target my_custom_interfaces__cpp
running egg_info
creating my_custom_interfaces.egg-info
writing my_custom_interfaces.egg-info/PKG-INFO
writing dependency_links to my_custom_interfaces.egg-info/dependency_links.txt
writing top-level names to my_custom_interfaces.egg-info/top_level.txt
writing manifest file 'my_custom_interfaces.egg-info/SOURCES.txt'
reading manifest file 'my_custom_interfaces.egg-info/SOURCES.txt'
writing manifest file 'my_custom_interfaces.egg-info/SOURCES.txt'
[ 18%] [34m[1mGenerating C++ introspection for ROS interfaces[0m
[ 18%] [34m[1mGenerating C++ type support for eProsima Fast-RTPS[0m
[ 18%] [34m[1mGenerating C++ type support dispatch for ROS interfaces[0m
[ 21%] [32mBuilding C object CMakeFiles/my_custom_interfaces__rosidl_generator_c.dir/rosidl_generator_c/my_custom_interfaces/srv/detail/calculator__functions.c.o[0m
[ 21%] Built target ament_cmake_python_build_my_custom_interfaces_egg
[ 25%] [32m[1mLinking C shared library libmy_custom_interfaces__rosidl_generator_c.so[0m
[ 25%] Built target my_custom_interfaces__rosidl_generator_c
[ 31%] [34m[1mGenerating C type support dispatch for ROS interfaces[0m
[ 31%] [34m[1mGenerating C type support for eProsima Fast-RTPS[0m
[ 34%] [34m[1mGenerating C introspection for ROS interfaces[0m
[ 37%] [32mBuilding CXX object CMakeFiles/my_custom_interfaces__rosidl_typesupport_cpp.dir/rosidl_typesupport_cpp/my_custom_interfaces/srv/calculator__type_support.cpp.o[0m
[ 40%] [32mBuilding CXX object CMakeFiles/my_custom_interfaces__rosidl_typesupport_introspection_cpp.dir/rosidl_typesupport_introspection_cpp/my_custom_interfaces/srv/detail/calculator__type_support.cpp.o[0m
[ 43%] [32mBuilding CXX object CMakeFiles/my_custom_interfaces__rosidl_typesupport_fastrtps_cpp.dir/rosidl_typesupport_fastrtps_cpp/my_custom_interfaces/srv/detail/dds_fastrtps/calculator__type_support.cpp.o[0m
[ 46%] [32mBuilding CXX object CMakeFiles/my_custom_interfaces__rosidl_typesupport_c.dir/rosidl_typesupport_c/my_custom_interfaces/srv/calculator__type_support.cpp.o[0m
[ 50%] [32mBuilding CXX object CMakeFiles/my_custom_interfaces__rosidl_typesupport_fastrtps_c.dir/rosidl_typesupport_fastrtps_c/my_custom_interfaces/srv/detail/calculator__type_support_c.cpp.o[0m
[ 53%] [32m[1mLinking CXX shared library libmy_custom_interfaces__rosidl_typesupport_c.so[0m
[ 56%] [32mBuilding C object CMakeFiles/my_custom_interfaces__rosidl_typesupport_introspection_c.dir/rosidl_typesupport_introspection_c/my_custom_interfaces/srv/detail/calculator__type_support.c.o[0m
[ 56%] Built target my_custom_interfaces__rosidl_typesupport_c
[ 59%] [32m[1mLinking C shared library libmy_custom_interfaces__rosidl_typesupport_introspection_c.so[0m
[ 59%] Built target my_custom_interfaces__rosidl_typesupport_introspection_c
[ 62%] [32m[1mLinking CXX shared library libmy_custom_interfaces__rosidl_typesupport_cpp.so[0m
[ 62%] Built target my_custom_interfaces__rosidl_typesupport_cpp
[ 65%] [32m[1mLinking CXX shared library libmy_custom_interfaces__rosidl_typesupport_introspection_cpp.so[0m
[ 68%] [32m[1mLinking CXX shared library libmy_custom_interfaces__rosidl_typesupport_fastrtps_cpp.so[0m
[ 68%] Built target my_custom_interfaces__rosidl_typesupport_introspection_cpp
[ 68%] Built target my_custom_interfaces__rosidl_typesupport_fastrtps_cpp
[ 71%] [32m[1mLinking CXX shared library libmy_custom_interfaces__rosidl_typesupport_fastrtps_c.so[0m
[ 71%] Built target my_custom_interfaces__rosidl_typesupport_fastrtps_c
[ 71%] Built target my_custom_interfaces
[ 75%] [34m[1mGenerating Python code for ROS interfaces[0m
[ 75%] Built target my_custom_interfaces__py
[ 78%] [32mBuilding C object CMakeFiles/my_custom_interfaces__rosidl_generator_py.dir/rosidl_generator_py/my_custom_interfaces/srv/_calculator_s.c.o[0m
[ 81%] [32m[1mLinking C shared library rosidl_generator_py/my_custom_interfaces/libmy_custom_interfaces__rosidl_generator_py.so[0m
[ 81%] Built target my_custom_interfaces__rosidl_generator_py
[ 90%] [32mBuilding C object CMakeFiles/my_custom_interfaces__rosidl_typesupport_fastrtps_c__pyext.dir/rosidl_generator_py/my_custom_interfaces/_my_custom_interfaces_s.ep.rosidl_typesupport_fastrtps_c.c.o[0m
[ 90%] [32mBuilding C object CMakeFiles/my_custom_interfaces__rosidl_typesupport_introspection_c__pyext.dir/rosidl_generator_py/my_custom_interfaces/_my_custom_interfaces_s.ep.rosidl_typesupport_introspection_c.c.o[0m
[ 90%] [32mBuilding C object CMakeFiles/my_custom_interfaces__rosidl_typesupport_c__pyext.dir/rosidl_generator_py/my_custom_interfaces/_my_custom_interfaces_s.ep.rosidl_typesupport_c.c.o[0m
[ 96%] [32m[1mLinking C shared library rosidl_generator_py/my_custom_interfaces/my_custom_interfaces_s__rosidl_typesupport_c.cpython-310-x86_64-linux-gnu.so[0m
[ 96%] [32m[1mLinking C shared library rosidl_generator_py/my_custom_interfaces/my_custom_interfaces_s__rosidl_typesupport_introspection_c.cpython-310-x86_64-linux-gnu.so[0m
[100%] [32m[1mLinking C shared library rosidl_generator_py/my_custom_interfaces/my_custom_interfaces_s__rosidl_typesupport_fastrtps_c.cpython-310-x86_64-linux-gnu.so[0m
[100%] Built target my_custom_interfaces__rosidl_typesupport_introspection_c__pyext
[100%] Built target my_custom_interfaces__rosidl_typesupport_c__pyext
[100%] Built target my_custom_interfaces__rosidl_typesupport_fastrtps_c__pyext
-- Install configuration: ""
-- Installing: /home/alex/workspace/ros2_project/auto_car/my_custom_interfaces/install/my_custom_interfaces/share/ament_index/resource_index/rosidl_interfaces/my_custom_interfaces
-- Installing: /home/alex/workspace/ros2_project/auto_car/my_custom_interfaces/install/my_custom_interfaces/include/my_custom_interfaces/my_custom_interfaces
-- Installing: /home/alex/workspace/ros2_project/auto_car/my_custom_interfaces/install/my_custom_interfaces/include/my_custom_interfaces/my_custom_interfaces/srv
-- Installing: /home/alex/workspace/ros2_project/auto_car/my_custom_interfaces/install/my_custom_interfaces/include/my_custom_interfaces/my_custom_interfaces/srv/detail
-- Installing: /home/alex/workspace/ros2_project/auto_car/my_custom_interfaces/install/my_custom_interfaces/include/my_custom_interfaces/my_custom_interfaces/srv/detail/calculator__functions.c
-- Installing: /home/alex/workspace/ros2_project/auto_car/my_custom_interfaces/install/my_custom_interfaces/include/my_custom_interfaces/my_custom_interfaces/srv/detail/calculator__struct.h
-- Installing: /home/alex/workspace/ros2_project/auto_car/my_custom_interfaces/install/my_custom_interfaces/include/my_custom_interfaces/my_custom_interfaces/srv/detail/calculator__type_support.h
-- Installing: /home/alex/workspace/ros2_project/auto_car/my_custom_interfaces/install/my_custom_interfaces/include/my_custom_interfaces/my_custom_interfaces/srv/detail/calculator__functions.h
-- Installing: /home/alex/workspace/ros2_project/auto_car/my_custom_interfaces/install/my_custom_interfaces/include/my_custom_interfaces/my_custom_interfaces/srv/calculator.h
-- Installing: /home/alex/workspace/ros2_project/auto_car/my_custom_interfaces/install/my_custom_interfaces/include/my_custom_interfaces/my_custom_interfaces/msg
-- Installing: /home/alex/workspace/ros2_project/auto_car/my_custom_interfaces/install/my_custom_interfaces/include/my_custom_interfaces/my_custom_interfaces/msg/rosidl_generator_c__visibility_control.h
-- Installing: /home/alex/workspace/ros2_project/auto_car/my_custom_interfaces/install/my_custom_interfaces/share/my_custom_interfaces/environment/library_path.sh
-- Installing: /home/alex/workspace/ros2_project/auto_car/my_custom_interfaces/install/my_custom_interfaces/share/my_custom_interfaces/environment/library_path.dsv
-- Installing: /home/alex/workspace/ros2_project/auto_car/my_custom_interfaces/install/my_custom_interfaces/lib/libmy_custom_interfaces__rosidl_generator_c.so
-- Set runtime path of "/home/alex/workspace/ros2_project/auto_car/my_custom_interfaces/install/my_custom_interfaces/lib/libmy_custom_interfaces__rosidl_generator_c.so" to ""
-- Up-to-date: /home/alex/workspace/ros2_project/auto_car/my_custom_interfaces/install/my_custom_interfaces/include/my_custom_interfaces/my_custom_interfaces
-- Up-to-date: /home/alex/workspace/ros2_project/auto_car/my_custom_interfaces/install/my_custom_interfaces/include/my_custom_interfaces/my_custom_interfaces/srv
-- Up-to-date: /home/alex/workspace/ros2_project/auto_car/my_custom_interfaces/install/my_custom_interfaces/include/my_custom_interfaces/my_custom_interfaces/srv/detail
-- Installing: /home/alex/workspace/ros2_project/auto_car/my_custom_interfaces/install/my_custom_interfaces/include/my_custom_interfaces/my_custom_interfaces/srv/detail/calculator__rosidl_typesupport_fastrtps_c.h
-- Up-to-date: /home/alex/workspace/ros2_project/auto_car/my_custom_interfaces/install/my_custom_interfaces/include/my_custom_interfaces/my_custom_interfaces/msg
-- Installing: /home/alex/workspace/ros2_project/auto_car/my_custom_interfaces/install/my_custom_interfaces/include/my_custom_interfaces/my_custom_interfaces/msg/rosidl_typesupport_fastrtps_c__visibility_control.h
-- Installing: /home/alex/workspace/ros2_project/auto_car/my_custom_interfaces/install/my_custom_interfaces/lib/libmy_custom_interfaces__rosidl_typesupport_fastrtps_c.so
-- Set runtime path of "/home/alex/workspace/ros2_project/auto_car/my_custom_interfaces/install/my_custom_interfaces/lib/libmy_custom_interfaces__rosidl_typesupport_fastrtps_c.so" to ""
-- Up-to-date: /home/alex/workspace/ros2_project/auto_car/my_custom_interfaces/install/my_custom_interfaces/include/my_custom_interfaces/my_custom_interfaces
-- Up-to-date: /home/alex/workspace/ros2_project/auto_car/my_custom_interfaces/install/my_custom_interfaces/include/my_custom_interfaces/my_custom_interfaces/srv
-- Up-to-date: /home/alex/workspace/ros2_project/auto_car/my_custom_interfaces/install/my_custom_interfaces/include/my_custom_interfaces/my_custom_interfaces/srv/detail
-- Installing: /home/alex/workspace/ros2_project/auto_car/my_custom_interfaces/install/my_custom_interfaces/include/my_custom_interfaces/my_custom_interfaces/srv/detail/calculator__rosidl_typesupport_introspection_c.h
-- Installing: /home/alex/workspace/ros2_project/auto_car/my_custom_interfaces/install/my_custom_interfaces/include/my_custom_interfaces/my_custom_interfaces/srv/detail/calculator__type_support.c
-- Up-to-date: /home/alex/workspace/ros2_project/auto_car/my_custom_interfaces/install/my_custom_interfaces/include/my_custom_interfaces/my_custom_interfaces/msg
-- Installing: /home/alex/workspace/ros2_project/auto_car/my_custom_interfaces/install/my_custom_interfaces/include/my_custom_interfaces/my_custom_interfaces/msg/rosidl_typesupport_introspection_c__visibility_control.h
-- Installing: /home/alex/workspace/ros2_project/auto_car/my_custom_interfaces/install/my_custom_interfaces/lib/libmy_custom_interfaces__rosidl_typesupport_introspection_c.so
-- Set runtime path of "/home/alex/workspace/ros2_project/auto_car/my_custom_interfaces/install/my_custom_interfaces/lib/libmy_custom_interfaces__rosidl_typesupport_introspection_c.so" to ""
-- Installing: /home/alex/workspace/ros2_project/auto_car/my_custom_interfaces/install/my_custom_interfaces/lib/libmy_custom_interfaces__rosidl_typesupport_c.so
-- Set runtime path of "/home/alex/workspace/ros2_project/auto_car/my_custom_interfaces/install/my_custom_interfaces/lib/libmy_custom_interfaces__rosidl_typesupport_c.so" to ""
-- Up-to-date: /home/alex/workspace/ros2_project/auto_car/my_custom_interfaces/install/my_custom_interfaces/include/my_custom_interfaces/my_custom_interfaces
-- Up-to-date: /home/alex/workspace/ros2_project/auto_car/my_custom_interfaces/install/my_custom_interfaces/include/my_custom_interfaces/my_custom_interfaces/srv
-- Installing: /home/alex/workspace/ros2_project/auto_car/my_custom_interfaces/install/my_custom_interfaces/include/my_custom_interfaces/my_custom_interfaces/srv/calculator.hpp
-- Up-to-date: /home/alex/workspace/ros2_project/auto_car/my_custom_interfaces/install/my_custom_interfaces/include/my_custom_interfaces/my_custom_interfaces/srv/detail
-- Installing: /home/alex/workspace/ros2_project/auto_car/my_custom_interfaces/install/my_custom_interfaces/include/my_custom_interfaces/my_custom_interfaces/srv/detail/calculator__type_support.hpp
-- Installing: /home/alex/workspace/ros2_project/auto_car/my_custom_interfaces/install/my_custom_interfaces/include/my_custom_interfaces/my_custom_interfaces/srv/detail/calculator__traits.hpp
-- Installing: /home/alex/workspace/ros2_project/auto_car/my_custom_interfaces/install/my_custom_interfaces/include/my_custom_interfaces/my_custom_interfaces/srv/detail/calculator__builder.hpp
-- Installing: /home/alex/workspace/ros2_project/auto_car/my_custom_interfaces/install/my_custom_interfaces/include/my_custom_interfaces/my_custom_interfaces/srv/detail/calculator__struct.hpp
-- Up-to-date: /home/alex/workspace/ros2_project/auto_car/my_custom_interfaces/install/my_custom_interfaces/include/my_custom_interfaces/my_custom_interfaces/msg
-- Installing: /home/alex/workspace/ros2_project/auto_car/my_custom_interfaces/install/my_custom_interfaces/include/my_custom_interfaces/my_custom_interfaces/msg/rosidl_generator_cpp__visibility_control.hpp
-- Up-to-date: /home/alex/workspace/ros2_project/auto_car/my_custom_interfaces/install/my_custom_interfaces/include/my_custom_interfaces/my_custom_interfaces
-- Up-to-date: /home/alex/workspace/ros2_project/auto_car/my_custom_interfaces/install/my_custom_interfaces/include/my_custom_interfaces/my_custom_interfaces/srv
-- Up-to-date: /home/alex/workspace/ros2_project/auto_car/my_custom_interfaces/install/my_custom_interfaces/include/my_custom_interfaces/my_custom_interfaces/srv/detail
-- Installing: /home/alex/workspace/ros2_project/auto_car/my_custom_interfaces/install/my_custom_interfaces/include/my_custom_interfaces/my_custom_interfaces/srv/detail/dds_fastrtps
-- Installing: /home/alex/workspace/ros2_project/auto_car/my_custom_interfaces/install/my_custom_interfaces/include/my_custom_interfaces/my_custom_interfaces/srv/detail/calculator__rosidl_typesupport_fastrtps_cpp.hpp
-- Up-to-date: /home/alex/workspace/ros2_project/auto_car/my_custom_interfaces/install/my_custom_interfaces/include/my_custom_interfaces/my_custom_interfaces/msg
-- Installing: /home/alex/workspace/ros2_project/auto_car/my_custom_interfaces/install/my_custom_interfaces/include/my_custom_interfaces/my_custom_interfaces/msg/rosidl_typesupport_fastrtps_cpp__visibility_control.h
-- Installing: /home/alex/workspace/ros2_project/auto_car/my_custom_interfaces/install/my_custom_interfaces/lib/libmy_custom_interfaces__rosidl_typesupport_fastrtps_cpp.so
-- Set runtime path of "/home/alex/workspace/ros2_project/auto_car/my_custom_interfaces/install/my_custom_interfaces/lib/libmy_custom_interfaces__rosidl_typesupport_fastrtps_cpp.so" to ""
-- Up-to-date: /home/alex/workspace/ros2_project/auto_car/my_custom_interfaces/install/my_custom_interfaces/include/my_custom_interfaces/my_custom_interfaces
-- Up-to-date: /home/alex/workspace/ros2_project/auto_car/my_custom_interfaces/install/my_custom_interfaces/include/my_custom_interfaces/my_custom_interfaces/srv
-- Up-to-date: /home/alex/workspace/ros2_project/auto_car/my_custom_interfaces/install/my_custom_interfaces/include/my_custom_interfaces/my_custom_interfaces/srv/detail
-- Installing: /home/alex/workspace/ros2_project/auto_car/my_custom_interfaces/install/my_custom_interfaces/include/my_custom_interfaces/my_custom_interfaces/srv/detail/calculator__type_support.cpp
-- Installing: /home/alex/workspace/ros2_project/auto_car/my_custom_interfaces/install/my_custom_interfaces/include/my_custom_interfaces/my_custom_interfaces/srv/detail/calculator__rosidl_typesupport_introspection_cpp.hpp
-- Installing: /home/alex/workspace/ros2_project/auto_car/my_custom_interfaces/install/my_custom_interfaces/lib/libmy_custom_interfaces__rosidl_typesupport_introspection_cpp.so
-- Set runtime path of "/home/alex/workspace/ros2_project/auto_car/my_custom_interfaces/install/my_custom_interfaces/lib/libmy_custom_interfaces__rosidl_typesupport_introspection_cpp.so" to ""
-- Installing: /home/alex/workspace/ros2_project/auto_car/my_custom_interfaces/install/my_custom_interfaces/lib/libmy_custom_interfaces__rosidl_typesupport_cpp.so
-- Set runtime path of "/home/alex/workspace/ros2_project/auto_car/my_custom_interfaces/install/my_custom_interfaces/lib/libmy_custom_interfaces__rosidl_typesupport_cpp.so" to ""
-- Installing: /home/alex/workspace/ros2_project/auto_car/my_custom_interfaces/install/my_custom_interfaces/share/my_custom_interfaces/environment/pythonpath.sh
-- Installing: /home/alex/workspace/ros2_project/auto_car/my_custom_interfaces/install/my_custom_interfaces/share/my_custom_interfaces/environment/pythonpath.dsv
-- Installing: /home/alex/workspace/ros2_project/auto_car/my_custom_interfaces/install/my_custom_interfaces/local/lib/python3.10/dist-packages/my_custom_interfaces-0.0.0-py3.10.egg-info
-- Installing: /home/alex/workspace/ros2_project/auto_car/my_custom_interfaces/install/my_custom_interfaces/local/lib/python3.10/dist-packages/my_custom_interfaces-0.0.0-py3.10.egg-info/dependency_links.txt
-- Installing: /home/alex/workspace/ros2_project/auto_car/my_custom_interfaces/install/my_custom_interfaces/local/lib/python3.10/dist-packages/my_custom_interfaces-0.0.0-py3.10.egg-info/top_level.txt
-- Installing: /home/alex/workspace/ros2_project/auto_car/my_custom_interfaces/install/my_custom_interfaces/local/lib/python3.10/dist-packages/my_custom_interfaces-0.0.0-py3.10.egg-info/PKG-INFO
-- Installing: /home/alex/workspace/ros2_project/auto_car/my_custom_interfaces/install/my_custom_interfaces/local/lib/python3.10/dist-packages/my_custom_interfaces-0.0.0-py3.10.egg-info/SOURCES.txt
-- Installing: /home/alex/workspace/ros2_project/auto_car/my_custom_interfaces/install/my_custom_interfaces/local/lib/python3.10/dist-packages/my_custom_interfaces
-- Installing: /home/alex/workspace/ros2_project/auto_car/my_custom_interfaces/install/my_custom_interfaces/local/lib/python3.10/dist-packages/my_custom_interfaces/srv
-- Installing: /home/alex/workspace/ros2_project/auto_car/my_custom_interfaces/install/my_custom_interfaces/local/lib/python3.10/dist-packages/my_custom_interfaces/srv/_calculator.py
-- Installing: /home/alex/workspace/ros2_project/auto_car/my_custom_interfaces/install/my_custom_interfaces/local/lib/python3.10/dist-packages/my_custom_interfaces/srv/_calculator_s.c
-- Installing: /home/alex/workspace/ros2_project/auto_car/my_custom_interfaces/install/my_custom_interfaces/local/lib/python3.10/dist-packages/my_custom_interfaces/srv/__init__.py
-- Installing: /home/alex/workspace/ros2_project/auto_car/my_custom_interfaces/install/my_custom_interfaces/local/lib/python3.10/dist-packages/my_custom_interfaces/my_custom_interfaces_s__rosidl_typesupport_introspection_c.cpython-310-x86_64-linux-gnu.so
-- Installing: /home/alex/workspace/ros2_project/auto_car/my_custom_interfaces/install/my_custom_interfaces/local/lib/python3.10/dist-packages/my_custom_interfaces/_my_custom_interfaces_s.ep.rosidl_typesupport_introspection_c.c
-- Installing: /home/alex/workspace/ros2_project/auto_car/my_custom_interfaces/install/my_custom_interfaces/local/lib/python3.10/dist-packages/my_custom_interfaces/my_custom_interfaces_s__rosidl_typesupport_c.cpython-310-x86_64-linux-gnu.so
-- Installing: /home/alex/workspace/ros2_project/auto_car/my_custom_interfaces/install/my_custom_interfaces/local/lib/python3.10/dist-packages/my_custom_interfaces/_my_custom_interfaces_s.ep.rosidl_typesupport_c.c
-- Installing: /home/alex/workspace/ros2_project/auto_car/my_custom_interfaces/install/my_custom_interfaces/local/lib/python3.10/dist-packages/my_custom_interfaces/my_custom_interfaces_s__rosidl_typesupport_fastrtps_c.cpython-310-x86_64-linux-gnu.so
-- Installing: /home/alex/workspace/ros2_project/auto_car/my_custom_interfaces/install/my_custom_interfaces/local/lib/python3.10/dist-packages/my_custom_interfaces/_my_custom_interfaces_s.ep.rosidl_typesupport_fastrtps_c.c
-- Installing: /home/alex/workspace/ros2_project/auto_car/my_custom_interfaces/install/my_custom_interfaces/local/lib/python3.10/dist-packages/my_custom_interfaces/libmy_custom_interfaces__rosidl_generator_py.so
-- Installing: /home/alex/workspace/ros2_project/auto_car/my_custom_interfaces/install/my_custom_interfaces/local/lib/python3.10/dist-packages/my_custom_interfaces/__init__.py
Listing '/home/alex/workspace/ros2_project/auto_car/my_custom_interfaces/install/my_custom_interfaces/local/lib/python3.10/dist-packages/my_custom_interfaces'...
Compiling '/home/alex/workspace/ros2_project/auto_car/my_custom_interfaces/install/my_custom_interfaces/local/lib/python3.10/dist-packages/my_custom_interfaces/__init__.py'...
Listing '/home/alex/workspace/ros2_project/auto_car/my_custom_interfaces/install/my_custom_interfaces/local/lib/python3.10/dist-packages/my_custom_interfaces/srv'...
Compiling '/home/alex/workspace/ros2_project/auto_car/my_custom_interfaces/install/my_custom_interfaces/local/lib/python3.10/dist-packages/my_custom_interfaces/srv/__init__.py'...
Compiling '/home/alex/workspace/ros2_project/auto_car/my_custom_interfaces/install/my_custom_interfaces/local/lib/python3.10/dist-packages/my_custom_interfaces/srv/_calculator.py'...
-- Installing: /home/alex/workspace/ros2_project/auto_car/my_custom_interfaces/install/my_custom_interfaces/local/lib/python3.10/dist-packages/my_custom_interfaces/my_custom_interfaces_s__rosidl_typesupport_fastrtps_c.cpython-310-x86_64-linux-gnu.so
-- Set runtime path of "/home/alex/workspace/ros2_project/auto_car/my_custom_interfaces/install/my_custom_interfaces/local/lib/python3.10/dist-packages/my_custom_interfaces/my_custom_interfaces_s__rosidl_typesupport_fastrtps_c.cpython-310-x86_64-linux-gnu.so" to ""
-- Installing: /home/alex/workspace/ros2_project/auto_car/my_custom_interfaces/install/my_custom_interfaces/local/lib/python3.10/dist-packages/my_custom_interfaces/my_custom_interfaces_s__rosidl_typesupport_introspection_c.cpython-310-x86_64-linux-gnu.so
-- Set runtime path of "/home/alex/workspace/ros2_project/auto_car/my_custom_interfaces/install/my_custom_interfaces/local/lib/python3.10/dist-packages/my_custom_interfaces/my_custom_interfaces_s__rosidl_typesupport_introspection_c.cpython-310-x86_64-linux-gnu.so" to ""
-- Installing: /home/alex/workspace/ros2_project/auto_car/my_custom_interfaces/install/my_custom_interfaces/local/lib/python3.10/dist-packages/my_custom_interfaces/my_custom_interfaces_s__rosidl_typesupport_c.cpython-310-x86_64-linux-gnu.so
-- Set runtime path of "/home/alex/workspace/ros2_project/auto_car/my_custom_interfaces/install/my_custom_interfaces/local/lib/python3.10/dist-packages/my_custom_interfaces/my_custom_interfaces_s__rosidl_typesupport_c.cpython-310-x86_64-linux-gnu.so" to ""
-- Installing: /home/alex/workspace/ros2_project/auto_car/my_custom_interfaces/install/my_custom_interfaces/lib/libmy_custom_interfaces__rosidl_generator_py.so
-- Set runtime path of "/home/alex/workspace/ros2_project/auto_car/my_custom_interfaces/install/my_custom_interfaces/lib/libmy_custom_interfaces__rosidl_generator_py.so" to ""
-- Installing: /home/alex/workspace/ros2_project/auto_car/my_custom_interfaces/install/my_custom_interfaces/share/ament_index/resource_index/rust_packages/my_custom_interfaces
-- Installing: /home/alex/workspace/ros2_project/auto_car/my_custom_interfaces/install/my_custom_interfaces/share/my_custom_interfaces/rust
-- Installing: /home/alex/workspace/ros2_project/auto_car/my_custom_interfaces/install/my_custom_interfaces/share/my_custom_interfaces/rust/src
-- Installing: /home/alex/workspace/ros2_project/auto_car/my_custom_interfaces/install/my_custom_interfaces/share/my_custom_interfaces/rust/src/lib.rs
-- Installing: /home/alex/workspace/ros2_project/auto_car/my_custom_interfaces/install/my_custom_interfaces/share/my_custom_interfaces/rust/src/srv
-- Installing: /home/alex/workspace/ros2_project/auto_car/my_custom_interfaces/install/my_custom_interfaces/share/my_custom_interfaces/rust/src/srv/rmw.rs
-- Installing: /home/alex/workspace/ros2_project/auto_car/my_custom_interfaces/install/my_custom_interfaces/share/my_custom_interfaces/rust/src/srv.rs
-- Installing: /home/alex/workspace/ros2_project/auto_car/my_custom_interfaces/install/my_custom_interfaces/share/my_custom_interfaces/rust/build.rs
-- Installing: /home/alex/workspace/ros2_project/auto_car/my_custom_interfaces/install/my_custom_interfaces/share/my_custom_interfaces/rust/Cargo.toml
-- Installing: /home/alex/workspace/ros2_project/auto_car/my_custom_interfaces/install/my_custom_interfaces/share/my_custom_interfaces/srv/Calculator.idl
-- Installing: /home/alex/workspace/ros2_project/auto_car/my_custom_interfaces/install/my_custom_interfaces/share/my_custom_interfaces/srv/Calculator.srv
-- Installing: /home/alex/workspace/ros2_project/auto_car/my_custom_interfaces/install/my_custom_interfaces/share/my_custom_interfaces/srv/Calculator_Request.msg
-- Installing: /home/alex/workspace/ros2_project/auto_car/my_custom_interfaces/install/my_custom_interfaces/share/my_custom_interfaces/srv/Calculator_Response.msg
-- Installing: /home/alex/workspace/ros2_project/auto_car/my_custom_interfaces/install/my_custom_interfaces/share/ament_index/resource_index/package_run_dependencies/my_custom_interfaces
-- Installing: /home/alex/workspace/ros2_project/auto_car/my_custom_interfaces/install/my_custom_interfaces/share/ament_index/resource_index/parent_prefix_path/my_custom_interfaces
-- Installing: /home/alex/workspace/ros2_project/auto_car/my_custom_interfaces/install/my_custom_interfaces/share/my_custom_interfaces/environment/ament_prefix_path.sh
-- Installing: /home/alex/workspace/ros2_project/auto_car/my_custom_interfaces/install/my_custom_interfaces/share/my_custom_interfaces/environment/ament_prefix_path.dsv
-- Installing: /home/alex/workspace/ros2_project/auto_car/my_custom_interfaces/install/my_custom_interfaces/share/my_custom_interfaces/environment/path.sh
-- Installing: /home/alex/workspace/ros2_project/auto_car/my_custom_interfaces/install/my_custom_interfaces/share/my_custom_interfaces/environment/path.dsv
-- Installing: /home/alex/workspace/ros2_project/auto_car/my_custom_interfaces/install/my_custom_interfaces/share/my_custom_interfaces/local_setup.bash
-- Installing: /home/alex/workspace/ros2_project/auto_car/my_custom_interfaces/install/my_custom_interfaces/share/my_custom_interfaces/local_setup.sh
-- Installing: /home/alex/workspace/ros2_project/auto_car/my_custom_interfaces/install/my_custom_interfaces/share/my_custom_interfaces/local_setup.zsh
-- Installing: /home/alex/workspace/ros2_project/auto_car/my_custom_interfaces/install/my_custom_interfaces/share/my_custom_interfaces/local_setup.dsv
-- Installing: /home/alex/workspace/ros2_project/auto_car/my_custom_interfaces/install/my_custom_interfaces/share/my_custom_interfaces/package.dsv
-- Installing: /home/alex/workspace/ros2_project/auto_car/my_custom_interfaces/install/my_custom_interfaces/share/ament_index/resource_index/packages/my_custom_interfaces
-- Installing: /home/alex/workspace/ros2_project/auto_car/my_custom_interfaces/install/my_custom_interfaces/share/my_custom_interfaces/cmake/export_my_custom_interfaces__rosidl_generator_cExport.cmake
-- Installing: /home/alex/workspace/ros2_project/auto_car/my_custom_interfaces/install/my_custom_interfaces/share/my_custom_interfaces/cmake/export_my_custom_interfaces__rosidl_generator_cExport-noconfig.cmake
-- Installing: /home/alex/workspace/ros2_project/auto_car/my_custom_interfaces/install/my_custom_interfaces/share/my_custom_interfaces/cmake/export_my_custom_interfaces__rosidl_typesupport_fastrtps_cExport.cmake
-- Installing: /home/alex/workspace/ros2_project/auto_car/my_custom_interfaces/install/my_custom_interfaces/share/my_custom_interfaces/cmake/export_my_custom_interfaces__rosidl_typesupport_fastrtps_cExport-noconfig.cmake
-- Installing: /home/alex/workspace/ros2_project/auto_car/my_custom_interfaces/install/my_custom_interfaces/share/my_custom_interfaces/cmake/my_custom_interfaces__rosidl_typesupport_introspection_cExport.cmake
-- Installing: /home/alex/workspace/ros2_project/auto_car/my_custom_interfaces/install/my_custom_interfaces/share/my_custom_interfaces/cmake/my_custom_interfaces__rosidl_typesupport_introspection_cExport-noconfig.cmake
-- Installing: /home/alex/workspace/ros2_project/auto_car/my_custom_interfaces/install/my_custom_interfaces/share/my_custom_interfaces/cmake/my_custom_interfaces__rosidl_typesupport_cExport.cmake
-- Installing: /home/alex/workspace/ros2_project/auto_car/my_custom_interfaces/install/my_custom_interfaces/share/my_custom_interfaces/cmake/my_custom_interfaces__rosidl_typesupport_cExport-noconfig.cmake
-- Installing: /home/alex/workspace/ros2_project/auto_car/my_custom_interfaces/install/my_custom_interfaces/share/my_custom_interfaces/cmake/export_my_custom_interfaces__rosidl_generator_cppExport.cmake
-- Installing: /home/alex/workspace/ros2_project/auto_car/my_custom_interfaces/install/my_custom_interfaces/share/my_custom_interfaces/cmake/export_my_custom_interfaces__rosidl_typesupport_fastrtps_cppExport.cmake
-- Installing: /home/alex/workspace/ros2_project/auto_car/my_custom_interfaces/install/my_custom_interfaces/share/my_custom_interfaces/cmake/export_my_custom_interfaces__rosidl_typesupport_fastrtps_cppExport-noconfig.cmake
-- Installing: /home/alex/workspace/ros2_project/auto_car/my_custom_interfaces/install/my_custom_interfaces/share/my_custom_interfaces/cmake/my_custom_interfaces__rosidl_typesupport_introspection_cppExport.cmake
-- Installing: /home/alex/workspace/ros2_project/auto_car/my_custom_interfaces/install/my_custom_interfaces/share/my_custom_interfaces/cmake/my_custom_interfaces__rosidl_typesupport_introspection_cppExport-noconfig.cmake
-- Installing: /home/alex/workspace/ros2_project/auto_car/my_custom_interfaces/install/my_custom_interfaces/share/my_custom_interfaces/cmake/my_custom_interfaces__rosidl_typesupport_cppExport.cmake
-- Installing: /home/alex/workspace/ros2_project/auto_car/my_custom_interfaces/install/my_custom_interfaces/share/my_custom_interfaces/cmake/my_custom_interfaces__rosidl_typesupport_cppExport-noconfig.cmake
-- Installing: /home/alex/workspace/ros2_project/auto_car/my_custom_interfaces/install/my_custom_interfaces/share/my_custom_interfaces/cmake/export_my_custom_interfaces__rosidl_generator_pyExport.cmake
-- Installing: /home/alex/workspace/ros2_project/auto_car/my_custom_interfaces/install/my_custom_interfaces/share/my_custom_interfaces/cmake/export_my_custom_interfaces__rosidl_generator_pyExport-noconfig.cmake
-- Installing: /home/alex/workspace/ros2_project/auto_car/my_custom_interfaces/install/my_custom_interfaces/share/my_custom_interfaces/cmake/rosidl_cmake-extras.cmake
-- Installing: /home/alex/workspace/ros2_project/auto_car/my_custom_interfaces/install/my_custom_interfaces/share/my_custom_interfaces/cmake/ament_cmake_export_include_directories-extras.cmake
-- Installing: /home/alex/workspace/ros2_project/auto_car/my_custom_interfaces/install/my_custom_interfaces/share/my_custom_interfaces/cmake/ament_cmake_export_libraries-extras.cmake
-- Installing: /home/alex/workspace/ros2_project/auto_car/my_custom_interfaces/install/my_custom_interfaces/share/my_custom_interfaces/cmake/ament_cmake_export_targets-extras.cmake
-- Installing: /home/alex/workspace/ros2_project/auto_car/my_custom_interfaces/install/my_custom_interfaces/share/my_custom_interfaces/cmake/rosidl_cmake_export_typesupport_targets-extras.cmake
-- Installing: /home/alex/workspace/ros2_project/auto_car/my_custom_interfaces/install/my_custom_interfaces/share/my_custom_interfaces/cmake/ament_cmake_export_dependencies-extras.cmake
-- Installing: /home/alex/workspace/ros2_project/auto_car/my_custom_interfaces/install/my_custom_interfaces/share/my_custom_interfaces/cmake/rosidl_cmake_export_typesupport_libraries-extras.cmake
-- Installing: /home/alex/workspace/ros2_project/auto_car/my_custom_interfaces/install/my_custom_interfaces/share/my_custom_interfaces/cmake/my_custom_interfacesConfig.cmake
-- Installing: /home/alex/workspace/ros2_project/auto_car/my_custom_interfaces/install/my_custom_interfaces/share/my_custom_interfaces/cmake/my_custom_interfacesConfig-version.cmake
-- Installing: /home/alex/workspace/ros2_project/auto_car/my_custom_interfaces/install/my_custom_interfaces/share/my_custom_interfaces/package.xml
