[0.010s] Invoking command in '/home/alex/workspace/ros2_project/auto_car/my_custom_interfaces/build/my_custom_interfaces': CMAKE_PREFIX_PATH=/opt/ros/humble /usr/bin/cmake /home/alex/workspace/ros2_project/auto_car/my_custom_interfaces -DCMAKE_INSTALL_PREFIX=/home/alex/workspace/ros2_project/auto_car/my_custom_interfaces/install/my_custom_interfaces
[0.022s] -- Found ament_cmake: 1.3.14 (/opt/ros/humble/share/ament_cmake/cmake)
[0.120s] -- Found ament_lint_auto: 0.12.15 (/opt/ros/humble/share/ament_lint_auto/cmake)
[0.172s] -- Found rosidl_default_generators: 1.2.1 (/opt/ros/humble/share/rosidl_default_generators/cmake)
[0.173s] -- Using all available rosidl_typesupport_c: rosidl_typesupport_fastrtps_c;rosidl_typesupport_introspection_c
[0.175s] -- Found rosidl_adapter: 3.1.8 (/opt/ros/humble/share/rosidl_adapter/cmake)
[0.198s] -- Using all available rosidl_typesupport_cpp: rosidl_typesupport_fastrtps_cpp;rosidl_typesupport_introspection_cpp
[0.369s] -- Found ament_cmake_ros: 0.10.0 (/opt/ros/humble/share/ament_cmake_ros/cmake)
[0.512s] -- Using all available rosidl_typesupport_c: rosidl_typesupport_fastrtps_c;rosidl_typesupport_introspection_c
[0.696s] -- Using all available rosidl_typesupport_cpp: rosidl_typesupport_fastrtps_cpp;rosidl_typesupport_introspection_cpp
[0.714s] -- Found python_cmake_module: 0.10.0 (/opt/ros/humble/share/python_cmake_module/cmake)
[0.732s] -- Using PYTHON_EXECUTABLE: /usr/bin/python3
[0.732s] -- Using PYTHON_INCLUDE_DIRS: /usr/include/python3.10
[0.732s] -- Using PYTHON_LIBRARIES: /usr/lib/x86_64-linux-gnu/libpython3.10.so
[0.808s] -- Added test 'cppcheck' to perform static code analysis on C / C++ code
[0.809s] -- Configured cppcheck include dirs: $<BUILD_INTERFACE:/home/alex/workspace/ros2_project/auto_car/my_custom_interfaces/build/my_custom_interfaces/rosidl_generator_c>;$<BUILD_INTERFACE:/home/alex/workspace/ros2_project/auto_car/my_custom_interfaces/build/my_custom_interfaces/rosidl_typesupport_fastrtps_c>;$<BUILD_INTERFACE:/home/alex/workspace/ros2_project/auto_car/my_custom_interfaces/build/my_custom_interfaces/rosidl_typesupport_introspection_c>;$<BUILD_INTERFACE:/home/alex/workspace/ros2_project/auto_car/my_custom_interfaces/build/my_custom_interfaces/rosidl_generator_cpp>;$<BUILD_INTERFACE:/home/alex/workspace/ros2_project/auto_car/my_custom_interfaces/build/my_custom_interfaces/rosidl_typesupport_fastrtps_cpp>;$<BUILD_INTERFACE:/home/alex/workspace/ros2_project/auto_car/my_custom_interfaces/build/my_custom_interfaces/rosidl_typesupport_introspection_cpp>;/home/alex/workspace/ros2_project/auto_car/my_custom_interfaces/build/my_custom_interfaces/rosidl_generator_c;/home/alex/workspace/ros2_project/auto_car/my_custom_interfaces/build/my_custom_interfaces/rosidl_generator_py
[0.809s] -- Configured cppcheck exclude dirs and/or files: 
[0.810s] -- Added test 'flake8' to check Python code syntax and style conventions
[0.814s] -- Added test 'lint_cmake' to check CMake code style
[0.816s] -- Added test 'pep257' to check Python code against some of the docstring style conventions in PEP 257
[0.829s] -- Added test 'uncrustify' to check C / C++ code style
[0.829s] -- Configured uncrustify additional arguments: 
[0.830s] -- Added test 'xmllint' to check XML markup files
[0.833s] -- Configuring done
[0.867s] -- Generating done
[0.877s] -- Build files have been written to: /home/alex/workspace/ros2_project/auto_car/my_custom_interfaces/build/my_custom_interfaces
[0.882s] Invoked command in '/home/alex/workspace/ros2_project/auto_car/my_custom_interfaces/build/my_custom_interfaces' returned '0': CMAKE_PREFIX_PATH=/opt/ros/humble /usr/bin/cmake /home/alex/workspace/ros2_project/auto_car/my_custom_interfaces -DCMAKE_INSTALL_PREFIX=/home/alex/workspace/ros2_project/auto_car/my_custom_interfaces/install/my_custom_interfaces
[0.885s] Invoking command in '/home/alex/workspace/ros2_project/auto_car/my_custom_interfaces/build/my_custom_interfaces': CMAKE_PREFIX_PATH=/opt/ros/humble /usr/bin/cmake --build /home/alex/workspace/ros2_project/auto_car/my_custom_interfaces/build/my_custom_interfaces -- -j8 -l8
[0.932s] [  3%] [34m[1mGenerating C code for ROS interfaces[0m
[0.940s] [  9%] [34m[1mGenerating Rust code for ROS interfaces[0m
[0.940s] [  9%] [34m[1mGenerating C++ code for ROS interfaces[0m
[0.949s] [  9%] Built target ament_cmake_python_copy_my_custom_interfaces
[1.162s] [  9%] Built target my_custom_interfaces__rs
[1.194s] [  9%] Built target my_custom_interfaces__cpp
[1.196s] running egg_info
[1.197s] creating my_custom_interfaces.egg-info
[1.198s] writing my_custom_interfaces.egg-info/PKG-INFO
[1.198s] writing dependency_links to my_custom_interfaces.egg-info/dependency_links.txt
[1.198s] writing top-level names to my_custom_interfaces.egg-info/top_level.txt
[1.198s] writing manifest file 'my_custom_interfaces.egg-info/SOURCES.txt'
[1.200s] reading manifest file 'my_custom_interfaces.egg-info/SOURCES.txt'
[1.200s] writing manifest file 'my_custom_interfaces.egg-info/SOURCES.txt'
[1.204s] [ 18%] [34m[1mGenerating C++ introspection for ROS interfaces[0m
[1.204s] [ 18%] [34m[1mGenerating C++ type support for eProsima Fast-RTPS[0m
[1.204s] [ 18%] [34m[1mGenerating C++ type support dispatch for ROS interfaces[0m
[1.216s] [ 21%] [32mBuilding C object CMakeFiles/my_custom_interfaces__rosidl_generator_c.dir/rosidl_generator_c/my_custom_interfaces/srv/detail/calculator__functions.c.o[0m
[1.233s] [ 21%] Built target ament_cmake_python_build_my_custom_interfaces_egg
[1.306s] [ 25%] [32m[1mLinking C shared library libmy_custom_interfaces__rosidl_generator_c.so[0m
[1.364s] [ 25%] Built target my_custom_interfaces__rosidl_generator_c
[1.374s] [ 31%] [34m[1mGenerating C type support dispatch for ROS interfaces[0m
[1.374s] [ 31%] [34m[1mGenerating C type support for eProsima Fast-RTPS[0m
[1.382s] [ 34%] [34m[1mGenerating C introspection for ROS interfaces[0m
[1.403s] [ 37%] [32mBuilding CXX object CMakeFiles/my_custom_interfaces__rosidl_typesupport_cpp.dir/rosidl_typesupport_cpp/my_custom_interfaces/srv/calculator__type_support.cpp.o[0m
[1.425s] [ 40%] [32mBuilding CXX object CMakeFiles/my_custom_interfaces__rosidl_typesupport_introspection_cpp.dir/rosidl_typesupport_introspection_cpp/my_custom_interfaces/srv/detail/calculator__type_support.cpp.o[0m
[1.445s] [ 43%] [32mBuilding CXX object CMakeFiles/my_custom_interfaces__rosidl_typesupport_fastrtps_cpp.dir/rosidl_typesupport_fastrtps_cpp/my_custom_interfaces/srv/detail/dds_fastrtps/calculator__type_support.cpp.o[0m
[1.613s] [ 46%] [32mBuilding CXX object CMakeFiles/my_custom_interfaces__rosidl_typesupport_c.dir/rosidl_typesupport_c/my_custom_interfaces/srv/calculator__type_support.cpp.o[0m
[1.632s] [ 50%] [32mBuilding CXX object CMakeFiles/my_custom_interfaces__rosidl_typesupport_fastrtps_c.dir/rosidl_typesupport_fastrtps_c/my_custom_interfaces/srv/detail/calculator__type_support_c.cpp.o[0m
[1.654s] [ 53%] [32m[1mLinking CXX shared library libmy_custom_interfaces__rosidl_typesupport_c.so[0m
[1.670s] [ 56%] [32mBuilding C object CMakeFiles/my_custom_interfaces__rosidl_typesupport_introspection_c.dir/rosidl_typesupport_introspection_c/my_custom_interfaces/srv/detail/calculator__type_support.c.o[0m
[1.699s] [ 56%] Built target my_custom_interfaces__rosidl_typesupport_c
[1.721s] [ 59%] [32m[1mLinking C shared library libmy_custom_interfaces__rosidl_typesupport_introspection_c.so[0m
[1.754s] [ 59%] Built target my_custom_interfaces__rosidl_typesupport_introspection_c
[1.871s] [ 62%] [32m[1mLinking CXX shared library libmy_custom_interfaces__rosidl_typesupport_cpp.so[0m
[1.927s] [ 62%] Built target my_custom_interfaces__rosidl_typesupport_cpp
[2.014s] [ 65%] [32m[1mLinking CXX shared library libmy_custom_interfaces__rosidl_typesupport_introspection_cpp.so[0m
[2.066s] [ 68%] [32m[1mLinking CXX shared library libmy_custom_interfaces__rosidl_typesupport_fastrtps_cpp.so[0m
[2.074s] [ 68%] Built target my_custom_interfaces__rosidl_typesupport_introspection_cpp
[2.159s] [ 68%] Built target my_custom_interfaces__rosidl_typesupport_fastrtps_cpp
[2.161s] [ 71%] [32m[1mLinking CXX shared library libmy_custom_interfaces__rosidl_typesupport_fastrtps_c.so[0m
[2.273s] [ 71%] Built target my_custom_interfaces__rosidl_typesupport_fastrtps_c
[2.293s] [ 71%] Built target my_custom_interfaces
[2.314s] [ 75%] [34m[1mGenerating Python code for ROS interfaces[0m
[2.595s] [ 75%] Built target my_custom_interfaces__py
[2.615s] [ 78%] [32mBuilding C object CMakeFiles/my_custom_interfaces__rosidl_generator_py.dir/rosidl_generator_py/my_custom_interfaces/srv/_calculator_s.c.o[0m
[2.748s] [ 81%] [32m[1mLinking C shared library rosidl_generator_py/my_custom_interfaces/libmy_custom_interfaces__rosidl_generator_py.so[0m
[2.786s] [ 81%] Built target my_custom_interfaces__rosidl_generator_py
[2.806s] [ 90%] [32mBuilding C object CMakeFiles/my_custom_interfaces__rosidl_typesupport_fastrtps_c__pyext.dir/rosidl_generator_py/my_custom_interfaces/_my_custom_interfaces_s.ep.rosidl_typesupport_fastrtps_c.c.o[0m
[2.806s] [ 90%] [32mBuilding C object CMakeFiles/my_custom_interfaces__rosidl_typesupport_introspection_c__pyext.dir/rosidl_generator_py/my_custom_interfaces/_my_custom_interfaces_s.ep.rosidl_typesupport_introspection_c.c.o[0m
[2.807s] [ 90%] [32mBuilding C object CMakeFiles/my_custom_interfaces__rosidl_typesupport_c__pyext.dir/rosidl_generator_py/my_custom_interfaces/_my_custom_interfaces_s.ep.rosidl_typesupport_c.c.o[0m
[2.884s] [ 96%] [32m[1mLinking C shared library rosidl_generator_py/my_custom_interfaces/my_custom_interfaces_s__rosidl_typesupport_c.cpython-310-x86_64-linux-gnu.so[0m
[2.884s] [ 96%] [32m[1mLinking C shared library rosidl_generator_py/my_custom_interfaces/my_custom_interfaces_s__rosidl_typesupport_introspection_c.cpython-310-x86_64-linux-gnu.so[0m
[2.886s] [100%] [32m[1mLinking C shared library rosidl_generator_py/my_custom_interfaces/my_custom_interfaces_s__rosidl_typesupport_fastrtps_c.cpython-310-x86_64-linux-gnu.so[0m
[2.915s] [100%] Built target my_custom_interfaces__rosidl_typesupport_introspection_c__pyext
[2.915s] [100%] Built target my_custom_interfaces__rosidl_typesupport_c__pyext
[2.919s] [100%] Built target my_custom_interfaces__rosidl_typesupport_fastrtps_c__pyext
[2.931s] Invoked command in '/home/alex/workspace/ros2_project/auto_car/my_custom_interfaces/build/my_custom_interfaces' returned '0': CMAKE_PREFIX_PATH=/opt/ros/humble /usr/bin/cmake --build /home/alex/workspace/ros2_project/auto_car/my_custom_interfaces/build/my_custom_interfaces -- -j8 -l8
[2.942s] Invoking command in '/home/alex/workspace/ros2_project/auto_car/my_custom_interfaces/build/my_custom_interfaces': CMAKE_PREFIX_PATH=/opt/ros/humble /usr/bin/cmake --install /home/alex/workspace/ros2_project/auto_car/my_custom_interfaces/build/my_custom_interfaces
[2.949s] -- Install configuration: ""
[2.949s] -- Installing: /home/alex/workspace/ros2_project/auto_car/my_custom_interfaces/install/my_custom_interfaces/share/ament_index/resource_index/rosidl_interfaces/my_custom_interfaces
[2.950s] -- Installing: /home/alex/workspace/ros2_project/auto_car/my_custom_interfaces/install/my_custom_interfaces/include/my_custom_interfaces/my_custom_interfaces
[2.950s] -- Installing: /home/alex/workspace/ros2_project/auto_car/my_custom_interfaces/install/my_custom_interfaces/include/my_custom_interfaces/my_custom_interfaces/srv
[2.950s] -- Installing: /home/alex/workspace/ros2_project/auto_car/my_custom_interfaces/install/my_custom_interfaces/include/my_custom_interfaces/my_custom_interfaces/srv/detail
[2.950s] -- Installing: /home/alex/workspace/ros2_project/auto_car/my_custom_interfaces/install/my_custom_interfaces/include/my_custom_interfaces/my_custom_interfaces/srv/detail/calculator__functions.c
[2.950s] -- Installing: /home/alex/workspace/ros2_project/auto_car/my_custom_interfaces/install/my_custom_interfaces/include/my_custom_interfaces/my_custom_interfaces/srv/detail/calculator__struct.h
[2.950s] -- Installing: /home/alex/workspace/ros2_project/auto_car/my_custom_interfaces/install/my_custom_interfaces/include/my_custom_interfaces/my_custom_interfaces/srv/detail/calculator__type_support.h
[2.951s] -- Installing: /home/alex/workspace/ros2_project/auto_car/my_custom_interfaces/install/my_custom_interfaces/include/my_custom_interfaces/my_custom_interfaces/srv/detail/calculator__functions.h
[2.951s] -- Installing: /home/alex/workspace/ros2_project/auto_car/my_custom_interfaces/install/my_custom_interfaces/include/my_custom_interfaces/my_custom_interfaces/srv/calculator.h
[2.951s] -- Installing: /home/alex/workspace/ros2_project/auto_car/my_custom_interfaces/install/my_custom_interfaces/include/my_custom_interfaces/my_custom_interfaces/msg
[2.951s] -- Installing: /home/alex/workspace/ros2_project/auto_car/my_custom_interfaces/install/my_custom_interfaces/include/my_custom_interfaces/my_custom_interfaces/msg/rosidl_generator_c__visibility_control.h
[2.951s] -- Installing: /home/alex/workspace/ros2_project/auto_car/my_custom_interfaces/install/my_custom_interfaces/share/my_custom_interfaces/environment/library_path.sh
[2.951s] -- Installing: /home/alex/workspace/ros2_project/auto_car/my_custom_interfaces/install/my_custom_interfaces/share/my_custom_interfaces/environment/library_path.dsv
[2.951s] -- Installing: /home/alex/workspace/ros2_project/auto_car/my_custom_interfaces/install/my_custom_interfaces/lib/libmy_custom_interfaces__rosidl_generator_c.so
[2.952s] -- Set runtime path of "/home/alex/workspace/ros2_project/auto_car/my_custom_interfaces/install/my_custom_interfaces/lib/libmy_custom_interfaces__rosidl_generator_c.so" to ""
[2.952s] -- Up-to-date: /home/alex/workspace/ros2_project/auto_car/my_custom_interfaces/install/my_custom_interfaces/include/my_custom_interfaces/my_custom_interfaces
[2.952s] -- Up-to-date: /home/alex/workspace/ros2_project/auto_car/my_custom_interfaces/install/my_custom_interfaces/include/my_custom_interfaces/my_custom_interfaces/srv
[2.952s] -- Up-to-date: /home/alex/workspace/ros2_project/auto_car/my_custom_interfaces/install/my_custom_interfaces/include/my_custom_interfaces/my_custom_interfaces/srv/detail
[2.952s] -- Installing: /home/alex/workspace/ros2_project/auto_car/my_custom_interfaces/install/my_custom_interfaces/include/my_custom_interfaces/my_custom_interfaces/srv/detail/calculator__rosidl_typesupport_fastrtps_c.h
[2.953s] -- Up-to-date: /home/alex/workspace/ros2_project/auto_car/my_custom_interfaces/install/my_custom_interfaces/include/my_custom_interfaces/my_custom_interfaces/msg
[2.953s] -- Installing: /home/alex/workspace/ros2_project/auto_car/my_custom_interfaces/install/my_custom_interfaces/include/my_custom_interfaces/my_custom_interfaces/msg/rosidl_typesupport_fastrtps_c__visibility_control.h
[2.953s] -- Installing: /home/alex/workspace/ros2_project/auto_car/my_custom_interfaces/install/my_custom_interfaces/lib/libmy_custom_interfaces__rosidl_typesupport_fastrtps_c.so
[2.953s] -- Set runtime path of "/home/alex/workspace/ros2_project/auto_car/my_custom_interfaces/install/my_custom_interfaces/lib/libmy_custom_interfaces__rosidl_typesupport_fastrtps_c.so" to ""
[2.953s] -- Up-to-date: /home/alex/workspace/ros2_project/auto_car/my_custom_interfaces/install/my_custom_interfaces/include/my_custom_interfaces/my_custom_interfaces
[2.953s] -- Up-to-date: /home/alex/workspace/ros2_project/auto_car/my_custom_interfaces/install/my_custom_interfaces/include/my_custom_interfaces/my_custom_interfaces/srv
[2.953s] -- Up-to-date: /home/alex/workspace/ros2_project/auto_car/my_custom_interfaces/install/my_custom_interfaces/include/my_custom_interfaces/my_custom_interfaces/srv/detail
[2.954s] -- Installing: /home/alex/workspace/ros2_project/auto_car/my_custom_interfaces/install/my_custom_interfaces/include/my_custom_interfaces/my_custom_interfaces/srv/detail/calculator__rosidl_typesupport_introspection_c.h
[2.954s] -- Installing: /home/alex/workspace/ros2_project/auto_car/my_custom_interfaces/install/my_custom_interfaces/include/my_custom_interfaces/my_custom_interfaces/srv/detail/calculator__type_support.c
[2.954s] -- Up-to-date: /home/alex/workspace/ros2_project/auto_car/my_custom_interfaces/install/my_custom_interfaces/include/my_custom_interfaces/my_custom_interfaces/msg
[2.954s] -- Installing: /home/alex/workspace/ros2_project/auto_car/my_custom_interfaces/install/my_custom_interfaces/include/my_custom_interfaces/my_custom_interfaces/msg/rosidl_typesupport_introspection_c__visibility_control.h
[2.954s] -- Installing: /home/alex/workspace/ros2_project/auto_car/my_custom_interfaces/install/my_custom_interfaces/lib/libmy_custom_interfaces__rosidl_typesupport_introspection_c.so
[2.954s] -- Set runtime path of "/home/alex/workspace/ros2_project/auto_car/my_custom_interfaces/install/my_custom_interfaces/lib/libmy_custom_interfaces__rosidl_typesupport_introspection_c.so" to ""
[2.954s] -- Installing: /home/alex/workspace/ros2_project/auto_car/my_custom_interfaces/install/my_custom_interfaces/lib/libmy_custom_interfaces__rosidl_typesupport_c.so
[2.955s] -- Set runtime path of "/home/alex/workspace/ros2_project/auto_car/my_custom_interfaces/install/my_custom_interfaces/lib/libmy_custom_interfaces__rosidl_typesupport_c.so" to ""
[2.955s] -- Up-to-date: /home/alex/workspace/ros2_project/auto_car/my_custom_interfaces/install/my_custom_interfaces/include/my_custom_interfaces/my_custom_interfaces
[2.955s] -- Up-to-date: /home/alex/workspace/ros2_project/auto_car/my_custom_interfaces/install/my_custom_interfaces/include/my_custom_interfaces/my_custom_interfaces/srv
[2.955s] -- Installing: /home/alex/workspace/ros2_project/auto_car/my_custom_interfaces/install/my_custom_interfaces/include/my_custom_interfaces/my_custom_interfaces/srv/calculator.hpp
[2.955s] -- Up-to-date: /home/alex/workspace/ros2_project/auto_car/my_custom_interfaces/install/my_custom_interfaces/include/my_custom_interfaces/my_custom_interfaces/srv/detail
[2.955s] -- Installing: /home/alex/workspace/ros2_project/auto_car/my_custom_interfaces/install/my_custom_interfaces/include/my_custom_interfaces/my_custom_interfaces/srv/detail/calculator__type_support.hpp
[2.955s] -- Installing: /home/alex/workspace/ros2_project/auto_car/my_custom_interfaces/install/my_custom_interfaces/include/my_custom_interfaces/my_custom_interfaces/srv/detail/calculator__traits.hpp
[2.956s] -- Installing: /home/alex/workspace/ros2_project/auto_car/my_custom_interfaces/install/my_custom_interfaces/include/my_custom_interfaces/my_custom_interfaces/srv/detail/calculator__builder.hpp
[2.956s] -- Installing: /home/alex/workspace/ros2_project/auto_car/my_custom_interfaces/install/my_custom_interfaces/include/my_custom_interfaces/my_custom_interfaces/srv/detail/calculator__struct.hpp
[2.956s] -- Up-to-date: /home/alex/workspace/ros2_project/auto_car/my_custom_interfaces/install/my_custom_interfaces/include/my_custom_interfaces/my_custom_interfaces/msg
[2.956s] -- Installing: /home/alex/workspace/ros2_project/auto_car/my_custom_interfaces/install/my_custom_interfaces/include/my_custom_interfaces/my_custom_interfaces/msg/rosidl_generator_cpp__visibility_control.hpp
[2.956s] -- Up-to-date: /home/alex/workspace/ros2_project/auto_car/my_custom_interfaces/install/my_custom_interfaces/include/my_custom_interfaces/my_custom_interfaces
[2.956s] -- Up-to-date: /home/alex/workspace/ros2_project/auto_car/my_custom_interfaces/install/my_custom_interfaces/include/my_custom_interfaces/my_custom_interfaces/srv
[2.956s] -- Up-to-date: /home/alex/workspace/ros2_project/auto_car/my_custom_interfaces/install/my_custom_interfaces/include/my_custom_interfaces/my_custom_interfaces/srv/detail
[2.956s] -- Installing: /home/alex/workspace/ros2_project/auto_car/my_custom_interfaces/install/my_custom_interfaces/include/my_custom_interfaces/my_custom_interfaces/srv/detail/dds_fastrtps
[2.957s] -- Installing: /home/alex/workspace/ros2_project/auto_car/my_custom_interfaces/install/my_custom_interfaces/include/my_custom_interfaces/my_custom_interfaces/srv/detail/calculator__rosidl_typesupport_fastrtps_cpp.hpp
[2.957s] -- Up-to-date: /home/alex/workspace/ros2_project/auto_car/my_custom_interfaces/install/my_custom_interfaces/include/my_custom_interfaces/my_custom_interfaces/msg
[2.957s] -- Installing: /home/alex/workspace/ros2_project/auto_car/my_custom_interfaces/install/my_custom_interfaces/include/my_custom_interfaces/my_custom_interfaces/msg/rosidl_typesupport_fastrtps_cpp__visibility_control.h
[2.957s] -- Installing: /home/alex/workspace/ros2_project/auto_car/my_custom_interfaces/install/my_custom_interfaces/lib/libmy_custom_interfaces__rosidl_typesupport_fastrtps_cpp.so
[2.957s] -- Set runtime path of "/home/alex/workspace/ros2_project/auto_car/my_custom_interfaces/install/my_custom_interfaces/lib/libmy_custom_interfaces__rosidl_typesupport_fastrtps_cpp.so" to ""
[2.957s] -- Up-to-date: /home/alex/workspace/ros2_project/auto_car/my_custom_interfaces/install/my_custom_interfaces/include/my_custom_interfaces/my_custom_interfaces
[2.957s] -- Up-to-date: /home/alex/workspace/ros2_project/auto_car/my_custom_interfaces/install/my_custom_interfaces/include/my_custom_interfaces/my_custom_interfaces/srv
[2.957s] -- Up-to-date: /home/alex/workspace/ros2_project/auto_car/my_custom_interfaces/install/my_custom_interfaces/include/my_custom_interfaces/my_custom_interfaces/srv/detail
[2.957s] -- Installing: /home/alex/workspace/ros2_project/auto_car/my_custom_interfaces/install/my_custom_interfaces/include/my_custom_interfaces/my_custom_interfaces/srv/detail/calculator__type_support.cpp
[2.957s] -- Installing: /home/alex/workspace/ros2_project/auto_car/my_custom_interfaces/install/my_custom_interfaces/include/my_custom_interfaces/my_custom_interfaces/srv/detail/calculator__rosidl_typesupport_introspection_cpp.hpp
[2.958s] -- Installing: /home/alex/workspace/ros2_project/auto_car/my_custom_interfaces/install/my_custom_interfaces/lib/libmy_custom_interfaces__rosidl_typesupport_introspection_cpp.so
[2.958s] -- Set runtime path of "/home/alex/workspace/ros2_project/auto_car/my_custom_interfaces/install/my_custom_interfaces/lib/libmy_custom_interfaces__rosidl_typesupport_introspection_cpp.so" to ""
[2.958s] -- Installing: /home/alex/workspace/ros2_project/auto_car/my_custom_interfaces/install/my_custom_interfaces/lib/libmy_custom_interfaces__rosidl_typesupport_cpp.so
[2.958s] -- Set runtime path of "/home/alex/workspace/ros2_project/auto_car/my_custom_interfaces/install/my_custom_interfaces/lib/libmy_custom_interfaces__rosidl_typesupport_cpp.so" to ""
[2.959s] -- Installing: /home/alex/workspace/ros2_project/auto_car/my_custom_interfaces/install/my_custom_interfaces/share/my_custom_interfaces/environment/pythonpath.sh
[2.959s] -- Installing: /home/alex/workspace/ros2_project/auto_car/my_custom_interfaces/install/my_custom_interfaces/share/my_custom_interfaces/environment/pythonpath.dsv
[2.959s] -- Installing: /home/alex/workspace/ros2_project/auto_car/my_custom_interfaces/install/my_custom_interfaces/local/lib/python3.10/dist-packages/my_custom_interfaces-0.0.0-py3.10.egg-info
[2.959s] -- Installing: /home/alex/workspace/ros2_project/auto_car/my_custom_interfaces/install/my_custom_interfaces/local/lib/python3.10/dist-packages/my_custom_interfaces-0.0.0-py3.10.egg-info/dependency_links.txt
[2.959s] -- Installing: /home/alex/workspace/ros2_project/auto_car/my_custom_interfaces/install/my_custom_interfaces/local/lib/python3.10/dist-packages/my_custom_interfaces-0.0.0-py3.10.egg-info/top_level.txt
[2.959s] -- Installing: /home/alex/workspace/ros2_project/auto_car/my_custom_interfaces/install/my_custom_interfaces/local/lib/python3.10/dist-packages/my_custom_interfaces-0.0.0-py3.10.egg-info/PKG-INFO
[2.960s] -- Installing: /home/alex/workspace/ros2_project/auto_car/my_custom_interfaces/install/my_custom_interfaces/local/lib/python3.10/dist-packages/my_custom_interfaces-0.0.0-py3.10.egg-info/SOURCES.txt
[2.960s] -- Installing: /home/alex/workspace/ros2_project/auto_car/my_custom_interfaces/install/my_custom_interfaces/local/lib/python3.10/dist-packages/my_custom_interfaces
[2.960s] -- Installing: /home/alex/workspace/ros2_project/auto_car/my_custom_interfaces/install/my_custom_interfaces/local/lib/python3.10/dist-packages/my_custom_interfaces/srv
[2.960s] -- Installing: /home/alex/workspace/ros2_project/auto_car/my_custom_interfaces/install/my_custom_interfaces/local/lib/python3.10/dist-packages/my_custom_interfaces/srv/_calculator.py
[2.960s] -- Installing: /home/alex/workspace/ros2_project/auto_car/my_custom_interfaces/install/my_custom_interfaces/local/lib/python3.10/dist-packages/my_custom_interfaces/srv/_calculator_s.c
[2.960s] -- Installing: /home/alex/workspace/ros2_project/auto_car/my_custom_interfaces/install/my_custom_interfaces/local/lib/python3.10/dist-packages/my_custom_interfaces/srv/__init__.py
[2.960s] -- Installing: /home/alex/workspace/ros2_project/auto_car/my_custom_interfaces/install/my_custom_interfaces/local/lib/python3.10/dist-packages/my_custom_interfaces/my_custom_interfaces_s__rosidl_typesupport_introspection_c.cpython-310-x86_64-linux-gnu.so
[2.961s] -- Installing: /home/alex/workspace/ros2_project/auto_car/my_custom_interfaces/install/my_custom_interfaces/local/lib/python3.10/dist-packages/my_custom_interfaces/_my_custom_interfaces_s.ep.rosidl_typesupport_introspection_c.c
[2.961s] -- Installing: /home/alex/workspace/ros2_project/auto_car/my_custom_interfaces/install/my_custom_interfaces/local/lib/python3.10/dist-packages/my_custom_interfaces/my_custom_interfaces_s__rosidl_typesupport_c.cpython-310-x86_64-linux-gnu.so
[2.961s] -- Installing: /home/alex/workspace/ros2_project/auto_car/my_custom_interfaces/install/my_custom_interfaces/local/lib/python3.10/dist-packages/my_custom_interfaces/_my_custom_interfaces_s.ep.rosidl_typesupport_c.c
[2.962s] -- Installing: /home/alex/workspace/ros2_project/auto_car/my_custom_interfaces/install/my_custom_interfaces/local/lib/python3.10/dist-packages/my_custom_interfaces/my_custom_interfaces_s__rosidl_typesupport_fastrtps_c.cpython-310-x86_64-linux-gnu.so
[2.962s] -- Installing: /home/alex/workspace/ros2_project/auto_car/my_custom_interfaces/install/my_custom_interfaces/local/lib/python3.10/dist-packages/my_custom_interfaces/_my_custom_interfaces_s.ep.rosidl_typesupport_fastrtps_c.c
[2.962s] -- Installing: /home/alex/workspace/ros2_project/auto_car/my_custom_interfaces/install/my_custom_interfaces/local/lib/python3.10/dist-packages/my_custom_interfaces/libmy_custom_interfaces__rosidl_generator_py.so
[2.962s] -- Installing: /home/alex/workspace/ros2_project/auto_car/my_custom_interfaces/install/my_custom_interfaces/local/lib/python3.10/dist-packages/my_custom_interfaces/__init__.py
[2.993s] Listing '/home/alex/workspace/ros2_project/auto_car/my_custom_interfaces/install/my_custom_interfaces/local/lib/python3.10/dist-packages/my_custom_interfaces'...
[2.994s] Compiling '/home/alex/workspace/ros2_project/auto_car/my_custom_interfaces/install/my_custom_interfaces/local/lib/python3.10/dist-packages/my_custom_interfaces/__init__.py'...
[2.994s] Listing '/home/alex/workspace/ros2_project/auto_car/my_custom_interfaces/install/my_custom_interfaces/local/lib/python3.10/dist-packages/my_custom_interfaces/srv'...
[2.994s] Compiling '/home/alex/workspace/ros2_project/auto_car/my_custom_interfaces/install/my_custom_interfaces/local/lib/python3.10/dist-packages/my_custom_interfaces/srv/__init__.py'...
[2.994s] Compiling '/home/alex/workspace/ros2_project/auto_car/my_custom_interfaces/install/my_custom_interfaces/local/lib/python3.10/dist-packages/my_custom_interfaces/srv/_calculator.py'...
[2.997s] -- Installing: /home/alex/workspace/ros2_project/auto_car/my_custom_interfaces/install/my_custom_interfaces/local/lib/python3.10/dist-packages/my_custom_interfaces/my_custom_interfaces_s__rosidl_typesupport_fastrtps_c.cpython-310-x86_64-linux-gnu.so
[2.998s] -- Set runtime path of "/home/alex/workspace/ros2_project/auto_car/my_custom_interfaces/install/my_custom_interfaces/local/lib/python3.10/dist-packages/my_custom_interfaces/my_custom_interfaces_s__rosidl_typesupport_fastrtps_c.cpython-310-x86_64-linux-gnu.so" to ""
[2.998s] -- Installing: /home/alex/workspace/ros2_project/auto_car/my_custom_interfaces/install/my_custom_interfaces/local/lib/python3.10/dist-packages/my_custom_interfaces/my_custom_interfaces_s__rosidl_typesupport_introspection_c.cpython-310-x86_64-linux-gnu.so
[2.999s] -- Set runtime path of "/home/alex/workspace/ros2_project/auto_car/my_custom_interfaces/install/my_custom_interfaces/local/lib/python3.10/dist-packages/my_custom_interfaces/my_custom_interfaces_s__rosidl_typesupport_introspection_c.cpython-310-x86_64-linux-gnu.so" to ""
[2.999s] -- Installing: /home/alex/workspace/ros2_project/auto_car/my_custom_interfaces/install/my_custom_interfaces/local/lib/python3.10/dist-packages/my_custom_interfaces/my_custom_interfaces_s__rosidl_typesupport_c.cpython-310-x86_64-linux-gnu.so
[2.999s] -- Set runtime path of "/home/alex/workspace/ros2_project/auto_car/my_custom_interfaces/install/my_custom_interfaces/local/lib/python3.10/dist-packages/my_custom_interfaces/my_custom_interfaces_s__rosidl_typesupport_c.cpython-310-x86_64-linux-gnu.so" to ""
[3.000s] -- Installing: /home/alex/workspace/ros2_project/auto_car/my_custom_interfaces/install/my_custom_interfaces/lib/libmy_custom_interfaces__rosidl_generator_py.so
[3.000s] -- Set runtime path of "/home/alex/workspace/ros2_project/auto_car/my_custom_interfaces/install/my_custom_interfaces/lib/libmy_custom_interfaces__rosidl_generator_py.so" to ""
[3.000s] -- Installing: /home/alex/workspace/ros2_project/auto_car/my_custom_interfaces/install/my_custom_interfaces/share/ament_index/resource_index/rust_packages/my_custom_interfaces
[3.000s] -- Installing: /home/alex/workspace/ros2_project/auto_car/my_custom_interfaces/install/my_custom_interfaces/share/my_custom_interfaces/rust
[3.000s] -- Installing: /home/alex/workspace/ros2_project/auto_car/my_custom_interfaces/install/my_custom_interfaces/share/my_custom_interfaces/rust/src
[3.000s] -- Installing: /home/alex/workspace/ros2_project/auto_car/my_custom_interfaces/install/my_custom_interfaces/share/my_custom_interfaces/rust/src/lib.rs
[3.001s] -- Installing: /home/alex/workspace/ros2_project/auto_car/my_custom_interfaces/install/my_custom_interfaces/share/my_custom_interfaces/rust/src/srv
[3.001s] -- Installing: /home/alex/workspace/ros2_project/auto_car/my_custom_interfaces/install/my_custom_interfaces/share/my_custom_interfaces/rust/src/srv/rmw.rs
[3.001s] -- Installing: /home/alex/workspace/ros2_project/auto_car/my_custom_interfaces/install/my_custom_interfaces/share/my_custom_interfaces/rust/src/srv.rs
[3.001s] -- Installing: /home/alex/workspace/ros2_project/auto_car/my_custom_interfaces/install/my_custom_interfaces/share/my_custom_interfaces/rust/build.rs
[3.001s] -- Installing: /home/alex/workspace/ros2_project/auto_car/my_custom_interfaces/install/my_custom_interfaces/share/my_custom_interfaces/rust/Cargo.toml
[3.001s] -- Installing: /home/alex/workspace/ros2_project/auto_car/my_custom_interfaces/install/my_custom_interfaces/share/my_custom_interfaces/srv/Calculator.idl
[3.001s] -- Installing: /home/alex/workspace/ros2_project/auto_car/my_custom_interfaces/install/my_custom_interfaces/share/my_custom_interfaces/srv/Calculator.srv
[3.002s] -- Installing: /home/alex/workspace/ros2_project/auto_car/my_custom_interfaces/install/my_custom_interfaces/share/my_custom_interfaces/srv/Calculator_Request.msg
[3.002s] -- Installing: /home/alex/workspace/ros2_project/auto_car/my_custom_interfaces/install/my_custom_interfaces/share/my_custom_interfaces/srv/Calculator_Response.msg
[3.002s] -- Installing: /home/alex/workspace/ros2_project/auto_car/my_custom_interfaces/install/my_custom_interfaces/share/ament_index/resource_index/package_run_dependencies/my_custom_interfaces
[3.002s] -- Installing: /home/alex/workspace/ros2_project/auto_car/my_custom_interfaces/install/my_custom_interfaces/share/ament_index/resource_index/parent_prefix_path/my_custom_interfaces
[3.002s] -- Installing: /home/alex/workspace/ros2_project/auto_car/my_custom_interfaces/install/my_custom_interfaces/share/my_custom_interfaces/environment/ament_prefix_path.sh
[3.003s] -- Installing: /home/alex/workspace/ros2_project/auto_car/my_custom_interfaces/install/my_custom_interfaces/share/my_custom_interfaces/environment/ament_prefix_path.dsv
[3.003s] -- Installing: /home/alex/workspace/ros2_project/auto_car/my_custom_interfaces/install/my_custom_interfaces/share/my_custom_interfaces/environment/path.sh
[3.003s] -- Installing: /home/alex/workspace/ros2_project/auto_car/my_custom_interfaces/install/my_custom_interfaces/share/my_custom_interfaces/environment/path.dsv
[3.003s] -- Installing: /home/alex/workspace/ros2_project/auto_car/my_custom_interfaces/install/my_custom_interfaces/share/my_custom_interfaces/local_setup.bash
[3.003s] -- Installing: /home/alex/workspace/ros2_project/auto_car/my_custom_interfaces/install/my_custom_interfaces/share/my_custom_interfaces/local_setup.sh
[3.003s] -- Installing: /home/alex/workspace/ros2_project/auto_car/my_custom_interfaces/install/my_custom_interfaces/share/my_custom_interfaces/local_setup.zsh
[3.004s] -- Installing: /home/alex/workspace/ros2_project/auto_car/my_custom_interfaces/install/my_custom_interfaces/share/my_custom_interfaces/local_setup.dsv
[3.004s] -- Installing: /home/alex/workspace/ros2_project/auto_car/my_custom_interfaces/install/my_custom_interfaces/share/my_custom_interfaces/package.dsv
[3.004s] -- Installing: /home/alex/workspace/ros2_project/auto_car/my_custom_interfaces/install/my_custom_interfaces/share/ament_index/resource_index/packages/my_custom_interfaces
[3.004s] -- Installing: /home/alex/workspace/ros2_project/auto_car/my_custom_interfaces/install/my_custom_interfaces/share/my_custom_interfaces/cmake/export_my_custom_interfaces__rosidl_generator_cExport.cmake
[3.004s] -- Installing: /home/alex/workspace/ros2_project/auto_car/my_custom_interfaces/install/my_custom_interfaces/share/my_custom_interfaces/cmake/export_my_custom_interfaces__rosidl_generator_cExport-noconfig.cmake
[3.005s] -- Installing: /home/alex/workspace/ros2_project/auto_car/my_custom_interfaces/install/my_custom_interfaces/share/my_custom_interfaces/cmake/export_my_custom_interfaces__rosidl_typesupport_fastrtps_cExport.cmake
[3.005s] -- Installing: /home/alex/workspace/ros2_project/auto_car/my_custom_interfaces/install/my_custom_interfaces/share/my_custom_interfaces/cmake/export_my_custom_interfaces__rosidl_typesupport_fastrtps_cExport-noconfig.cmake
[3.005s] -- Installing: /home/alex/workspace/ros2_project/auto_car/my_custom_interfaces/install/my_custom_interfaces/share/my_custom_interfaces/cmake/my_custom_interfaces__rosidl_typesupport_introspection_cExport.cmake
[3.005s] -- Installing: /home/alex/workspace/ros2_project/auto_car/my_custom_interfaces/install/my_custom_interfaces/share/my_custom_interfaces/cmake/my_custom_interfaces__rosidl_typesupport_introspection_cExport-noconfig.cmake
[3.005s] -- Installing: /home/alex/workspace/ros2_project/auto_car/my_custom_interfaces/install/my_custom_interfaces/share/my_custom_interfaces/cmake/my_custom_interfaces__rosidl_typesupport_cExport.cmake
[3.005s] -- Installing: /home/alex/workspace/ros2_project/auto_car/my_custom_interfaces/install/my_custom_interfaces/share/my_custom_interfaces/cmake/my_custom_interfaces__rosidl_typesupport_cExport-noconfig.cmake
[3.006s] -- Installing: /home/alex/workspace/ros2_project/auto_car/my_custom_interfaces/install/my_custom_interfaces/share/my_custom_interfaces/cmake/export_my_custom_interfaces__rosidl_generator_cppExport.cmake
[3.006s] -- Installing: /home/alex/workspace/ros2_project/auto_car/my_custom_interfaces/install/my_custom_interfaces/share/my_custom_interfaces/cmake/export_my_custom_interfaces__rosidl_typesupport_fastrtps_cppExport.cmake
[3.006s] -- Installing: /home/alex/workspace/ros2_project/auto_car/my_custom_interfaces/install/my_custom_interfaces/share/my_custom_interfaces/cmake/export_my_custom_interfaces__rosidl_typesupport_fastrtps_cppExport-noconfig.cmake
[3.006s] -- Installing: /home/alex/workspace/ros2_project/auto_car/my_custom_interfaces/install/my_custom_interfaces/share/my_custom_interfaces/cmake/my_custom_interfaces__rosidl_typesupport_introspection_cppExport.cmake
[3.006s] -- Installing: /home/alex/workspace/ros2_project/auto_car/my_custom_interfaces/install/my_custom_interfaces/share/my_custom_interfaces/cmake/my_custom_interfaces__rosidl_typesupport_introspection_cppExport-noconfig.cmake
[3.007s] -- Installing: /home/alex/workspace/ros2_project/auto_car/my_custom_interfaces/install/my_custom_interfaces/share/my_custom_interfaces/cmake/my_custom_interfaces__rosidl_typesupport_cppExport.cmake
[3.007s] -- Installing: /home/alex/workspace/ros2_project/auto_car/my_custom_interfaces/install/my_custom_interfaces/share/my_custom_interfaces/cmake/my_custom_interfaces__rosidl_typesupport_cppExport-noconfig.cmake
[3.007s] -- Installing: /home/alex/workspace/ros2_project/auto_car/my_custom_interfaces/install/my_custom_interfaces/share/my_custom_interfaces/cmake/export_my_custom_interfaces__rosidl_generator_pyExport.cmake
[3.007s] -- Installing: /home/alex/workspace/ros2_project/auto_car/my_custom_interfaces/install/my_custom_interfaces/share/my_custom_interfaces/cmake/export_my_custom_interfaces__rosidl_generator_pyExport-noconfig.cmake
[3.007s] -- Installing: /home/alex/workspace/ros2_project/auto_car/my_custom_interfaces/install/my_custom_interfaces/share/my_custom_interfaces/cmake/rosidl_cmake-extras.cmake
[3.007s] -- Installing: /home/alex/workspace/ros2_project/auto_car/my_custom_interfaces/install/my_custom_interfaces/share/my_custom_interfaces/cmake/ament_cmake_export_include_directories-extras.cmake
[3.008s] -- Installing: /home/alex/workspace/ros2_project/auto_car/my_custom_interfaces/install/my_custom_interfaces/share/my_custom_interfaces/cmake/ament_cmake_export_libraries-extras.cmake
[3.008s] -- Installing: /home/alex/workspace/ros2_project/auto_car/my_custom_interfaces/install/my_custom_interfaces/share/my_custom_interfaces/cmake/ament_cmake_export_targets-extras.cmake
[3.008s] -- Installing: /home/alex/workspace/ros2_project/auto_car/my_custom_interfaces/install/my_custom_interfaces/share/my_custom_interfaces/cmake/rosidl_cmake_export_typesupport_targets-extras.cmake
[3.008s] -- Installing: /home/alex/workspace/ros2_project/auto_car/my_custom_interfaces/install/my_custom_interfaces/share/my_custom_interfaces/cmake/ament_cmake_export_dependencies-extras.cmake
[3.008s] -- Installing: /home/alex/workspace/ros2_project/auto_car/my_custom_interfaces/install/my_custom_interfaces/share/my_custom_interfaces/cmake/rosidl_cmake_export_typesupport_libraries-extras.cmake
[3.008s] -- Installing: /home/alex/workspace/ros2_project/auto_car/my_custom_interfaces/install/my_custom_interfaces/share/my_custom_interfaces/cmake/my_custom_interfacesConfig.cmake
[3.009s] -- Installing: /home/alex/workspace/ros2_project/auto_car/my_custom_interfaces/install/my_custom_interfaces/share/my_custom_interfaces/cmake/my_custom_interfacesConfig-version.cmake
[3.009s] -- Installing: /home/alex/workspace/ros2_project/auto_car/my_custom_interfaces/install/my_custom_interfaces/share/my_custom_interfaces/package.xml
[3.012s] Invoked command in '/home/alex/workspace/ros2_project/auto_car/my_custom_interfaces/build/my_custom_interfaces' returned '0': CMAKE_PREFIX_PATH=/opt/ros/humble /usr/bin/cmake --install /home/alex/workspace/ros2_project/auto_car/my_custom_interfaces/build/my_custom_interfaces
