[0.010s] Invoking command in '/home/alex/workspace/ros2_project/for_learn/my_custom_action_interface/build/my_custom_action_interface': CMAKE_PREFIX_PATH=/opt/ros/humble /usr/bin/cmake /home/alex/workspace/ros2_project/for_learn/my_custom_action_interface -DCMAKE_INSTALL_PREFIX=/home/alex/workspace/ros2_project/for_learn/my_custom_action_interface/install/my_custom_action_interface
[0.020s] -- Found ament_cmake: 1.3.14 (/opt/ros/humble/share/ament_cmake/cmake)
[0.115s] -- Found rclcpp: 16.0.19 (/opt/ros/humble/share/rclcpp/cmake)
[0.136s] -- Found rosidl_generator_c: 3.1.8 (/opt/ros/humble/share/rosidl_generator_c/cmake)
[0.137s] -- Found rosidl_adapter: 3.1.8 (/opt/ros/humble/share/rosidl_adapter/cmake)
[0.142s] -- Found rosidl_generator_cpp: 3.1.8 (/opt/ros/humble/share/rosidl_generator_cpp/cmake)
[0.149s] -- Using all available rosidl_typesupport_c: rosidl_typesupport_fastrtps_c;rosidl_typesupport_introspection_c
[0.157s] -- Using all available rosidl_typesupport_cpp: rosidl_typesupport_fastrtps_cpp;rosidl_typesupport_introspection_cpp
[0.180s] -- Found rmw_implementation_cmake: 6.1.2 (/opt/ros/humble/share/rmw_implementation_cmake/cmake)
[0.181s] -- Found rmw_fastrtps_cpp: 6.2.10 (/opt/ros/humble/share/rmw_fastrtps_cpp/cmake)
[0.262s] -- Using RMW implementation 'rmw_fastrtps_cpp' as default
[0.295s] -- Found ament_lint_auto: 0.12.15 (/opt/ros/humble/share/ament_lint_auto/cmake)
[0.347s] -- Found rosidl_default_generators: 1.2.1 (/opt/ros/humble/share/rosidl_default_generators/cmake)
[0.355s] [31mCMake Error at /opt/ros/humble/share/rosidl_cmake/cmake/rosidl_generate_interfaces.cmake:93 (message):
[0.355s]   rosidl_generate_interfaces() the passed file 'action/Counter.act' doesn't
[0.355s]   exist relative to the CMAKE_CURRENT_SOURCE_DIR
[0.355s]   '/home/alex/workspace/ros2_project/for_learn/my_custom_action_interface'
[0.355s] Call Stack (most recent call first):
[0.355s]   CMakeLists.txt:26 (rosidl_generate_interfaces)
[0.355s] 
[0.355s] [0m
[0.356s] -- Configuring incomplete, errors occurred!
[0.356s] See also "/home/alex/workspace/ros2_project/for_learn/my_custom_action_interface/build/my_custom_action_interface/CMakeFiles/CMakeOutput.log".
[0.362s] Invoked command in '/home/alex/workspace/ros2_project/for_learn/my_custom_action_interface/build/my_custom_action_interface' returned '1': CMAKE_PREFIX_PATH=/opt/ros/humble /usr/bin/cmake /home/alex/workspace/ros2_project/for_learn/my_custom_action_interface -DCMAKE_INSTALL_PREFIX=/home/alex/workspace/ros2_project/for_learn/my_custom_action_interface/install/my_custom_action_interface
