[0.080s] DEBUG:colcon:Command line arguments: ['/usr/bin/colcon', 'build', '--packages-select', 'test_pkg']
[0.080s] DEBUG:colcon:Parsed command line arguments: Namespace(log_base=None, log_level=None, verb_name='build', build_base='build', install_base='install', merge_install=False, symlink_install=False, test_result_base=None, continue_on_error=False, executor='parallel', parallel_workers=8, event_handlers=None, ignore_user_meta=False, metas=['./colcon.meta'], base_paths=['.'], packages_ignore=None, packages_ignore_regex=None, paths=None, packages_up_to=None, packages_up_to_regex=None, packages_above=None, packages_above_and_dependencies=None, packages_above_depth=None, packages_select_by_dep=None, packages_skip_by_dep=None, packages_skip_up_to=None, packages_select_build_failed=False, packages_skip_build_finished=False, packages_select_test_failures=False, packages_skip_test_passed=False, packages_select=['test_pkg'], packages_skip=None, packages_select_regex=None, packages_skip_regex=None, packages_start=None, packages_end=None, allow_overriding=[], cmake_args=None, cmake_target=None, cmake_target_skip_unavailable=False, cmake_clean_cache=False, cmake_clean_first=False, cmake_force_configure=False, ament_cmake_args=None, catkin_cmake_args=None, catkin_skip_building_tests=False, verb_parser=<colcon_defaults.argument_parser.defaults.DefaultArgumentsDecorator object at 0x700d5022a530>, verb_extension=<colcon_core.verb.build.BuildVerb object at 0x700d5022a050>, main=<bound method BuildVerb.main of <colcon_core.verb.build.BuildVerb object at 0x700d5022a050>>)
[0.200s] Level 1:colcon.colcon_core.package_discovery:discover_packages(colcon_meta) check parameters
[0.201s] Level 1:colcon.colcon_core.package_discovery:discover_packages(recursive) check parameters
[0.201s] Level 1:colcon.colcon_core.package_discovery:discover_packages(ignore) check parameters
[0.201s] Level 1:colcon.colcon_core.package_discovery:discover_packages(path) check parameters
[0.201s] Level 1:colcon.colcon_core.package_discovery:discover_packages(colcon_meta) discover
[0.201s] Level 1:colcon.colcon_core.package_discovery:discover_packages(recursive) discover
[0.201s] INFO:colcon.colcon_core.package_discovery:Crawling recursively for packages in '/home/alex/workspace/ros2_project/auto_car'
[0.201s] Level 1:colcon.colcon_core.package_identification:_identify(.) by extensions ['ignore', 'ignore_ament_install']
[0.201s] Level 1:colcon.colcon_core.package_identification:_identify(.) by extension 'ignore'
[0.201s] Level 1:colcon.colcon_core.package_identification:_identify(.) by extension 'ignore_ament_install'
[0.201s] Level 1:colcon.colcon_core.package_identification:_identify(.) by extensions ['colcon_pkg']
[0.201s] Level 1:colcon.colcon_core.package_identification:_identify(.) by extension 'colcon_pkg'
[0.201s] Level 1:colcon.colcon_core.package_identification:_identify(.) by extensions ['colcon_meta']
[0.201s] Level 1:colcon.colcon_core.package_identification:_identify(.) by extension 'colcon_meta'
[0.201s] Level 1:colcon.colcon_core.package_identification:_identify(.) by extensions ['ros']
[0.201s] Level 1:colcon.colcon_core.package_identification:_identify(.) by extension 'ros'
[0.210s] Level 1:colcon.colcon_core.package_identification:_identify(.) by extensions ['cmake', 'python']
[0.210s] Level 1:colcon.colcon_core.package_identification:_identify(.) by extension 'cmake'
[0.210s] Level 1:colcon.colcon_core.package_identification:_identify(.) by extension 'python'
[0.210s] Level 1:colcon.colcon_core.package_identification:_identify(.) by extensions ['python_setup_py']
[0.210s] Level 1:colcon.colcon_core.package_identification:_identify(.) by extension 'python_setup_py'
[0.210s] Level 1:colcon.colcon_core.package_identification:_identify(build) by extensions ['ignore', 'ignore_ament_install']
[0.210s] Level 1:colcon.colcon_core.package_identification:_identify(build) by extension 'ignore'
[0.210s] Level 1:colcon.colcon_core.package_identification:_identify(build) ignored
[0.211s] Level 1:colcon.colcon_core.package_identification:_identify(install) by extensions ['ignore', 'ignore_ament_install']
[0.211s] Level 1:colcon.colcon_core.package_identification:_identify(install) by extension 'ignore'
[0.211s] Level 1:colcon.colcon_core.package_identification:_identify(install) ignored
[0.211s] Level 1:colcon.colcon_core.package_identification:_identify(log) by extensions ['ignore', 'ignore_ament_install']
[0.211s] Level 1:colcon.colcon_core.package_identification:_identify(log) by extension 'ignore'
[0.211s] Level 1:colcon.colcon_core.package_identification:_identify(log) ignored
[0.211s] Level 1:colcon.colcon_core.package_identification:_identify(test_pkg) by extensions ['ignore', 'ignore_ament_install']
[0.211s] Level 1:colcon.colcon_core.package_identification:_identify(test_pkg) by extension 'ignore'
[0.211s] Level 1:colcon.colcon_core.package_identification:_identify(test_pkg) by extension 'ignore_ament_install'
[0.211s] Level 1:colcon.colcon_core.package_identification:_identify(test_pkg) by extensions ['colcon_pkg']
[0.211s] Level 1:colcon.colcon_core.package_identification:_identify(test_pkg) by extension 'colcon_pkg'
[0.211s] Level 1:colcon.colcon_core.package_identification:_identify(test_pkg) by extensions ['colcon_meta']
[0.211s] Level 1:colcon.colcon_core.package_identification:_identify(test_pkg) by extension 'colcon_meta'
[0.211s] Level 1:colcon.colcon_core.package_identification:_identify(test_pkg) by extensions ['ros']
[0.211s] Level 1:colcon.colcon_core.package_identification:_identify(test_pkg) by extension 'ros'
[0.213s] DEBUG:colcon.colcon_core.package_identification:Package 'test_pkg' with type 'ros.ament_cmake' and name 'test_pkg'
[0.213s] Level 1:colcon.colcon_core.package_discovery:discover_packages(recursive) using defaults
[0.213s] Level 1:colcon.colcon_core.package_discovery:discover_packages(ignore) discover
[0.213s] Level 1:colcon.colcon_core.package_discovery:discover_packages(ignore) using defaults
[0.213s] Level 1:colcon.colcon_core.package_discovery:discover_packages(path) discover
[0.213s] Level 1:colcon.colcon_core.package_discovery:discover_packages(path) using defaults
[0.229s] Level 1:colcon.colcon_core.package_discovery:discover_packages(prefix_path) check parameters
[0.229s] Level 1:colcon.colcon_core.package_discovery:discover_packages(prefix_path) discover
[0.230s] DEBUG:colcon.colcon_installed_package_information.package_discovery:Found 1 installed packages in /home/alex/workspace/ros2_project/auto_car/install
[0.231s] DEBUG:colcon.colcon_installed_package_information.package_discovery:Found 273 installed packages in /opt/ros/humble
[0.233s] Level 1:colcon.colcon_core.package_discovery:discover_packages(prefix_path) using defaults
[0.272s] Level 5:colcon.colcon_core.verb:set package 'test_pkg' build argument 'cmake_args' from command line to 'None'
[0.272s] Level 5:colcon.colcon_core.verb:set package 'test_pkg' build argument 'cmake_target' from command line to 'None'
[0.272s] Level 5:colcon.colcon_core.verb:set package 'test_pkg' build argument 'cmake_target_skip_unavailable' from command line to 'False'
[0.272s] Level 5:colcon.colcon_core.verb:set package 'test_pkg' build argument 'cmake_clean_cache' from command line to 'False'
[0.272s] Level 5:colcon.colcon_core.verb:set package 'test_pkg' build argument 'cmake_clean_first' from command line to 'False'
[0.272s] Level 5:colcon.colcon_core.verb:set package 'test_pkg' build argument 'cmake_force_configure' from command line to 'False'
[0.272s] Level 5:colcon.colcon_core.verb:set package 'test_pkg' build argument 'ament_cmake_args' from command line to 'None'
[0.272s] Level 5:colcon.colcon_core.verb:set package 'test_pkg' build argument 'catkin_cmake_args' from command line to 'None'
[0.272s] Level 5:colcon.colcon_core.verb:set package 'test_pkg' build argument 'catkin_skip_building_tests' from command line to 'False'
[0.272s] DEBUG:colcon.colcon_core.verb:Building package 'test_pkg' with the following arguments: {'ament_cmake_args': None, 'build_base': '/home/alex/workspace/ros2_project/auto_car/build/test_pkg', 'catkin_cmake_args': None, 'catkin_skip_building_tests': False, 'cmake_args': None, 'cmake_clean_cache': False, 'cmake_clean_first': False, 'cmake_force_configure': False, 'cmake_target': None, 'cmake_target_skip_unavailable': False, 'install_base': '/home/alex/workspace/ros2_project/auto_car/install/test_pkg', 'merge_install': False, 'path': '/home/alex/workspace/ros2_project/auto_car/test_pkg', 'symlink_install': False, 'test_result_base': None}
[0.272s] INFO:colcon.colcon_core.executor:Executing jobs using 'parallel' executor
[0.273s] DEBUG:colcon.colcon_parallel_executor.executor.parallel:run_until_complete
[0.274s] INFO:colcon.colcon_ros.task.ament_cmake.build:Building ROS package in '/home/alex/workspace/ros2_project/auto_car/test_pkg' with build type 'ament_cmake'
[0.274s] INFO:colcon.colcon_cmake.task.cmake.build:Building CMake package in '/home/alex/workspace/ros2_project/auto_car/test_pkg'
[0.276s] INFO:colcon.colcon_core.plugin_system:Skipping extension 'colcon_core.shell.bat': Not used on non-Windows systems
[0.276s] INFO:colcon.colcon_core.shell:Skip shell extension 'powershell' for command environment: Not usable outside of PowerShell
[0.276s] DEBUG:colcon.colcon_core.shell:Skip shell extension 'dsv' for command environment
[0.285s] DEBUG:colcon.colcon_core.event_handler.log_command:Invoking command in '/home/alex/workspace/ros2_project/auto_car/build/test_pkg': CMAKE_PREFIX_PATH=${CMAKE_PREFIX_PATH}:/opt/ros/humble /usr/bin/cmake --build /home/alex/workspace/ros2_project/auto_car/build/test_pkg -- -j8 -l8
[3.065s] DEBUG:colcon.colcon_core.event_handler.log_command:Invoked command in '/home/alex/workspace/ros2_project/auto_car/build/test_pkg' returned '0': CMAKE_PREFIX_PATH=${CMAKE_PREFIX_PATH}:/opt/ros/humble /usr/bin/cmake --build /home/alex/workspace/ros2_project/auto_car/build/test_pkg -- -j8 -l8
[3.076s] DEBUG:colcon.colcon_core.event_handler.log_command:Invoking command in '/home/alex/workspace/ros2_project/auto_car/build/test_pkg': CMAKE_PREFIX_PATH=${CMAKE_PREFIX_PATH}:/opt/ros/humble /usr/bin/cmake --install /home/alex/workspace/ros2_project/auto_car/build/test_pkg
[3.086s] Level 1:colcon.colcon_core.environment:create_environment_scripts_only(test_pkg)
[3.086s] DEBUG:colcon.colcon_core.event_handler.log_command:Invoked command in '/home/alex/workspace/ros2_project/auto_car/build/test_pkg' returned '0': CMAKE_PREFIX_PATH=${CMAKE_PREFIX_PATH}:/opt/ros/humble /usr/bin/cmake --install /home/alex/workspace/ros2_project/auto_car/build/test_pkg
[3.088s] Level 1:colcon.colcon_core.environment:checking '/home/alex/workspace/ros2_project/auto_car/install/test_pkg' for CMake module files
[3.089s] Level 1:colcon.colcon_core.environment:checking '/home/alex/workspace/ros2_project/auto_car/install/test_pkg' for CMake config files
[3.089s] Level 1:colcon.colcon_core.shell:create_environment_hook('test_pkg', 'cmake_prefix_path')
[3.089s] INFO:colcon.colcon_core.shell:Creating environment hook '/home/alex/workspace/ros2_project/auto_car/install/test_pkg/share/test_pkg/hook/cmake_prefix_path.ps1'
[3.090s] INFO:colcon.colcon_core.shell:Creating environment descriptor '/home/alex/workspace/ros2_project/auto_car/install/test_pkg/share/test_pkg/hook/cmake_prefix_path.dsv'
[3.090s] INFO:colcon.colcon_core.shell:Creating environment hook '/home/alex/workspace/ros2_project/auto_car/install/test_pkg/share/test_pkg/hook/cmake_prefix_path.sh'
[3.091s] Level 1:colcon.colcon_core.environment:checking '/home/alex/workspace/ros2_project/auto_car/install/test_pkg/lib'
[3.091s] Level 1:colcon.colcon_core.environment:checking '/home/alex/workspace/ros2_project/auto_car/install/test_pkg/bin'
[3.091s] Level 1:colcon.colcon_core.environment:checking '/home/alex/workspace/ros2_project/auto_car/install/test_pkg/lib/pkgconfig/test_pkg.pc'
[3.092s] Level 1:colcon.colcon_core.environment:checking '/home/alex/workspace/ros2_project/auto_car/install/test_pkg/lib/python3.10/site-packages'
[3.092s] Level 1:colcon.colcon_core.environment:checking '/home/alex/workspace/ros2_project/auto_car/install/test_pkg/bin'
[3.092s] INFO:colcon.colcon_core.shell:Creating package script '/home/alex/workspace/ros2_project/auto_car/install/test_pkg/share/test_pkg/package.ps1'
[3.093s] INFO:colcon.colcon_core.shell:Creating package descriptor '/home/alex/workspace/ros2_project/auto_car/install/test_pkg/share/test_pkg/package.dsv'
[3.094s] INFO:colcon.colcon_core.shell:Creating package script '/home/alex/workspace/ros2_project/auto_car/install/test_pkg/share/test_pkg/package.sh'
[3.095s] INFO:colcon.colcon_core.shell:Creating package script '/home/alex/workspace/ros2_project/auto_car/install/test_pkg/share/test_pkg/package.bash'
[3.095s] INFO:colcon.colcon_core.shell:Creating package script '/home/alex/workspace/ros2_project/auto_car/install/test_pkg/share/test_pkg/package.zsh'
[3.096s] Level 1:colcon.colcon_core.environment:create_file_with_runtime_dependencies(/home/alex/workspace/ros2_project/auto_car/install/test_pkg/share/colcon-core/packages/test_pkg)
[3.096s] Level 1:colcon.colcon_core.environment:create_environment_scripts_only(test_pkg)
[3.097s] Level 1:colcon.colcon_core.environment:checking '/home/alex/workspace/ros2_project/auto_car/install/test_pkg' for CMake module files
[3.097s] Level 1:colcon.colcon_core.environment:checking '/home/alex/workspace/ros2_project/auto_car/install/test_pkg' for CMake config files
[3.097s] Level 1:colcon.colcon_core.shell:create_environment_hook('test_pkg', 'cmake_prefix_path')
[3.097s] INFO:colcon.colcon_core.shell:Creating environment hook '/home/alex/workspace/ros2_project/auto_car/install/test_pkg/share/test_pkg/hook/cmake_prefix_path.ps1'
[3.098s] INFO:colcon.colcon_core.shell:Creating environment descriptor '/home/alex/workspace/ros2_project/auto_car/install/test_pkg/share/test_pkg/hook/cmake_prefix_path.dsv'
[3.098s] INFO:colcon.colcon_core.shell:Creating environment hook '/home/alex/workspace/ros2_project/auto_car/install/test_pkg/share/test_pkg/hook/cmake_prefix_path.sh'
[3.099s] Level 1:colcon.colcon_core.environment:checking '/home/alex/workspace/ros2_project/auto_car/install/test_pkg/lib'
[3.099s] Level 1:colcon.colcon_core.environment:checking '/home/alex/workspace/ros2_project/auto_car/install/test_pkg/bin'
[3.099s] Level 1:colcon.colcon_core.environment:checking '/home/alex/workspace/ros2_project/auto_car/install/test_pkg/lib/pkgconfig/test_pkg.pc'
[3.099s] Level 1:colcon.colcon_core.environment:checking '/home/alex/workspace/ros2_project/auto_car/install/test_pkg/lib/python3.10/site-packages'
[3.099s] Level 1:colcon.colcon_core.environment:checking '/home/alex/workspace/ros2_project/auto_car/install/test_pkg/bin'
[3.099s] INFO:colcon.colcon_core.shell:Creating package script '/home/alex/workspace/ros2_project/auto_car/install/test_pkg/share/test_pkg/package.ps1'
[3.100s] INFO:colcon.colcon_core.shell:Creating package descriptor '/home/alex/workspace/ros2_project/auto_car/install/test_pkg/share/test_pkg/package.dsv'
[3.100s] INFO:colcon.colcon_core.shell:Creating package script '/home/alex/workspace/ros2_project/auto_car/install/test_pkg/share/test_pkg/package.sh'
[3.101s] INFO:colcon.colcon_core.shell:Creating package script '/home/alex/workspace/ros2_project/auto_car/install/test_pkg/share/test_pkg/package.bash'
[3.101s] INFO:colcon.colcon_core.shell:Creating package script '/home/alex/workspace/ros2_project/auto_car/install/test_pkg/share/test_pkg/package.zsh'
[3.102s] Level 1:colcon.colcon_core.environment:create_file_with_runtime_dependencies(/home/alex/workspace/ros2_project/auto_car/install/test_pkg/share/colcon-core/packages/test_pkg)
[3.102s] DEBUG:colcon.colcon_parallel_executor.executor.parallel:closing loop
[3.103s] DEBUG:colcon.colcon_parallel_executor.executor.parallel:loop closed
[3.103s] DEBUG:colcon.colcon_parallel_executor.executor.parallel:run_until_complete finished with '0'
[3.103s] DEBUG:colcon.colcon_core.event_reactor:joining thread
[3.103s] DEBUG:colcon.colcon_core.event_reactor:joined thread
[3.104s] INFO:colcon.colcon_core.shell:Creating prefix script '/home/alex/workspace/ros2_project/auto_car/install/local_setup.ps1'
[3.104s] INFO:colcon.colcon_core.shell:Creating prefix util module '/home/alex/workspace/ros2_project/auto_car/install/_local_setup_util_ps1.py'
[3.105s] INFO:colcon.colcon_core.shell:Creating prefix chain script '/home/alex/workspace/ros2_project/auto_car/install/setup.ps1'
[3.106s] INFO:colcon.colcon_core.shell:Creating prefix script '/home/alex/workspace/ros2_project/auto_car/install/local_setup.sh'
[3.107s] INFO:colcon.colcon_core.shell:Creating prefix util module '/home/alex/workspace/ros2_project/auto_car/install/_local_setup_util_sh.py'
[3.107s] INFO:colcon.colcon_core.shell:Creating prefix chain script '/home/alex/workspace/ros2_project/auto_car/install/setup.sh'
[3.108s] INFO:colcon.colcon_core.shell:Creating prefix script '/home/alex/workspace/ros2_project/auto_car/install/local_setup.bash'
[3.109s] INFO:colcon.colcon_core.shell:Creating prefix chain script '/home/alex/workspace/ros2_project/auto_car/install/setup.bash'
[3.109s] INFO:colcon.colcon_core.shell:Creating prefix script '/home/alex/workspace/ros2_project/auto_car/install/local_setup.zsh'
[3.110s] INFO:colcon.colcon_core.shell:Creating prefix chain script '/home/alex/workspace/ros2_project/auto_car/install/setup.zsh'
