[0.009s] Invoking command in '/home/alex/workspace/ros2_project/for_learn/my_custom_action_interface/build/my_custom_action_interface': CMAKE_PREFIX_PATH=/opt/ros/humble /usr/bin/cmake /home/alex/workspace/ros2_project/for_learn/my_custom_action_interface -DCMAKE_INSTALL_PREFIX=/home/alex/workspace/ros2_project/for_learn/my_custom_action_interface/install/my_custom_action_interface
[0.060s] -- The C compiler identification is GNU 11.4.0
[0.108s] -- The CXX compiler identification is GNU 11.4.0
[0.115s] -- Detecting C compiler ABI info
[0.196s] -- Detecting C compiler ABI info - done
[0.204s] -- Check for working C compiler: /usr/bin/cc - skipped
[0.205s] -- Detecting C compile features
[0.205s] -- Detecting C compile features - done
[0.207s] -- Detecting CXX compiler ABI info
[0.294s] -- Detecting CXX compiler ABI info - done
[0.299s] -- Check for working CXX compiler: /usr/bin/c++ - skipped
[0.299s] -- Detecting CXX compile features
[0.300s] -- Detecting CXX compile features - done
[0.301s] -- Found ament_cmake: 1.3.14 (/opt/ros/humble/share/ament_cmake/cmake)
[0.423s] -- Found Python3: /usr/bin/python3 (found version "3.10.12") found components: Interpreter 
[0.491s] -- Found rclcpp: 16.0.19 (/opt/ros/humble/share/rclcpp/cmake)
[0.519s] -- Found rosidl_generator_c: 3.1.8 (/opt/ros/humble/share/rosidl_generator_c/cmake)
[0.522s] -- Found rosidl_adapter: 3.1.8 (/opt/ros/humble/share/rosidl_adapter/cmake)
[0.528s] -- Found rosidl_generator_cpp: 3.1.8 (/opt/ros/humble/share/rosidl_generator_cpp/cmake)
[0.537s] -- Using all available rosidl_typesupport_c: rosidl_typesupport_fastrtps_c;rosidl_typesupport_introspection_c
[0.548s] -- Using all available rosidl_typesupport_cpp: rosidl_typesupport_fastrtps_cpp;rosidl_typesupport_introspection_cpp
[0.578s] -- Found rmw_implementation_cmake: 6.1.2 (/opt/ros/humble/share/rmw_implementation_cmake/cmake)
[0.580s] -- Found rmw_fastrtps_cpp: 6.2.10 (/opt/ros/humble/share/rmw_fastrtps_cpp/cmake)
[0.658s] -- Found OpenSSL: /usr/lib/x86_64-linux-gnu/libcrypto.so (found version "3.0.2")  
[0.680s] -- Found FastRTPS: /opt/ros/humble/include  
[0.712s] -- Using RMW implementation 'rmw_fastrtps_cpp' as default
[0.718s] -- Looking for pthread.h
[0.787s] -- Looking for pthread.h - found
[0.787s] -- Performing Test CMAKE_HAVE_LIBC_PTHREAD
[0.863s] -- Performing Test CMAKE_HAVE_LIBC_PTHREAD - Success
[0.864s] -- Found Threads: TRUE  
[0.899s] -- Found ament_lint_auto: 0.12.15 (/opt/ros/humble/share/ament_lint_auto/cmake)
[0.954s] -- Found rosidl_default_generators: 1.2.1 (/opt/ros/humble/share/rosidl_default_generators/cmake)
[0.967s] [31mCMake Error at /opt/ros/humble/share/rosidl_cmake/cmake/rosidl_generate_interfaces.cmake:93 (message):
[0.967s]   rosidl_generate_interfaces() the passed file 'act/counter.act' doesn't
[0.967s]   exist relative to the CMAKE_CURRENT_SOURCE_DIR
[0.967s]   '/home/alex/workspace/ros2_project/for_learn/my_custom_action_interface'
[0.967s] Call Stack (most recent call first):
[0.968s]   CMakeLists.txt:26 (rosidl_generate_interfaces)
[0.968s] 
[0.968s] [0m
[0.968s] -- Configuring incomplete, errors occurred!
[0.968s] See also "/home/alex/workspace/ros2_project/for_learn/my_custom_action_interface/build/my_custom_action_interface/CMakeFiles/CMakeOutput.log".
[0.975s] Invoked command in '/home/alex/workspace/ros2_project/for_learn/my_custom_action_interface/build/my_custom_action_interface' returned '1': CMAKE_PREFIX_PATH=/opt/ros/humble /usr/bin/cmake /home/alex/workspace/ros2_project/for_learn/my_custom_action_interface -DCMAKE_INSTALL_PREFIX=/home/alex/workspace/ros2_project/for_learn/my_custom_action_interface/install/my_custom_action_interface
