[0.014s] Invoking command in '/home/alex/workspace/ros2_project/for_learn/my_custom_service_interface/build/my_custom_service_interface': /usr/bin/cmake /home/alex/workspace/ros2_project/for_learn/my_custom_service_interface -DCMAKE_INSTALL_PREFIX=/home/alex/workspace/ros2_project/for_learn/my_custom_service_interface/install/my_custom_service_interface
[0.063s] -- The C compiler identification is GNU 11.4.0
[0.111s] -- The CXX compiler identification is GNU 11.4.0
[0.118s] -- Detecting C compiler ABI info
[0.193s] -- Detecting C compiler ABI info - done
[0.198s] -- Check for working C compiler: /usr/bin/cc - skipped
[0.198s] -- Detecting C compile features
[0.199s] -- Detecting C compile features - done
[0.201s] -- Detecting CXX compiler ABI info
[0.278s] -- Detecting CXX compiler ABI info - done
[0.283s] -- Check for working CXX compiler: /usr/bin/c++ - skipped
[0.283s] -- Detecting CXX compile features
[0.284s] -- Detecting CXX compile features - done
[0.285s] -- Found ament_cmake: 1.3.14 (/opt/ros/humble/share/ament_cmake/cmake)
[0.399s] -- Found Python3: /usr/bin/python3 (found version "3.10.12") found components: Interpreter 
[0.477s] -- Found ament_lint_auto: 0.12.15 (/opt/ros/humble/share/ament_lint_auto/cmake)
[0.517s] Error parsing '/home/alex/workspace/ros2_project/for_learn/my_custom_service_interface/package.xml':
[0.555s] Traceback (most recent call last):
[0.555s]   File "/opt/ros/humble/share/ament_cmake_core/cmake/core/package_xml_2_cmake.py", line 150, in <module>
[0.555s]     main()
[0.555s]   File "/opt/ros/humble/share/ament_cmake_core/cmake/core/package_xml_2_cmake.py", line 53, in main
[0.555s]     raise e
[0.555s]   File "/opt/ros/humble/share/ament_cmake_core/cmake/core/package_xml_2_cmake.py", line 49, in main
[0.555s]     package = parse_package_string(
[0.555s]   File "/usr/lib/python3/dist-packages/catkin_pkg/package.py", line 786, in parse_package_string
[0.555s]     raise InvalidPackage('Error(s):%s' % (''.join(['\n- %s' % e for e in errors])), filename)
[0.555s] catkin_pkg.package.InvalidPackage: Error(s) in package '/home/alex/workspace/ros2_project/for_learn/my_custom_service_interface/package.xml':
[0.555s] Error(s):
[0.556s] - The manifest of package "my_custom_service_interface" (with format version 3) must not contain the following tags: nav
[0.566s] [31mCMake Error at /opt/ros/humble/share/ament_cmake_core/cmake/core/ament_package_xml.cmake:95 (message):
[0.566s]   execute_process(/usr/bin/python3
[0.566s]   /opt/ros/humble/share/ament_cmake_core/cmake/core/package_xml_2_cmake.py
[0.566s]   /home/alex/workspace/ros2_project/for_learn/my_custom_service_interface/package.xml
[0.566s]   /home/alex/workspace/ros2_project/for_learn/my_custom_service_interface/build/my_custom_service_interface/ament_cmake_core/package.cmake)
[0.567s]   returned error code 1
[0.567s] Call Stack (most recent call first):
[0.567s]   /opt/ros/humble/share/ament_cmake_core/cmake/core/ament_package_xml.cmake:49 (_ament_package_xml)
[0.567s]   /opt/ros/humble/share/ament_lint_auto/cmake/ament_lint_auto_find_test_dependencies.cmake:31 (ament_package_xml)
[0.567s]   CMakeLists.txt:23 (ament_lint_auto_find_test_dependencies)
[0.567s] 
[0.567s] [0m
[0.567s] -- Configuring incomplete, errors occurred!
[0.567s] See also "/home/alex/workspace/ros2_project/for_learn/my_custom_service_interface/build/my_custom_service_interface/CMakeFiles/CMakeOutput.log".
[0.571s] Invoked command in '/home/alex/workspace/ros2_project/for_learn/my_custom_service_interface/build/my_custom_service_interface' returned '1': /usr/bin/cmake /home/alex/workspace/ros2_project/for_learn/my_custom_service_interface -DCMAKE_INSTALL_PREFIX=/home/alex/workspace/ros2_project/for_learn/my_custom_service_interface/install/my_custom_service_interface
