-- Found ament_cmake: 1.3.14 (/opt/ros/humble/share/ament_cmake/cmake)
-- Found rclcpp: 16.0.19 (/opt/ros/humble/share/rclcpp/cmake)
-- Found rosidl_generator_c: 3.1.8 (/opt/ros/humble/share/rosidl_generator_c/cmake)
-- Found rosidl_adapter: 3.1.8 (/opt/ros/humble/share/rosidl_adapter/cmake)
-- Found rosidl_generator_cpp: 3.1.8 (/opt/ros/humble/share/rosidl_generator_cpp/cmake)
-- Using all available rosidl_typesupport_c: rosidl_typesupport_fastrtps_c;rosidl_typesupport_introspection_c
-- Using all available rosidl_typesupport_cpp: rosidl_typesupport_fastrtps_cpp;rosidl_typesupport_introspection_cpp
-- Found rmw_implementation_cmake: 6.1.2 (/opt/ros/humble/share/rmw_implementation_cmake/cmake)
-- Found rmw_fastrtps_cpp: 6.2.10 (/opt/ros/humble/share/rmw_fastrtps_cpp/cmake)
-- Using RMW implementation 'rmw_fastrtps_cpp' as default
-- Found ament_lint_auto: 0.12.15 (/opt/ros/humble/share/ament_lint_auto/cmake)
-- Found rosidl_default_generators: 1.2.1 (/opt/ros/humble/share/rosidl_default_generators/cmake)
-- Found ament_cmake_ros: 0.10.0 (/opt/ros/humble/share/ament_cmake_ros/cmake)
-- Using all available rosidl_typesupport_c: rosidl_typesupport_fastrtps_c;rosidl_typesupport_introspection_c
-- Using all available rosidl_typesupport_cpp: rosidl_typesupport_fastrtps_cpp;rosidl_typesupport_introspection_cpp
-- Found PythonInterp: /usr/bin/python3 (found suitable version "3.10.12", minimum required is "3.6") 
-- Found python_cmake_module: 0.10.0 (/opt/ros/humble/share/python_cmake_module/cmake)
-- Found PythonLibs: /usr/lib/x86_64-linux-gnu/libpython3.10.so (found suitable version "3.10.12", minimum required is "3.5") 
-- Using PYTHON_EXECUTABLE: /usr/bin/python3
-- Using PYTHON_INCLUDE_DIRS: /usr/include/python3.10
-- Using PYTHON_LIBRARIES: /usr/lib/x86_64-linux-gnu/libpython3.10.so
-- Found PythonExtra: .so  
-- Added test 'cppcheck' to perform static code analysis on C / C++ code
-- Configured cppcheck include dirs: $<BUILD_INTERFACE:/home/alex/workspace/ros2_project/for_learn/my_custom_action_interface/build/my_custom_action_interface/rosidl_generator_c>;$<BUILD_INTERFACE:/home/alex/workspace/ros2_project/for_learn/my_custom_action_interface/build/my_custom_action_interface/rosidl_typesupport_fastrtps_c>;$<BUILD_INTERFACE:/home/alex/workspace/ros2_project/for_learn/my_custom_action_interface/build/my_custom_action_interface/rosidl_generator_cpp>;$<BUILD_INTERFACE:/home/alex/workspace/ros2_project/for_learn/my_custom_action_interface/build/my_custom_action_interface/rosidl_typesupport_fastrtps_cpp>;$<BUILD_INTERFACE:/home/alex/workspace/ros2_project/for_learn/my_custom_action_interface/build/my_custom_action_interface/rosidl_typesupport_introspection_c>;$<BUILD_INTERFACE:/home/alex/workspace/ros2_project/for_learn/my_custom_action_interface/build/my_custom_action_interface/rosidl_typesupport_introspection_cpp>;/home/alex/workspace/ros2_project/for_learn/my_custom_action_interface/build/my_custom_action_interface/rosidl_generator_c;/home/alex/workspace/ros2_project/for_learn/my_custom_action_interface/build/my_custom_action_interface/rosidl_generator_py
-- Configured cppcheck exclude dirs and/or files: 
-- Added test 'flake8' to check Python code syntax and style conventions
-- Added test 'lint_cmake' to check CMake code style
-- Added test 'pep257' to check Python code against some of the docstring style conventions in PEP 257
-- Added test 'uncrustify' to check C / C++ code style
-- Configured uncrustify additional arguments: 
-- Added test 'xmllint' to check XML markup files
-- Configuring done
-- Generating done
-- Build files have been written to: /home/alex/workspace/ros2_project/for_learn/my_custom_action_interface/build/my_custom_action_interface
[  3%] [34m[1mGenerating C code for ROS interfaces[0m
[  6%] [34m[1mGenerating Rust code for ROS interfaces[0m
[  9%] [34m[1mGenerating C++ code for ROS interfaces[0m
[  9%] Built target ament_cmake_python_copy_my_custom_action_interface
[  9%] Built target my_custom_action_interface__rs
running egg_info
creating my_custom_action_interface.egg-info
writing my_custom_action_interface.egg-info/PKG-INFO
writing dependency_links to my_custom_action_interface.egg-info/dependency_links.txt
writing top-level names to my_custom_action_interface.egg-info/top_level.txt
writing manifest file 'my_custom_action_interface.egg-info/SOURCES.txt'
reading manifest file 'my_custom_action_interface.egg-info/SOURCES.txt'
writing manifest file 'my_custom_action_interface.egg-info/SOURCES.txt'
[  9%] Built target ament_cmake_python_build_my_custom_action_interface_egg
[ 12%] [32mBuilding C object CMakeFiles/my_custom_action_interface__rosidl_generator_c.dir/rosidl_generator_c/my_custom_action_interface/action/detail/counter__functions.c.o[0m
[ 12%] Built target my_custom_action_interface__cpp
[ 21%] [34m[1mGenerating C++ introspection for ROS interfaces[0m
[ 21%] [34m[1mGenerating C++ type support for eProsima Fast-RTPS[0m
[ 21%] [34m[1mGenerating C++ type support dispatch for ROS interfaces[0m
[ 25%] [32m[1mLinking C shared library libmy_custom_action_interface__rosidl_generator_c.so[0m
[ 25%] Built target my_custom_action_interface__rosidl_generator_c
[ 34%] [34m[1mGenerating C type support for eProsima Fast-RTPS[0m
[ 34%] [34m[1mGenerating C introspection for ROS interfaces[0m
[ 34%] [34m[1mGenerating C type support dispatch for ROS interfaces[0m
[ 37%] [32mBuilding CXX object CMakeFiles/my_custom_action_interface__rosidl_typesupport_cpp.dir/rosidl_typesupport_cpp/my_custom_action_interface/action/counter__type_support.cpp.o[0m
[ 40%] [32mBuilding CXX object CMakeFiles/my_custom_action_interface__rosidl_typesupport_introspection_cpp.dir/rosidl_typesupport_introspection_cpp/my_custom_action_interface/action/detail/counter__type_support.cpp.o[0m
[ 43%] [32mBuilding CXX object CMakeFiles/my_custom_action_interface__rosidl_typesupport_fastrtps_cpp.dir/rosidl_typesupport_fastrtps_cpp/my_custom_action_interface/action/detail/dds_fastrtps/counter__type_support.cpp.o[0m
[ 46%] [32mBuilding CXX object CMakeFiles/my_custom_action_interface__rosidl_typesupport_c.dir/rosidl_typesupport_c/my_custom_action_interface/action/counter__type_support.cpp.o[0m
[ 50%] [32m[1mLinking CXX shared library libmy_custom_action_interface__rosidl_typesupport_c.so[0m
[ 53%] [32mBuilding C object CMakeFiles/my_custom_action_interface__rosidl_typesupport_introspection_c.dir/rosidl_typesupport_introspection_c/my_custom_action_interface/action/detail/counter__type_support.c.o[0m
[ 56%] [32mBuilding CXX object CMakeFiles/my_custom_action_interface__rosidl_typesupport_fastrtps_c.dir/rosidl_typesupport_fastrtps_c/my_custom_action_interface/action/detail/counter__type_support_c.cpp.o[0m
[ 56%] Built target my_custom_action_interface__rosidl_typesupport_c
[ 59%] [32m[1mLinking C shared library libmy_custom_action_interface__rosidl_typesupport_introspection_c.so[0m
[ 59%] Built target my_custom_action_interface__rosidl_typesupport_introspection_c
[ 62%] [32m[1mLinking CXX shared library libmy_custom_action_interface__rosidl_typesupport_cpp.so[0m
[ 62%] Built target my_custom_action_interface__rosidl_typesupport_cpp
[ 65%] [32m[1mLinking CXX shared library libmy_custom_action_interface__rosidl_typesupport_fastrtps_c.so[0m
[ 68%] [32m[1mLinking CXX shared library libmy_custom_action_interface__rosidl_typesupport_introspection_cpp.so[0m
[ 71%] [32m[1mLinking CXX shared library libmy_custom_action_interface__rosidl_typesupport_fastrtps_cpp.so[0m
[ 71%] Built target my_custom_action_interface__rosidl_typesupport_fastrtps_c
[ 71%] Built target my_custom_action_interface__rosidl_typesupport_introspection_cpp
[ 71%] Built target my_custom_action_interface__rosidl_typesupport_fastrtps_cpp
[ 71%] Built target my_custom_action_interface
[ 75%] [34m[1mGenerating Python code for ROS interfaces[0m
[ 75%] Built target my_custom_action_interface__py
[ 78%] [32mBuilding C object CMakeFiles/my_custom_action_interface__rosidl_generator_py.dir/rosidl_generator_py/my_custom_action_interface/action/_counter_s.c.o[0m
[ 81%] [32m[1mLinking C shared library rosidl_generator_py/my_custom_action_interface/libmy_custom_action_interface__rosidl_generator_py.so[0m
[ 81%] Built target my_custom_action_interface__rosidl_generator_py
[ 84%] [32mBuilding C object CMakeFiles/my_custom_action_interface__rosidl_typesupport_fastrtps_c__pyext.dir/rosidl_generator_py/my_custom_action_interface/_my_custom_action_interface_s.ep.rosidl_typesupport_fastrtps_c.c.o[0m
[ 87%] [32mBuilding C object CMakeFiles/my_custom_action_interface__rosidl_typesupport_c__pyext.dir/rosidl_generator_py/my_custom_action_interface/_my_custom_action_interface_s.ep.rosidl_typesupport_c.c.o[0m
[ 90%] [32mBuilding C object CMakeFiles/my_custom_action_interface__rosidl_typesupport_introspection_c__pyext.dir/rosidl_generator_py/my_custom_action_interface/_my_custom_action_interface_s.ep.rosidl_typesupport_introspection_c.c.o[0m
[ 96%] [32m[1mLinking C shared library rosidl_generator_py/my_custom_action_interface/my_custom_action_interface_s__rosidl_typesupport_fastrtps_c.cpython-310-x86_64-linux-gnu.so[0m
[ 96%] [32m[1mLinking C shared library rosidl_generator_py/my_custom_action_interface/my_custom_action_interface_s__rosidl_typesupport_c.cpython-310-x86_64-linux-gnu.so[0m
[100%] [32m[1mLinking C shared library rosidl_generator_py/my_custom_action_interface/my_custom_action_interface_s__rosidl_typesupport_introspection_c.cpython-310-x86_64-linux-gnu.so[0m
[100%] Built target my_custom_action_interface__rosidl_typesupport_fastrtps_c__pyext
[100%] Built target my_custom_action_interface__rosidl_typesupport_c__pyext
[100%] Built target my_custom_action_interface__rosidl_typesupport_introspection_c__pyext
-- Install configuration: ""
-- Installing: /home/alex/workspace/ros2_project/for_learn/my_custom_action_interface/install/my_custom_action_interface/share/ament_index/resource_index/rosidl_interfaces/my_custom_action_interface
-- Installing: /home/alex/workspace/ros2_project/for_learn/my_custom_action_interface/install/my_custom_action_interface/include/my_custom_action_interface/my_custom_action_interface
-- Installing: /home/alex/workspace/ros2_project/for_learn/my_custom_action_interface/install/my_custom_action_interface/include/my_custom_action_interface/my_custom_action_interface/msg
-- Installing: /home/alex/workspace/ros2_project/for_learn/my_custom_action_interface/install/my_custom_action_interface/include/my_custom_action_interface/my_custom_action_interface/msg/rosidl_generator_c__visibility_control.h
-- Installing: /home/alex/workspace/ros2_project/for_learn/my_custom_action_interface/install/my_custom_action_interface/include/my_custom_action_interface/my_custom_action_interface/action
-- Installing: /home/alex/workspace/ros2_project/for_learn/my_custom_action_interface/install/my_custom_action_interface/include/my_custom_action_interface/my_custom_action_interface/action/detail
-- Installing: /home/alex/workspace/ros2_project/for_learn/my_custom_action_interface/install/my_custom_action_interface/include/my_custom_action_interface/my_custom_action_interface/action/detail/counter__type_support.h
-- Installing: /home/alex/workspace/ros2_project/for_learn/my_custom_action_interface/install/my_custom_action_interface/include/my_custom_action_interface/my_custom_action_interface/action/detail/counter__functions.c
-- Installing: /home/alex/workspace/ros2_project/for_learn/my_custom_action_interface/install/my_custom_action_interface/include/my_custom_action_interface/my_custom_action_interface/action/detail/counter__functions.h
-- Installing: /home/alex/workspace/ros2_project/for_learn/my_custom_action_interface/install/my_custom_action_interface/include/my_custom_action_interface/my_custom_action_interface/action/detail/counter__struct.h
-- Installing: /home/alex/workspace/ros2_project/for_learn/my_custom_action_interface/install/my_custom_action_interface/include/my_custom_action_interface/my_custom_action_interface/action/counter.h
-- Installing: /home/alex/workspace/ros2_project/for_learn/my_custom_action_interface/install/my_custom_action_interface/share/my_custom_action_interface/environment/library_path.sh
-- Installing: /home/alex/workspace/ros2_project/for_learn/my_custom_action_interface/install/my_custom_action_interface/share/my_custom_action_interface/environment/library_path.dsv
-- Installing: /home/alex/workspace/ros2_project/for_learn/my_custom_action_interface/install/my_custom_action_interface/lib/libmy_custom_action_interface__rosidl_generator_c.so
-- Set runtime path of "/home/alex/workspace/ros2_project/for_learn/my_custom_action_interface/install/my_custom_action_interface/lib/libmy_custom_action_interface__rosidl_generator_c.so" to ""
-- Up-to-date: /home/alex/workspace/ros2_project/for_learn/my_custom_action_interface/install/my_custom_action_interface/include/my_custom_action_interface/my_custom_action_interface
-- Up-to-date: /home/alex/workspace/ros2_project/for_learn/my_custom_action_interface/install/my_custom_action_interface/include/my_custom_action_interface/my_custom_action_interface/msg
-- Installing: /home/alex/workspace/ros2_project/for_learn/my_custom_action_interface/install/my_custom_action_interface/include/my_custom_action_interface/my_custom_action_interface/msg/rosidl_typesupport_fastrtps_c__visibility_control.h
-- Up-to-date: /home/alex/workspace/ros2_project/for_learn/my_custom_action_interface/install/my_custom_action_interface/include/my_custom_action_interface/my_custom_action_interface/action
-- Up-to-date: /home/alex/workspace/ros2_project/for_learn/my_custom_action_interface/install/my_custom_action_interface/include/my_custom_action_interface/my_custom_action_interface/action/detail
-- Installing: /home/alex/workspace/ros2_project/for_learn/my_custom_action_interface/install/my_custom_action_interface/include/my_custom_action_interface/my_custom_action_interface/action/detail/counter__rosidl_typesupport_fastrtps_c.h
-- Installing: /home/alex/workspace/ros2_project/for_learn/my_custom_action_interface/install/my_custom_action_interface/lib/libmy_custom_action_interface__rosidl_typesupport_fastrtps_c.so
-- Set runtime path of "/home/alex/workspace/ros2_project/for_learn/my_custom_action_interface/install/my_custom_action_interface/lib/libmy_custom_action_interface__rosidl_typesupport_fastrtps_c.so" to ""
-- Up-to-date: /home/alex/workspace/ros2_project/for_learn/my_custom_action_interface/install/my_custom_action_interface/include/my_custom_action_interface/my_custom_action_interface
-- Up-to-date: /home/alex/workspace/ros2_project/for_learn/my_custom_action_interface/install/my_custom_action_interface/include/my_custom_action_interface/my_custom_action_interface/msg
-- Installing: /home/alex/workspace/ros2_project/for_learn/my_custom_action_interface/install/my_custom_action_interface/include/my_custom_action_interface/my_custom_action_interface/msg/rosidl_generator_cpp__visibility_control.hpp
-- Up-to-date: /home/alex/workspace/ros2_project/for_learn/my_custom_action_interface/install/my_custom_action_interface/include/my_custom_action_interface/my_custom_action_interface/action
-- Installing: /home/alex/workspace/ros2_project/for_learn/my_custom_action_interface/install/my_custom_action_interface/include/my_custom_action_interface/my_custom_action_interface/action/counter.hpp
-- Up-to-date: /home/alex/workspace/ros2_project/for_learn/my_custom_action_interface/install/my_custom_action_interface/include/my_custom_action_interface/my_custom_action_interface/action/detail
-- Installing: /home/alex/workspace/ros2_project/for_learn/my_custom_action_interface/install/my_custom_action_interface/include/my_custom_action_interface/my_custom_action_interface/action/detail/counter__struct.hpp
-- Installing: /home/alex/workspace/ros2_project/for_learn/my_custom_action_interface/install/my_custom_action_interface/include/my_custom_action_interface/my_custom_action_interface/action/detail/counter__type_support.hpp
-- Installing: /home/alex/workspace/ros2_project/for_learn/my_custom_action_interface/install/my_custom_action_interface/include/my_custom_action_interface/my_custom_action_interface/action/detail/counter__traits.hpp
-- Installing: /home/alex/workspace/ros2_project/for_learn/my_custom_action_interface/install/my_custom_action_interface/include/my_custom_action_interface/my_custom_action_interface/action/detail/counter__builder.hpp
-- Up-to-date: /home/alex/workspace/ros2_project/for_learn/my_custom_action_interface/install/my_custom_action_interface/include/my_custom_action_interface/my_custom_action_interface
-- Up-to-date: /home/alex/workspace/ros2_project/for_learn/my_custom_action_interface/install/my_custom_action_interface/include/my_custom_action_interface/my_custom_action_interface/msg
-- Installing: /home/alex/workspace/ros2_project/for_learn/my_custom_action_interface/install/my_custom_action_interface/include/my_custom_action_interface/my_custom_action_interface/msg/rosidl_typesupport_fastrtps_cpp__visibility_control.h
-- Up-to-date: /home/alex/workspace/ros2_project/for_learn/my_custom_action_interface/install/my_custom_action_interface/include/my_custom_action_interface/my_custom_action_interface/action
-- Up-to-date: /home/alex/workspace/ros2_project/for_learn/my_custom_action_interface/install/my_custom_action_interface/include/my_custom_action_interface/my_custom_action_interface/action/detail
-- Installing: /home/alex/workspace/ros2_project/for_learn/my_custom_action_interface/install/my_custom_action_interface/include/my_custom_action_interface/my_custom_action_interface/action/detail/dds_fastrtps
-- Installing: /home/alex/workspace/ros2_project/for_learn/my_custom_action_interface/install/my_custom_action_interface/include/my_custom_action_interface/my_custom_action_interface/action/detail/counter__rosidl_typesupport_fastrtps_cpp.hpp
-- Installing: /home/alex/workspace/ros2_project/for_learn/my_custom_action_interface/install/my_custom_action_interface/lib/libmy_custom_action_interface__rosidl_typesupport_fastrtps_cpp.so
-- Set runtime path of "/home/alex/workspace/ros2_project/for_learn/my_custom_action_interface/install/my_custom_action_interface/lib/libmy_custom_action_interface__rosidl_typesupport_fastrtps_cpp.so" to ""
-- Up-to-date: /home/alex/workspace/ros2_project/for_learn/my_custom_action_interface/install/my_custom_action_interface/include/my_custom_action_interface/my_custom_action_interface
-- Up-to-date: /home/alex/workspace/ros2_project/for_learn/my_custom_action_interface/install/my_custom_action_interface/include/my_custom_action_interface/my_custom_action_interface/msg
-- Installing: /home/alex/workspace/ros2_project/for_learn/my_custom_action_interface/install/my_custom_action_interface/include/my_custom_action_interface/my_custom_action_interface/msg/rosidl_typesupport_introspection_c__visibility_control.h
-- Up-to-date: /home/alex/workspace/ros2_project/for_learn/my_custom_action_interface/install/my_custom_action_interface/include/my_custom_action_interface/my_custom_action_interface/action
-- Up-to-date: /home/alex/workspace/ros2_project/for_learn/my_custom_action_interface/install/my_custom_action_interface/include/my_custom_action_interface/my_custom_action_interface/action/detail
-- Installing: /home/alex/workspace/ros2_project/for_learn/my_custom_action_interface/install/my_custom_action_interface/include/my_custom_action_interface/my_custom_action_interface/action/detail/counter__type_support.c
-- Installing: /home/alex/workspace/ros2_project/for_learn/my_custom_action_interface/install/my_custom_action_interface/include/my_custom_action_interface/my_custom_action_interface/action/detail/counter__rosidl_typesupport_introspection_c.h
-- Installing: /home/alex/workspace/ros2_project/for_learn/my_custom_action_interface/install/my_custom_action_interface/lib/libmy_custom_action_interface__rosidl_typesupport_introspection_c.so
-- Set runtime path of "/home/alex/workspace/ros2_project/for_learn/my_custom_action_interface/install/my_custom_action_interface/lib/libmy_custom_action_interface__rosidl_typesupport_introspection_c.so" to ""
-- Installing: /home/alex/workspace/ros2_project/for_learn/my_custom_action_interface/install/my_custom_action_interface/lib/libmy_custom_action_interface__rosidl_typesupport_c.so
-- Set runtime path of "/home/alex/workspace/ros2_project/for_learn/my_custom_action_interface/install/my_custom_action_interface/lib/libmy_custom_action_interface__rosidl_typesupport_c.so" to ""
-- Up-to-date: /home/alex/workspace/ros2_project/for_learn/my_custom_action_interface/install/my_custom_action_interface/include/my_custom_action_interface/my_custom_action_interface
-- Up-to-date: /home/alex/workspace/ros2_project/for_learn/my_custom_action_interface/install/my_custom_action_interface/include/my_custom_action_interface/my_custom_action_interface/action
-- Up-to-date: /home/alex/workspace/ros2_project/for_learn/my_custom_action_interface/install/my_custom_action_interface/include/my_custom_action_interface/my_custom_action_interface/action/detail
-- Installing: /home/alex/workspace/ros2_project/for_learn/my_custom_action_interface/install/my_custom_action_interface/include/my_custom_action_interface/my_custom_action_interface/action/detail/counter__rosidl_typesupport_introspection_cpp.hpp
-- Installing: /home/alex/workspace/ros2_project/for_learn/my_custom_action_interface/install/my_custom_action_interface/include/my_custom_action_interface/my_custom_action_interface/action/detail/counter__type_support.cpp
-- Installing: /home/alex/workspace/ros2_project/for_learn/my_custom_action_interface/install/my_custom_action_interface/lib/libmy_custom_action_interface__rosidl_typesupport_introspection_cpp.so
-- Set runtime path of "/home/alex/workspace/ros2_project/for_learn/my_custom_action_interface/install/my_custom_action_interface/lib/libmy_custom_action_interface__rosidl_typesupport_introspection_cpp.so" to ""
-- Installing: /home/alex/workspace/ros2_project/for_learn/my_custom_action_interface/install/my_custom_action_interface/lib/libmy_custom_action_interface__rosidl_typesupport_cpp.so
-- Set runtime path of "/home/alex/workspace/ros2_project/for_learn/my_custom_action_interface/install/my_custom_action_interface/lib/libmy_custom_action_interface__rosidl_typesupport_cpp.so" to ""
-- Installing: /home/alex/workspace/ros2_project/for_learn/my_custom_action_interface/install/my_custom_action_interface/share/my_custom_action_interface/environment/pythonpath.sh
-- Installing: /home/alex/workspace/ros2_project/for_learn/my_custom_action_interface/install/my_custom_action_interface/share/my_custom_action_interface/environment/pythonpath.dsv
-- Installing: /home/alex/workspace/ros2_project/for_learn/my_custom_action_interface/install/my_custom_action_interface/local/lib/python3.10/dist-packages/my_custom_action_interface-0.0.0-py3.10.egg-info
-- Installing: /home/alex/workspace/ros2_project/for_learn/my_custom_action_interface/install/my_custom_action_interface/local/lib/python3.10/dist-packages/my_custom_action_interface-0.0.0-py3.10.egg-info/dependency_links.txt
-- Installing: /home/alex/workspace/ros2_project/for_learn/my_custom_action_interface/install/my_custom_action_interface/local/lib/python3.10/dist-packages/my_custom_action_interface-0.0.0-py3.10.egg-info/top_level.txt
-- Installing: /home/alex/workspace/ros2_project/for_learn/my_custom_action_interface/install/my_custom_action_interface/local/lib/python3.10/dist-packages/my_custom_action_interface-0.0.0-py3.10.egg-info/PKG-INFO
-- Installing: /home/alex/workspace/ros2_project/for_learn/my_custom_action_interface/install/my_custom_action_interface/local/lib/python3.10/dist-packages/my_custom_action_interface-0.0.0-py3.10.egg-info/SOURCES.txt
-- Installing: /home/alex/workspace/ros2_project/for_learn/my_custom_action_interface/install/my_custom_action_interface/local/lib/python3.10/dist-packages/my_custom_action_interface
-- Installing: /home/alex/workspace/ros2_project/for_learn/my_custom_action_interface/install/my_custom_action_interface/local/lib/python3.10/dist-packages/my_custom_action_interface/_my_custom_action_interface_s.ep.rosidl_typesupport_fastrtps_c.c
-- Installing: /home/alex/workspace/ros2_project/for_learn/my_custom_action_interface/install/my_custom_action_interface/local/lib/python3.10/dist-packages/my_custom_action_interface/my_custom_action_interface_s__rosidl_typesupport_introspection_c.cpython-310-x86_64-linux-gnu.so
-- Installing: /home/alex/workspace/ros2_project/for_learn/my_custom_action_interface/install/my_custom_action_interface/local/lib/python3.10/dist-packages/my_custom_action_interface/_my_custom_action_interface_s.ep.rosidl_typesupport_introspection_c.c
-- Installing: /home/alex/workspace/ros2_project/for_learn/my_custom_action_interface/install/my_custom_action_interface/local/lib/python3.10/dist-packages/my_custom_action_interface/_my_custom_action_interface_s.ep.rosidl_typesupport_c.c
-- Installing: /home/alex/workspace/ros2_project/for_learn/my_custom_action_interface/install/my_custom_action_interface/local/lib/python3.10/dist-packages/my_custom_action_interface/my_custom_action_interface_s__rosidl_typesupport_c.cpython-310-x86_64-linux-gnu.so
-- Installing: /home/alex/workspace/ros2_project/for_learn/my_custom_action_interface/install/my_custom_action_interface/local/lib/python3.10/dist-packages/my_custom_action_interface/my_custom_action_interface_s__rosidl_typesupport_fastrtps_c.cpython-310-x86_64-linux-gnu.so
-- Installing: /home/alex/workspace/ros2_project/for_learn/my_custom_action_interface/install/my_custom_action_interface/local/lib/python3.10/dist-packages/my_custom_action_interface/action
-- Installing: /home/alex/workspace/ros2_project/for_learn/my_custom_action_interface/install/my_custom_action_interface/local/lib/python3.10/dist-packages/my_custom_action_interface/action/_counter_s.c
-- Installing: /home/alex/workspace/ros2_project/for_learn/my_custom_action_interface/install/my_custom_action_interface/local/lib/python3.10/dist-packages/my_custom_action_interface/action/_counter.py
-- Installing: /home/alex/workspace/ros2_project/for_learn/my_custom_action_interface/install/my_custom_action_interface/local/lib/python3.10/dist-packages/my_custom_action_interface/action/__init__.py
-- Installing: /home/alex/workspace/ros2_project/for_learn/my_custom_action_interface/install/my_custom_action_interface/local/lib/python3.10/dist-packages/my_custom_action_interface/libmy_custom_action_interface__rosidl_generator_py.so
-- Installing: /home/alex/workspace/ros2_project/for_learn/my_custom_action_interface/install/my_custom_action_interface/local/lib/python3.10/dist-packages/my_custom_action_interface/__init__.py
Listing '/home/alex/workspace/ros2_project/for_learn/my_custom_action_interface/install/my_custom_action_interface/local/lib/python3.10/dist-packages/my_custom_action_interface'...
Compiling '/home/alex/workspace/ros2_project/for_learn/my_custom_action_interface/install/my_custom_action_interface/local/lib/python3.10/dist-packages/my_custom_action_interface/__init__.py'...
Listing '/home/alex/workspace/ros2_project/for_learn/my_custom_action_interface/install/my_custom_action_interface/local/lib/python3.10/dist-packages/my_custom_action_interface/action'...
Compiling '/home/alex/workspace/ros2_project/for_learn/my_custom_action_interface/install/my_custom_action_interface/local/lib/python3.10/dist-packages/my_custom_action_interface/action/__init__.py'...
Compiling '/home/alex/workspace/ros2_project/for_learn/my_custom_action_interface/install/my_custom_action_interface/local/lib/python3.10/dist-packages/my_custom_action_interface/action/_counter.py'...
-- Installing: /home/alex/workspace/ros2_project/for_learn/my_custom_action_interface/install/my_custom_action_interface/local/lib/python3.10/dist-packages/my_custom_action_interface/my_custom_action_interface_s__rosidl_typesupport_fastrtps_c.cpython-310-x86_64-linux-gnu.so
-- Set runtime path of "/home/alex/workspace/ros2_project/for_learn/my_custom_action_interface/install/my_custom_action_interface/local/lib/python3.10/dist-packages/my_custom_action_interface/my_custom_action_interface_s__rosidl_typesupport_fastrtps_c.cpython-310-x86_64-linux-gnu.so" to ""
-- Installing: /home/alex/workspace/ros2_project/for_learn/my_custom_action_interface/install/my_custom_action_interface/local/lib/python3.10/dist-packages/my_custom_action_interface/my_custom_action_interface_s__rosidl_typesupport_introspection_c.cpython-310-x86_64-linux-gnu.so
-- Set runtime path of "/home/alex/workspace/ros2_project/for_learn/my_custom_action_interface/install/my_custom_action_interface/local/lib/python3.10/dist-packages/my_custom_action_interface/my_custom_action_interface_s__rosidl_typesupport_introspection_c.cpython-310-x86_64-linux-gnu.so" to ""
-- Installing: /home/alex/workspace/ros2_project/for_learn/my_custom_action_interface/install/my_custom_action_interface/local/lib/python3.10/dist-packages/my_custom_action_interface/my_custom_action_interface_s__rosidl_typesupport_c.cpython-310-x86_64-linux-gnu.so
-- Set runtime path of "/home/alex/workspace/ros2_project/for_learn/my_custom_action_interface/install/my_custom_action_interface/local/lib/python3.10/dist-packages/my_custom_action_interface/my_custom_action_interface_s__rosidl_typesupport_c.cpython-310-x86_64-linux-gnu.so" to ""
-- Installing: /home/alex/workspace/ros2_project/for_learn/my_custom_action_interface/install/my_custom_action_interface/lib/libmy_custom_action_interface__rosidl_generator_py.so
-- Set runtime path of "/home/alex/workspace/ros2_project/for_learn/my_custom_action_interface/install/my_custom_action_interface/lib/libmy_custom_action_interface__rosidl_generator_py.so" to ""
-- Installing: /home/alex/workspace/ros2_project/for_learn/my_custom_action_interface/install/my_custom_action_interface/share/ament_index/resource_index/rust_packages/my_custom_action_interface
-- Installing: /home/alex/workspace/ros2_project/for_learn/my_custom_action_interface/install/my_custom_action_interface/share/my_custom_action_interface/rust
-- Installing: /home/alex/workspace/ros2_project/for_learn/my_custom_action_interface/install/my_custom_action_interface/share/my_custom_action_interface/rust/src
-- Installing: /home/alex/workspace/ros2_project/for_learn/my_custom_action_interface/install/my_custom_action_interface/share/my_custom_action_interface/rust/src/lib.rs
-- Installing: /home/alex/workspace/ros2_project/for_learn/my_custom_action_interface/install/my_custom_action_interface/share/my_custom_action_interface/rust/src/action.rs
-- Installing: /home/alex/workspace/ros2_project/for_learn/my_custom_action_interface/install/my_custom_action_interface/share/my_custom_action_interface/rust/src/action
-- Installing: /home/alex/workspace/ros2_project/for_learn/my_custom_action_interface/install/my_custom_action_interface/share/my_custom_action_interface/rust/src/action/rmw.rs
-- Installing: /home/alex/workspace/ros2_project/for_learn/my_custom_action_interface/install/my_custom_action_interface/share/my_custom_action_interface/rust/build.rs
-- Installing: /home/alex/workspace/ros2_project/for_learn/my_custom_action_interface/install/my_custom_action_interface/share/my_custom_action_interface/rust/Cargo.toml
-- Installing: /home/alex/workspace/ros2_project/for_learn/my_custom_action_interface/install/my_custom_action_interface/share/my_custom_action_interface/action/Counter.idl
-- Installing: /home/alex/workspace/ros2_project/for_learn/my_custom_action_interface/install/my_custom_action_interface/share/my_custom_action_interface/action/Counter.action
-- Installing: /home/alex/workspace/ros2_project/for_learn/my_custom_action_interface/install/my_custom_action_interface/share/ament_index/resource_index/package_run_dependencies/my_custom_action_interface
-- Installing: /home/alex/workspace/ros2_project/for_learn/my_custom_action_interface/install/my_custom_action_interface/share/ament_index/resource_index/parent_prefix_path/my_custom_action_interface
-- Installing: /home/alex/workspace/ros2_project/for_learn/my_custom_action_interface/install/my_custom_action_interface/share/my_custom_action_interface/environment/ament_prefix_path.sh
-- Installing: /home/alex/workspace/ros2_project/for_learn/my_custom_action_interface/install/my_custom_action_interface/share/my_custom_action_interface/environment/ament_prefix_path.dsv
-- Installing: /home/alex/workspace/ros2_project/for_learn/my_custom_action_interface/install/my_custom_action_interface/share/my_custom_action_interface/environment/path.sh
-- Installing: /home/alex/workspace/ros2_project/for_learn/my_custom_action_interface/install/my_custom_action_interface/share/my_custom_action_interface/environment/path.dsv
-- Installing: /home/alex/workspace/ros2_project/for_learn/my_custom_action_interface/install/my_custom_action_interface/share/my_custom_action_interface/local_setup.bash
-- Installing: /home/alex/workspace/ros2_project/for_learn/my_custom_action_interface/install/my_custom_action_interface/share/my_custom_action_interface/local_setup.sh
-- Installing: /home/alex/workspace/ros2_project/for_learn/my_custom_action_interface/install/my_custom_action_interface/share/my_custom_action_interface/local_setup.zsh
-- Installing: /home/alex/workspace/ros2_project/for_learn/my_custom_action_interface/install/my_custom_action_interface/share/my_custom_action_interface/local_setup.dsv
-- Installing: /home/alex/workspace/ros2_project/for_learn/my_custom_action_interface/install/my_custom_action_interface/share/my_custom_action_interface/package.dsv
-- Installing: /home/alex/workspace/ros2_project/for_learn/my_custom_action_interface/install/my_custom_action_interface/share/ament_index/resource_index/packages/my_custom_action_interface
-- Installing: /home/alex/workspace/ros2_project/for_learn/my_custom_action_interface/install/my_custom_action_interface/share/my_custom_action_interface/cmake/export_my_custom_action_interface__rosidl_generator_cExport.cmake
-- Installing: /home/alex/workspace/ros2_project/for_learn/my_custom_action_interface/install/my_custom_action_interface/share/my_custom_action_interface/cmake/export_my_custom_action_interface__rosidl_generator_cExport-noconfig.cmake
-- Installing: /home/alex/workspace/ros2_project/for_learn/my_custom_action_interface/install/my_custom_action_interface/share/my_custom_action_interface/cmake/export_my_custom_action_interface__rosidl_typesupport_fastrtps_cExport.cmake
-- Installing: /home/alex/workspace/ros2_project/for_learn/my_custom_action_interface/install/my_custom_action_interface/share/my_custom_action_interface/cmake/export_my_custom_action_interface__rosidl_typesupport_fastrtps_cExport-noconfig.cmake
-- Installing: /home/alex/workspace/ros2_project/for_learn/my_custom_action_interface/install/my_custom_action_interface/share/my_custom_action_interface/cmake/export_my_custom_action_interface__rosidl_generator_cppExport.cmake
-- Installing: /home/alex/workspace/ros2_project/for_learn/my_custom_action_interface/install/my_custom_action_interface/share/my_custom_action_interface/cmake/export_my_custom_action_interface__rosidl_typesupport_fastrtps_cppExport.cmake
-- Installing: /home/alex/workspace/ros2_project/for_learn/my_custom_action_interface/install/my_custom_action_interface/share/my_custom_action_interface/cmake/export_my_custom_action_interface__rosidl_typesupport_fastrtps_cppExport-noconfig.cmake
-- Installing: /home/alex/workspace/ros2_project/for_learn/my_custom_action_interface/install/my_custom_action_interface/share/my_custom_action_interface/cmake/my_custom_action_interface__rosidl_typesupport_introspection_cExport.cmake
-- Installing: /home/alex/workspace/ros2_project/for_learn/my_custom_action_interface/install/my_custom_action_interface/share/my_custom_action_interface/cmake/my_custom_action_interface__rosidl_typesupport_introspection_cExport-noconfig.cmake
-- Installing: /home/alex/workspace/ros2_project/for_learn/my_custom_action_interface/install/my_custom_action_interface/share/my_custom_action_interface/cmake/my_custom_action_interface__rosidl_typesupport_cExport.cmake
-- Installing: /home/alex/workspace/ros2_project/for_learn/my_custom_action_interface/install/my_custom_action_interface/share/my_custom_action_interface/cmake/my_custom_action_interface__rosidl_typesupport_cExport-noconfig.cmake
-- Installing: /home/alex/workspace/ros2_project/for_learn/my_custom_action_interface/install/my_custom_action_interface/share/my_custom_action_interface/cmake/my_custom_action_interface__rosidl_typesupport_introspection_cppExport.cmake
-- Installing: /home/alex/workspace/ros2_project/for_learn/my_custom_action_interface/install/my_custom_action_interface/share/my_custom_action_interface/cmake/my_custom_action_interface__rosidl_typesupport_introspection_cppExport-noconfig.cmake
-- Installing: /home/alex/workspace/ros2_project/for_learn/my_custom_action_interface/install/my_custom_action_interface/share/my_custom_action_interface/cmake/my_custom_action_interface__rosidl_typesupport_cppExport.cmake
-- Installing: /home/alex/workspace/ros2_project/for_learn/my_custom_action_interface/install/my_custom_action_interface/share/my_custom_action_interface/cmake/my_custom_action_interface__rosidl_typesupport_cppExport-noconfig.cmake
-- Installing: /home/alex/workspace/ros2_project/for_learn/my_custom_action_interface/install/my_custom_action_interface/share/my_custom_action_interface/cmake/export_my_custom_action_interface__rosidl_generator_pyExport.cmake
-- Installing: /home/alex/workspace/ros2_project/for_learn/my_custom_action_interface/install/my_custom_action_interface/share/my_custom_action_interface/cmake/export_my_custom_action_interface__rosidl_generator_pyExport-noconfig.cmake
-- Installing: /home/alex/workspace/ros2_project/for_learn/my_custom_action_interface/install/my_custom_action_interface/share/my_custom_action_interface/cmake/rosidl_cmake-extras.cmake
-- Installing: /home/alex/workspace/ros2_project/for_learn/my_custom_action_interface/install/my_custom_action_interface/share/my_custom_action_interface/cmake/ament_cmake_export_dependencies-extras.cmake
-- Installing: /home/alex/workspace/ros2_project/for_learn/my_custom_action_interface/install/my_custom_action_interface/share/my_custom_action_interface/cmake/ament_cmake_export_include_directories-extras.cmake
-- Installing: /home/alex/workspace/ros2_project/for_learn/my_custom_action_interface/install/my_custom_action_interface/share/my_custom_action_interface/cmake/ament_cmake_export_libraries-extras.cmake
-- Installing: /home/alex/workspace/ros2_project/for_learn/my_custom_action_interface/install/my_custom_action_interface/share/my_custom_action_interface/cmake/ament_cmake_export_targets-extras.cmake
-- Installing: /home/alex/workspace/ros2_project/for_learn/my_custom_action_interface/install/my_custom_action_interface/share/my_custom_action_interface/cmake/rosidl_cmake_export_typesupport_targets-extras.cmake
-- Installing: /home/alex/workspace/ros2_project/for_learn/my_custom_action_interface/install/my_custom_action_interface/share/my_custom_action_interface/cmake/rosidl_cmake_export_typesupport_libraries-extras.cmake
-- Installing: /home/alex/workspace/ros2_project/for_learn/my_custom_action_interface/install/my_custom_action_interface/share/my_custom_action_interface/cmake/my_custom_action_interfaceConfig.cmake
-- Installing: /home/alex/workspace/ros2_project/for_learn/my_custom_action_interface/install/my_custom_action_interface/share/my_custom_action_interface/cmake/my_custom_action_interfaceConfig-version.cmake
-- Installing: /home/alex/workspace/ros2_project/for_learn/my_custom_action_interface/install/my_custom_action_interface/share/my_custom_action_interface/package.xml
