[0.010s] Invoking command in '/home/alex/workspace/ros2_project/for_learn/my_custom_action_interface/build/my_custom_action_interface': CMAKE_PREFIX_PATH=/opt/ros/humble /usr/bin/cmake /home/alex/workspace/ros2_project/for_learn/my_custom_action_interface -DCMAKE_INSTALL_PREFIX=/home/alex/workspace/ros2_project/for_learn/my_custom_action_interface/install/my_custom_action_interface
[0.021s] -- Found ament_cmake: 1.3.14 (/opt/ros/humble/share/ament_cmake/cmake)
[0.116s] -- Found rclcpp: 16.0.19 (/opt/ros/humble/share/rclcpp/cmake)
[0.137s] -- Found rosidl_generator_c: 3.1.8 (/opt/ros/humble/share/rosidl_generator_c/cmake)
[0.139s] -- Found rosidl_adapter: 3.1.8 (/opt/ros/humble/share/rosidl_adapter/cmake)
[0.143s] -- Found rosidl_generator_cpp: 3.1.8 (/opt/ros/humble/share/rosidl_generator_cpp/cmake)
[0.151s] -- Using all available rosidl_typesupport_c: rosidl_typesupport_fastrtps_c;rosidl_typesupport_introspection_c
[0.160s] -- Using all available rosidl_typesupport_cpp: rosidl_typesupport_fastrtps_cpp;rosidl_typesupport_introspection_cpp
[0.183s] -- Found rmw_implementation_cmake: 6.1.2 (/opt/ros/humble/share/rmw_implementation_cmake/cmake)
[0.184s] -- Found rmw_fastrtps_cpp: 6.2.10 (/opt/ros/humble/share/rmw_fastrtps_cpp/cmake)
[0.267s] -- Using RMW implementation 'rmw_fastrtps_cpp' as default
[0.302s] -- Found ament_lint_auto: 0.12.15 (/opt/ros/humble/share/ament_lint_auto/cmake)
[0.358s] -- Found rosidl_default_generators: 1.2.1 (/opt/ros/humble/share/rosidl_default_generators/cmake)
[0.558s] -- Found ament_cmake_ros: 0.10.0 (/opt/ros/humble/share/ament_cmake_ros/cmake)
[0.817s] -- Using all available rosidl_typesupport_c: rosidl_typesupport_fastrtps_c;rosidl_typesupport_introspection_c
[0.939s] -- Using all available rosidl_typesupport_cpp: rosidl_typesupport_fastrtps_cpp;rosidl_typesupport_introspection_cpp
[0.957s] -- Found PythonInterp: /usr/bin/python3 (found suitable version "3.10.12", minimum required is "3.6") 
[0.958s] -- Found python_cmake_module: 0.10.0 (/opt/ros/humble/share/python_cmake_module/cmake)
[0.988s] -- Found PythonLibs: /usr/lib/x86_64-linux-gnu/libpython3.10.so (found suitable version "3.10.12", minimum required is "3.5") 
[0.988s] -- Using PYTHON_EXECUTABLE: /usr/bin/python3
[0.988s] -- Using PYTHON_INCLUDE_DIRS: /usr/include/python3.10
[0.988s] -- Using PYTHON_LIBRARIES: /usr/lib/x86_64-linux-gnu/libpython3.10.so
[1.006s] -- Found PythonExtra: .so  
[1.102s] -- Added test 'cppcheck' to perform static code analysis on C / C++ code
[1.103s] -- Configured cppcheck include dirs: $<BUILD_INTERFACE:/home/alex/workspace/ros2_project/for_learn/my_custom_action_interface/build/my_custom_action_interface/rosidl_generator_c>;$<BUILD_INTERFACE:/home/alex/workspace/ros2_project/for_learn/my_custom_action_interface/build/my_custom_action_interface/rosidl_typesupport_fastrtps_c>;$<BUILD_INTERFACE:/home/alex/workspace/ros2_project/for_learn/my_custom_action_interface/build/my_custom_action_interface/rosidl_generator_cpp>;$<BUILD_INTERFACE:/home/alex/workspace/ros2_project/for_learn/my_custom_action_interface/build/my_custom_action_interface/rosidl_typesupport_fastrtps_cpp>;$<BUILD_INTERFACE:/home/alex/workspace/ros2_project/for_learn/my_custom_action_interface/build/my_custom_action_interface/rosidl_typesupport_introspection_c>;$<BUILD_INTERFACE:/home/alex/workspace/ros2_project/for_learn/my_custom_action_interface/build/my_custom_action_interface/rosidl_typesupport_introspection_cpp>;/home/alex/workspace/ros2_project/for_learn/my_custom_action_interface/build/my_custom_action_interface/rosidl_generator_c;/home/alex/workspace/ros2_project/for_learn/my_custom_action_interface/build/my_custom_action_interface/rosidl_generator_py
[1.103s] -- Configured cppcheck exclude dirs and/or files: 
[1.105s] -- Added test 'flake8' to check Python code syntax and style conventions
[1.108s] -- Added test 'lint_cmake' to check CMake code style
[1.110s] -- Added test 'pep257' to check Python code against some of the docstring style conventions in PEP 257
[1.122s] -- Added test 'uncrustify' to check C / C++ code style
[1.122s] -- Configured uncrustify additional arguments: 
[1.124s] -- Added test 'xmllint' to check XML markup files
[1.129s] -- Configuring done
[1.165s] -- Generating done
[1.176s] -- Build files have been written to: /home/alex/workspace/ros2_project/for_learn/my_custom_action_interface/build/my_custom_action_interface
[1.187s] Invoked command in '/home/alex/workspace/ros2_project/for_learn/my_custom_action_interface/build/my_custom_action_interface' returned '0': CMAKE_PREFIX_PATH=/opt/ros/humble /usr/bin/cmake /home/alex/workspace/ros2_project/for_learn/my_custom_action_interface -DCMAKE_INSTALL_PREFIX=/home/alex/workspace/ros2_project/for_learn/my_custom_action_interface/install/my_custom_action_interface
[1.188s] Invoking command in '/home/alex/workspace/ros2_project/for_learn/my_custom_action_interface/build/my_custom_action_interface': CMAKE_PREFIX_PATH=/opt/ros/humble /usr/bin/cmake --build /home/alex/workspace/ros2_project/for_learn/my_custom_action_interface/build/my_custom_action_interface -- -j8 -l8
[1.233s] [  3%] [34m[1mGenerating C code for ROS interfaces[0m
[1.243s] [  6%] [34m[1mGenerating Rust code for ROS interfaces[0m
[1.246s] [  9%] [34m[1mGenerating C++ code for ROS interfaces[0m
[1.251s] [  9%] Built target ament_cmake_python_copy_my_custom_action_interface
[1.439s] [  9%] Built target my_custom_action_interface__rs
[1.441s] running egg_info
[1.442s] creating my_custom_action_interface.egg-info
[1.443s] writing my_custom_action_interface.egg-info/PKG-INFO
[1.443s] writing dependency_links to my_custom_action_interface.egg-info/dependency_links.txt
[1.443s] writing top-level names to my_custom_action_interface.egg-info/top_level.txt
[1.443s] writing manifest file 'my_custom_action_interface.egg-info/SOURCES.txt'
[1.444s] reading manifest file 'my_custom_action_interface.egg-info/SOURCES.txt'
[1.445s] writing manifest file 'my_custom_action_interface.egg-info/SOURCES.txt'
[1.468s] [  9%] Built target ament_cmake_python_build_my_custom_action_interface_egg
[1.539s] [ 12%] [32mBuilding C object CMakeFiles/my_custom_action_interface__rosidl_generator_c.dir/rosidl_generator_c/my_custom_action_interface/action/detail/counter__functions.c.o[0m
[1.561s] [ 12%] Built target my_custom_action_interface__cpp
[1.571s] [ 21%] [34m[1mGenerating C++ introspection for ROS interfaces[0m
[1.571s] [ 21%] [34m[1mGenerating C++ type support for eProsima Fast-RTPS[0m
[1.571s] [ 21%] [34m[1mGenerating C++ type support dispatch for ROS interfaces[0m
[1.643s] [ 25%] [32m[1mLinking C shared library libmy_custom_action_interface__rosidl_generator_c.so[0m
[1.682s] [ 25%] Built target my_custom_action_interface__rosidl_generator_c
[1.693s] [ 34%] [34m[1mGenerating C type support for eProsima Fast-RTPS[0m
[1.693s] [ 34%] [34m[1mGenerating C introspection for ROS interfaces[0m
[1.693s] [ 34%] [34m[1mGenerating C type support dispatch for ROS interfaces[0m
[1.790s] [ 37%] [32mBuilding CXX object CMakeFiles/my_custom_action_interface__rosidl_typesupport_cpp.dir/rosidl_typesupport_cpp/my_custom_action_interface/action/counter__type_support.cpp.o[0m
[1.823s] [ 40%] [32mBuilding CXX object CMakeFiles/my_custom_action_interface__rosidl_typesupport_introspection_cpp.dir/rosidl_typesupport_introspection_cpp/my_custom_action_interface/action/detail/counter__type_support.cpp.o[0m
[1.874s] [ 43%] [32mBuilding CXX object CMakeFiles/my_custom_action_interface__rosidl_typesupport_fastrtps_cpp.dir/rosidl_typesupport_fastrtps_cpp/my_custom_action_interface/action/detail/dds_fastrtps/counter__type_support.cpp.o[0m
[1.904s] [ 46%] [32mBuilding CXX object CMakeFiles/my_custom_action_interface__rosidl_typesupport_c.dir/rosidl_typesupport_c/my_custom_action_interface/action/counter__type_support.cpp.o[0m
[1.957s] [ 50%] [32m[1mLinking CXX shared library libmy_custom_action_interface__rosidl_typesupport_c.so[0m
[1.972s] [ 53%] [32mBuilding C object CMakeFiles/my_custom_action_interface__rosidl_typesupport_introspection_c.dir/rosidl_typesupport_introspection_c/my_custom_action_interface/action/detail/counter__type_support.c.o[0m
[1.981s] [ 56%] [32mBuilding CXX object CMakeFiles/my_custom_action_interface__rosidl_typesupport_fastrtps_c.dir/rosidl_typesupport_fastrtps_c/my_custom_action_interface/action/detail/counter__type_support_c.cpp.o[0m
[2.003s] [ 56%] Built target my_custom_action_interface__rosidl_typesupport_c
[2.019s] [ 59%] [32m[1mLinking C shared library libmy_custom_action_interface__rosidl_typesupport_introspection_c.so[0m
[2.055s] [ 59%] Built target my_custom_action_interface__rosidl_typesupport_introspection_c
[2.175s] [ 62%] [32m[1mLinking CXX shared library libmy_custom_action_interface__rosidl_typesupport_cpp.so[0m
[2.219s] [ 62%] Built target my_custom_action_interface__rosidl_typesupport_cpp
[2.294s] [ 65%] [32m[1mLinking CXX shared library libmy_custom_action_interface__rosidl_typesupport_fastrtps_c.so[0m
[2.308s] [ 68%] [32m[1mLinking CXX shared library libmy_custom_action_interface__rosidl_typesupport_introspection_cpp.so[0m
[2.331s] [ 71%] [32m[1mLinking CXX shared library libmy_custom_action_interface__rosidl_typesupport_fastrtps_cpp.so[0m
[2.372s] [ 71%] Built target my_custom_action_interface__rosidl_typesupport_fastrtps_c
[2.383s] [ 71%] Built target my_custom_action_interface__rosidl_typesupport_introspection_cpp
[2.406s] [ 71%] Built target my_custom_action_interface__rosidl_typesupport_fastrtps_cpp
[2.425s] [ 71%] Built target my_custom_action_interface
[2.445s] [ 75%] [34m[1mGenerating Python code for ROS interfaces[0m
[2.939s] [ 75%] Built target my_custom_action_interface__py
[2.968s] [ 78%] [32mBuilding C object CMakeFiles/my_custom_action_interface__rosidl_generator_py.dir/rosidl_generator_py/my_custom_action_interface/action/_counter_s.c.o[0m
[3.084s] [ 81%] [32m[1mLinking C shared library rosidl_generator_py/my_custom_action_interface/libmy_custom_action_interface__rosidl_generator_py.so[0m
[3.133s] [ 81%] Built target my_custom_action_interface__rosidl_generator_py
[3.153s] [ 84%] [32mBuilding C object CMakeFiles/my_custom_action_interface__rosidl_typesupport_fastrtps_c__pyext.dir/rosidl_generator_py/my_custom_action_interface/_my_custom_action_interface_s.ep.rosidl_typesupport_fastrtps_c.c.o[0m
[3.154s] [ 87%] [32mBuilding C object CMakeFiles/my_custom_action_interface__rosidl_typesupport_c__pyext.dir/rosidl_generator_py/my_custom_action_interface/_my_custom_action_interface_s.ep.rosidl_typesupport_c.c.o[0m
[3.157s] [ 90%] [32mBuilding C object CMakeFiles/my_custom_action_interface__rosidl_typesupport_introspection_c__pyext.dir/rosidl_generator_py/my_custom_action_interface/_my_custom_action_interface_s.ep.rosidl_typesupport_introspection_c.c.o[0m
[3.253s] [ 96%] [32m[1mLinking C shared library rosidl_generator_py/my_custom_action_interface/my_custom_action_interface_s__rosidl_typesupport_fastrtps_c.cpython-310-x86_64-linux-gnu.so[0m
[3.253s] [ 96%] [32m[1mLinking C shared library rosidl_generator_py/my_custom_action_interface/my_custom_action_interface_s__rosidl_typesupport_c.cpython-310-x86_64-linux-gnu.so[0m
[3.256s] [100%] [32m[1mLinking C shared library rosidl_generator_py/my_custom_action_interface/my_custom_action_interface_s__rosidl_typesupport_introspection_c.cpython-310-x86_64-linux-gnu.so[0m
[3.291s] [100%] Built target my_custom_action_interface__rosidl_typesupport_fastrtps_c__pyext
[3.291s] [100%] Built target my_custom_action_interface__rosidl_typesupport_c__pyext
[3.293s] [100%] Built target my_custom_action_interface__rosidl_typesupport_introspection_c__pyext
[3.306s] Invoked command in '/home/alex/workspace/ros2_project/for_learn/my_custom_action_interface/build/my_custom_action_interface' returned '0': CMAKE_PREFIX_PATH=/opt/ros/humble /usr/bin/cmake --build /home/alex/workspace/ros2_project/for_learn/my_custom_action_interface/build/my_custom_action_interface -- -j8 -l8
[3.316s] Invoking command in '/home/alex/workspace/ros2_project/for_learn/my_custom_action_interface/build/my_custom_action_interface': CMAKE_PREFIX_PATH=/opt/ros/humble /usr/bin/cmake --install /home/alex/workspace/ros2_project/for_learn/my_custom_action_interface/build/my_custom_action_interface
[3.323s] -- Install configuration: ""
[3.324s] -- Installing: /home/alex/workspace/ros2_project/for_learn/my_custom_action_interface/install/my_custom_action_interface/share/ament_index/resource_index/rosidl_interfaces/my_custom_action_interface
[3.324s] -- Installing: /home/alex/workspace/ros2_project/for_learn/my_custom_action_interface/install/my_custom_action_interface/include/my_custom_action_interface/my_custom_action_interface
[3.324s] -- Installing: /home/alex/workspace/ros2_project/for_learn/my_custom_action_interface/install/my_custom_action_interface/include/my_custom_action_interface/my_custom_action_interface/msg
[3.324s] -- Installing: /home/alex/workspace/ros2_project/for_learn/my_custom_action_interface/install/my_custom_action_interface/include/my_custom_action_interface/my_custom_action_interface/msg/rosidl_generator_c__visibility_control.h
[3.324s] -- Installing: /home/alex/workspace/ros2_project/for_learn/my_custom_action_interface/install/my_custom_action_interface/include/my_custom_action_interface/my_custom_action_interface/action
[3.324s] -- Installing: /home/alex/workspace/ros2_project/for_learn/my_custom_action_interface/install/my_custom_action_interface/include/my_custom_action_interface/my_custom_action_interface/action/detail
[3.324s] -- Installing: /home/alex/workspace/ros2_project/for_learn/my_custom_action_interface/install/my_custom_action_interface/include/my_custom_action_interface/my_custom_action_interface/action/detail/counter__type_support.h
[3.324s] -- Installing: /home/alex/workspace/ros2_project/for_learn/my_custom_action_interface/install/my_custom_action_interface/include/my_custom_action_interface/my_custom_action_interface/action/detail/counter__functions.c
[3.324s] -- Installing: /home/alex/workspace/ros2_project/for_learn/my_custom_action_interface/install/my_custom_action_interface/include/my_custom_action_interface/my_custom_action_interface/action/detail/counter__functions.h
[3.325s] -- Installing: /home/alex/workspace/ros2_project/for_learn/my_custom_action_interface/install/my_custom_action_interface/include/my_custom_action_interface/my_custom_action_interface/action/detail/counter__struct.h
[3.325s] -- Installing: /home/alex/workspace/ros2_project/for_learn/my_custom_action_interface/install/my_custom_action_interface/include/my_custom_action_interface/my_custom_action_interface/action/counter.h
[3.325s] -- Installing: /home/alex/workspace/ros2_project/for_learn/my_custom_action_interface/install/my_custom_action_interface/share/my_custom_action_interface/environment/library_path.sh
[3.325s] -- Installing: /home/alex/workspace/ros2_project/for_learn/my_custom_action_interface/install/my_custom_action_interface/share/my_custom_action_interface/environment/library_path.dsv
[3.325s] -- Installing: /home/alex/workspace/ros2_project/for_learn/my_custom_action_interface/install/my_custom_action_interface/lib/libmy_custom_action_interface__rosidl_generator_c.so
[3.326s] -- Set runtime path of "/home/alex/workspace/ros2_project/for_learn/my_custom_action_interface/install/my_custom_action_interface/lib/libmy_custom_action_interface__rosidl_generator_c.so" to ""
[3.326s] -- Up-to-date: /home/alex/workspace/ros2_project/for_learn/my_custom_action_interface/install/my_custom_action_interface/include/my_custom_action_interface/my_custom_action_interface
[3.326s] -- Up-to-date: /home/alex/workspace/ros2_project/for_learn/my_custom_action_interface/install/my_custom_action_interface/include/my_custom_action_interface/my_custom_action_interface/msg
[3.326s] -- Installing: /home/alex/workspace/ros2_project/for_learn/my_custom_action_interface/install/my_custom_action_interface/include/my_custom_action_interface/my_custom_action_interface/msg/rosidl_typesupport_fastrtps_c__visibility_control.h
[3.326s] -- Up-to-date: /home/alex/workspace/ros2_project/for_learn/my_custom_action_interface/install/my_custom_action_interface/include/my_custom_action_interface/my_custom_action_interface/action
[3.326s] -- Up-to-date: /home/alex/workspace/ros2_project/for_learn/my_custom_action_interface/install/my_custom_action_interface/include/my_custom_action_interface/my_custom_action_interface/action/detail
[3.327s] -- Installing: /home/alex/workspace/ros2_project/for_learn/my_custom_action_interface/install/my_custom_action_interface/include/my_custom_action_interface/my_custom_action_interface/action/detail/counter__rosidl_typesupport_fastrtps_c.h
[3.327s] -- Installing: /home/alex/workspace/ros2_project/for_learn/my_custom_action_interface/install/my_custom_action_interface/lib/libmy_custom_action_interface__rosidl_typesupport_fastrtps_c.so
[3.327s] -- Set runtime path of "/home/alex/workspace/ros2_project/for_learn/my_custom_action_interface/install/my_custom_action_interface/lib/libmy_custom_action_interface__rosidl_typesupport_fastrtps_c.so" to ""
[3.327s] -- Up-to-date: /home/alex/workspace/ros2_project/for_learn/my_custom_action_interface/install/my_custom_action_interface/include/my_custom_action_interface/my_custom_action_interface
[3.327s] -- Up-to-date: /home/alex/workspace/ros2_project/for_learn/my_custom_action_interface/install/my_custom_action_interface/include/my_custom_action_interface/my_custom_action_interface/msg
[3.327s] -- Installing: /home/alex/workspace/ros2_project/for_learn/my_custom_action_interface/install/my_custom_action_interface/include/my_custom_action_interface/my_custom_action_interface/msg/rosidl_generator_cpp__visibility_control.hpp
[3.327s] -- Up-to-date: /home/alex/workspace/ros2_project/for_learn/my_custom_action_interface/install/my_custom_action_interface/include/my_custom_action_interface/my_custom_action_interface/action
[3.327s] -- Installing: /home/alex/workspace/ros2_project/for_learn/my_custom_action_interface/install/my_custom_action_interface/include/my_custom_action_interface/my_custom_action_interface/action/counter.hpp
[3.328s] -- Up-to-date: /home/alex/workspace/ros2_project/for_learn/my_custom_action_interface/install/my_custom_action_interface/include/my_custom_action_interface/my_custom_action_interface/action/detail
[3.328s] -- Installing: /home/alex/workspace/ros2_project/for_learn/my_custom_action_interface/install/my_custom_action_interface/include/my_custom_action_interface/my_custom_action_interface/action/detail/counter__struct.hpp
[3.328s] -- Installing: /home/alex/workspace/ros2_project/for_learn/my_custom_action_interface/install/my_custom_action_interface/include/my_custom_action_interface/my_custom_action_interface/action/detail/counter__type_support.hpp
[3.328s] -- Installing: /home/alex/workspace/ros2_project/for_learn/my_custom_action_interface/install/my_custom_action_interface/include/my_custom_action_interface/my_custom_action_interface/action/detail/counter__traits.hpp
[3.328s] -- Installing: /home/alex/workspace/ros2_project/for_learn/my_custom_action_interface/install/my_custom_action_interface/include/my_custom_action_interface/my_custom_action_interface/action/detail/counter__builder.hpp
[3.328s] -- Up-to-date: /home/alex/workspace/ros2_project/for_learn/my_custom_action_interface/install/my_custom_action_interface/include/my_custom_action_interface/my_custom_action_interface
[3.328s] -- Up-to-date: /home/alex/workspace/ros2_project/for_learn/my_custom_action_interface/install/my_custom_action_interface/include/my_custom_action_interface/my_custom_action_interface/msg
[3.329s] -- Installing: /home/alex/workspace/ros2_project/for_learn/my_custom_action_interface/install/my_custom_action_interface/include/my_custom_action_interface/my_custom_action_interface/msg/rosidl_typesupport_fastrtps_cpp__visibility_control.h
[3.329s] -- Up-to-date: /home/alex/workspace/ros2_project/for_learn/my_custom_action_interface/install/my_custom_action_interface/include/my_custom_action_interface/my_custom_action_interface/action
[3.329s] -- Up-to-date: /home/alex/workspace/ros2_project/for_learn/my_custom_action_interface/install/my_custom_action_interface/include/my_custom_action_interface/my_custom_action_interface/action/detail
[3.329s] -- Installing: /home/alex/workspace/ros2_project/for_learn/my_custom_action_interface/install/my_custom_action_interface/include/my_custom_action_interface/my_custom_action_interface/action/detail/dds_fastrtps
[3.329s] -- Installing: /home/alex/workspace/ros2_project/for_learn/my_custom_action_interface/install/my_custom_action_interface/include/my_custom_action_interface/my_custom_action_interface/action/detail/counter__rosidl_typesupport_fastrtps_cpp.hpp
[3.329s] -- Installing: /home/alex/workspace/ros2_project/for_learn/my_custom_action_interface/install/my_custom_action_interface/lib/libmy_custom_action_interface__rosidl_typesupport_fastrtps_cpp.so
[3.329s] -- Set runtime path of "/home/alex/workspace/ros2_project/for_learn/my_custom_action_interface/install/my_custom_action_interface/lib/libmy_custom_action_interface__rosidl_typesupport_fastrtps_cpp.so" to ""
[3.330s] -- Up-to-date: /home/alex/workspace/ros2_project/for_learn/my_custom_action_interface/install/my_custom_action_interface/include/my_custom_action_interface/my_custom_action_interface
[3.330s] -- Up-to-date: /home/alex/workspace/ros2_project/for_learn/my_custom_action_interface/install/my_custom_action_interface/include/my_custom_action_interface/my_custom_action_interface/msg
[3.330s] -- Installing: /home/alex/workspace/ros2_project/for_learn/my_custom_action_interface/install/my_custom_action_interface/include/my_custom_action_interface/my_custom_action_interface/msg/rosidl_typesupport_introspection_c__visibility_control.h
[3.330s] -- Up-to-date: /home/alex/workspace/ros2_project/for_learn/my_custom_action_interface/install/my_custom_action_interface/include/my_custom_action_interface/my_custom_action_interface/action
[3.330s] -- Up-to-date: /home/alex/workspace/ros2_project/for_learn/my_custom_action_interface/install/my_custom_action_interface/include/my_custom_action_interface/my_custom_action_interface/action/detail
[3.330s] -- Installing: /home/alex/workspace/ros2_project/for_learn/my_custom_action_interface/install/my_custom_action_interface/include/my_custom_action_interface/my_custom_action_interface/action/detail/counter__type_support.c
[3.330s] -- Installing: /home/alex/workspace/ros2_project/for_learn/my_custom_action_interface/install/my_custom_action_interface/include/my_custom_action_interface/my_custom_action_interface/action/detail/counter__rosidl_typesupport_introspection_c.h
[3.330s] -- Installing: /home/alex/workspace/ros2_project/for_learn/my_custom_action_interface/install/my_custom_action_interface/lib/libmy_custom_action_interface__rosidl_typesupport_introspection_c.so
[3.331s] -- Set runtime path of "/home/alex/workspace/ros2_project/for_learn/my_custom_action_interface/install/my_custom_action_interface/lib/libmy_custom_action_interface__rosidl_typesupport_introspection_c.so" to ""
[3.331s] -- Installing: /home/alex/workspace/ros2_project/for_learn/my_custom_action_interface/install/my_custom_action_interface/lib/libmy_custom_action_interface__rosidl_typesupport_c.so
[3.331s] -- Set runtime path of "/home/alex/workspace/ros2_project/for_learn/my_custom_action_interface/install/my_custom_action_interface/lib/libmy_custom_action_interface__rosidl_typesupport_c.so" to ""
[3.331s] -- Up-to-date: /home/alex/workspace/ros2_project/for_learn/my_custom_action_interface/install/my_custom_action_interface/include/my_custom_action_interface/my_custom_action_interface
[3.331s] -- Up-to-date: /home/alex/workspace/ros2_project/for_learn/my_custom_action_interface/install/my_custom_action_interface/include/my_custom_action_interface/my_custom_action_interface/action
[3.331s] -- Up-to-date: /home/alex/workspace/ros2_project/for_learn/my_custom_action_interface/install/my_custom_action_interface/include/my_custom_action_interface/my_custom_action_interface/action/detail
[3.332s] -- Installing: /home/alex/workspace/ros2_project/for_learn/my_custom_action_interface/install/my_custom_action_interface/include/my_custom_action_interface/my_custom_action_interface/action/detail/counter__rosidl_typesupport_introspection_cpp.hpp
[3.332s] -- Installing: /home/alex/workspace/ros2_project/for_learn/my_custom_action_interface/install/my_custom_action_interface/include/my_custom_action_interface/my_custom_action_interface/action/detail/counter__type_support.cpp
[3.332s] -- Installing: /home/alex/workspace/ros2_project/for_learn/my_custom_action_interface/install/my_custom_action_interface/lib/libmy_custom_action_interface__rosidl_typesupport_introspection_cpp.so
[3.332s] -- Set runtime path of "/home/alex/workspace/ros2_project/for_learn/my_custom_action_interface/install/my_custom_action_interface/lib/libmy_custom_action_interface__rosidl_typesupport_introspection_cpp.so" to ""
[3.333s] -- Installing: /home/alex/workspace/ros2_project/for_learn/my_custom_action_interface/install/my_custom_action_interface/lib/libmy_custom_action_interface__rosidl_typesupport_cpp.so
[3.333s] -- Set runtime path of "/home/alex/workspace/ros2_project/for_learn/my_custom_action_interface/install/my_custom_action_interface/lib/libmy_custom_action_interface__rosidl_typesupport_cpp.so" to ""
[3.333s] -- Installing: /home/alex/workspace/ros2_project/for_learn/my_custom_action_interface/install/my_custom_action_interface/share/my_custom_action_interface/environment/pythonpath.sh
[3.333s] -- Installing: /home/alex/workspace/ros2_project/for_learn/my_custom_action_interface/install/my_custom_action_interface/share/my_custom_action_interface/environment/pythonpath.dsv
[3.333s] -- Installing: /home/alex/workspace/ros2_project/for_learn/my_custom_action_interface/install/my_custom_action_interface/local/lib/python3.10/dist-packages/my_custom_action_interface-0.0.0-py3.10.egg-info
[3.333s] -- Installing: /home/alex/workspace/ros2_project/for_learn/my_custom_action_interface/install/my_custom_action_interface/local/lib/python3.10/dist-packages/my_custom_action_interface-0.0.0-py3.10.egg-info/dependency_links.txt
[3.334s] -- Installing: /home/alex/workspace/ros2_project/for_learn/my_custom_action_interface/install/my_custom_action_interface/local/lib/python3.10/dist-packages/my_custom_action_interface-0.0.0-py3.10.egg-info/top_level.txt
[3.334s] -- Installing: /home/alex/workspace/ros2_project/for_learn/my_custom_action_interface/install/my_custom_action_interface/local/lib/python3.10/dist-packages/my_custom_action_interface-0.0.0-py3.10.egg-info/PKG-INFO
[3.334s] -- Installing: /home/alex/workspace/ros2_project/for_learn/my_custom_action_interface/install/my_custom_action_interface/local/lib/python3.10/dist-packages/my_custom_action_interface-0.0.0-py3.10.egg-info/SOURCES.txt
[3.334s] -- Installing: /home/alex/workspace/ros2_project/for_learn/my_custom_action_interface/install/my_custom_action_interface/local/lib/python3.10/dist-packages/my_custom_action_interface
[3.334s] -- Installing: /home/alex/workspace/ros2_project/for_learn/my_custom_action_interface/install/my_custom_action_interface/local/lib/python3.10/dist-packages/my_custom_action_interface/_my_custom_action_interface_s.ep.rosidl_typesupport_fastrtps_c.c
[3.334s] -- Installing: /home/alex/workspace/ros2_project/for_learn/my_custom_action_interface/install/my_custom_action_interface/local/lib/python3.10/dist-packages/my_custom_action_interface/my_custom_action_interface_s__rosidl_typesupport_introspection_c.cpython-310-x86_64-linux-gnu.so
[3.335s] -- Installing: /home/alex/workspace/ros2_project/for_learn/my_custom_action_interface/install/my_custom_action_interface/local/lib/python3.10/dist-packages/my_custom_action_interface/_my_custom_action_interface_s.ep.rosidl_typesupport_introspection_c.c
[3.335s] -- Installing: /home/alex/workspace/ros2_project/for_learn/my_custom_action_interface/install/my_custom_action_interface/local/lib/python3.10/dist-packages/my_custom_action_interface/_my_custom_action_interface_s.ep.rosidl_typesupport_c.c
[3.335s] -- Installing: /home/alex/workspace/ros2_project/for_learn/my_custom_action_interface/install/my_custom_action_interface/local/lib/python3.10/dist-packages/my_custom_action_interface/my_custom_action_interface_s__rosidl_typesupport_c.cpython-310-x86_64-linux-gnu.so
[3.335s] -- Installing: /home/alex/workspace/ros2_project/for_learn/my_custom_action_interface/install/my_custom_action_interface/local/lib/python3.10/dist-packages/my_custom_action_interface/my_custom_action_interface_s__rosidl_typesupport_fastrtps_c.cpython-310-x86_64-linux-gnu.so
[3.335s] -- Installing: /home/alex/workspace/ros2_project/for_learn/my_custom_action_interface/install/my_custom_action_interface/local/lib/python3.10/dist-packages/my_custom_action_interface/action
[3.335s] -- Installing: /home/alex/workspace/ros2_project/for_learn/my_custom_action_interface/install/my_custom_action_interface/local/lib/python3.10/dist-packages/my_custom_action_interface/action/_counter_s.c
[3.336s] -- Installing: /home/alex/workspace/ros2_project/for_learn/my_custom_action_interface/install/my_custom_action_interface/local/lib/python3.10/dist-packages/my_custom_action_interface/action/_counter.py
[3.336s] -- Installing: /home/alex/workspace/ros2_project/for_learn/my_custom_action_interface/install/my_custom_action_interface/local/lib/python3.10/dist-packages/my_custom_action_interface/action/__init__.py
[3.336s] -- Installing: /home/alex/workspace/ros2_project/for_learn/my_custom_action_interface/install/my_custom_action_interface/local/lib/python3.10/dist-packages/my_custom_action_interface/libmy_custom_action_interface__rosidl_generator_py.so
[3.336s] -- Installing: /home/alex/workspace/ros2_project/for_learn/my_custom_action_interface/install/my_custom_action_interface/local/lib/python3.10/dist-packages/my_custom_action_interface/__init__.py
[3.367s] Listing '/home/alex/workspace/ros2_project/for_learn/my_custom_action_interface/install/my_custom_action_interface/local/lib/python3.10/dist-packages/my_custom_action_interface'...
[3.367s] Compiling '/home/alex/workspace/ros2_project/for_learn/my_custom_action_interface/install/my_custom_action_interface/local/lib/python3.10/dist-packages/my_custom_action_interface/__init__.py'...
[3.367s] Listing '/home/alex/workspace/ros2_project/for_learn/my_custom_action_interface/install/my_custom_action_interface/local/lib/python3.10/dist-packages/my_custom_action_interface/action'...
[3.367s] Compiling '/home/alex/workspace/ros2_project/for_learn/my_custom_action_interface/install/my_custom_action_interface/local/lib/python3.10/dist-packages/my_custom_action_interface/action/__init__.py'...
[3.367s] Compiling '/home/alex/workspace/ros2_project/for_learn/my_custom_action_interface/install/my_custom_action_interface/local/lib/python3.10/dist-packages/my_custom_action_interface/action/_counter.py'...
[3.371s] -- Installing: /home/alex/workspace/ros2_project/for_learn/my_custom_action_interface/install/my_custom_action_interface/local/lib/python3.10/dist-packages/my_custom_action_interface/my_custom_action_interface_s__rosidl_typesupport_fastrtps_c.cpython-310-x86_64-linux-gnu.so
[3.372s] -- Set runtime path of "/home/alex/workspace/ros2_project/for_learn/my_custom_action_interface/install/my_custom_action_interface/local/lib/python3.10/dist-packages/my_custom_action_interface/my_custom_action_interface_s__rosidl_typesupport_fastrtps_c.cpython-310-x86_64-linux-gnu.so" to ""
[3.372s] -- Installing: /home/alex/workspace/ros2_project/for_learn/my_custom_action_interface/install/my_custom_action_interface/local/lib/python3.10/dist-packages/my_custom_action_interface/my_custom_action_interface_s__rosidl_typesupport_introspection_c.cpython-310-x86_64-linux-gnu.so
[3.372s] -- Set runtime path of "/home/alex/workspace/ros2_project/for_learn/my_custom_action_interface/install/my_custom_action_interface/local/lib/python3.10/dist-packages/my_custom_action_interface/my_custom_action_interface_s__rosidl_typesupport_introspection_c.cpython-310-x86_64-linux-gnu.so" to ""
[3.373s] -- Installing: /home/alex/workspace/ros2_project/for_learn/my_custom_action_interface/install/my_custom_action_interface/local/lib/python3.10/dist-packages/my_custom_action_interface/my_custom_action_interface_s__rosidl_typesupport_c.cpython-310-x86_64-linux-gnu.so
[3.373s] -- Set runtime path of "/home/alex/workspace/ros2_project/for_learn/my_custom_action_interface/install/my_custom_action_interface/local/lib/python3.10/dist-packages/my_custom_action_interface/my_custom_action_interface_s__rosidl_typesupport_c.cpython-310-x86_64-linux-gnu.so" to ""
[3.373s] -- Installing: /home/alex/workspace/ros2_project/for_learn/my_custom_action_interface/install/my_custom_action_interface/lib/libmy_custom_action_interface__rosidl_generator_py.so
[3.374s] -- Set runtime path of "/home/alex/workspace/ros2_project/for_learn/my_custom_action_interface/install/my_custom_action_interface/lib/libmy_custom_action_interface__rosidl_generator_py.so" to ""
[3.374s] -- Installing: /home/alex/workspace/ros2_project/for_learn/my_custom_action_interface/install/my_custom_action_interface/share/ament_index/resource_index/rust_packages/my_custom_action_interface
[3.374s] -- Installing: /home/alex/workspace/ros2_project/for_learn/my_custom_action_interface/install/my_custom_action_interface/share/my_custom_action_interface/rust
[3.374s] -- Installing: /home/alex/workspace/ros2_project/for_learn/my_custom_action_interface/install/my_custom_action_interface/share/my_custom_action_interface/rust/src
[3.374s] -- Installing: /home/alex/workspace/ros2_project/for_learn/my_custom_action_interface/install/my_custom_action_interface/share/my_custom_action_interface/rust/src/lib.rs
[3.374s] -- Installing: /home/alex/workspace/ros2_project/for_learn/my_custom_action_interface/install/my_custom_action_interface/share/my_custom_action_interface/rust/src/action.rs
[3.374s] -- Installing: /home/alex/workspace/ros2_project/for_learn/my_custom_action_interface/install/my_custom_action_interface/share/my_custom_action_interface/rust/src/action
[3.374s] -- Installing: /home/alex/workspace/ros2_project/for_learn/my_custom_action_interface/install/my_custom_action_interface/share/my_custom_action_interface/rust/src/action/rmw.rs
[3.375s] -- Installing: /home/alex/workspace/ros2_project/for_learn/my_custom_action_interface/install/my_custom_action_interface/share/my_custom_action_interface/rust/build.rs
[3.375s] -- Installing: /home/alex/workspace/ros2_project/for_learn/my_custom_action_interface/install/my_custom_action_interface/share/my_custom_action_interface/rust/Cargo.toml
[3.375s] -- Installing: /home/alex/workspace/ros2_project/for_learn/my_custom_action_interface/install/my_custom_action_interface/share/my_custom_action_interface/action/Counter.idl
[3.375s] -- Installing: /home/alex/workspace/ros2_project/for_learn/my_custom_action_interface/install/my_custom_action_interface/share/my_custom_action_interface/action/Counter.action
[3.375s] -- Installing: /home/alex/workspace/ros2_project/for_learn/my_custom_action_interface/install/my_custom_action_interface/share/ament_index/resource_index/package_run_dependencies/my_custom_action_interface
[3.376s] -- Installing: /home/alex/workspace/ros2_project/for_learn/my_custom_action_interface/install/my_custom_action_interface/share/ament_index/resource_index/parent_prefix_path/my_custom_action_interface
[3.376s] -- Installing: /home/alex/workspace/ros2_project/for_learn/my_custom_action_interface/install/my_custom_action_interface/share/my_custom_action_interface/environment/ament_prefix_path.sh
[3.376s] -- Installing: /home/alex/workspace/ros2_project/for_learn/my_custom_action_interface/install/my_custom_action_interface/share/my_custom_action_interface/environment/ament_prefix_path.dsv
[3.376s] -- Installing: /home/alex/workspace/ros2_project/for_learn/my_custom_action_interface/install/my_custom_action_interface/share/my_custom_action_interface/environment/path.sh
[3.376s] -- Installing: /home/alex/workspace/ros2_project/for_learn/my_custom_action_interface/install/my_custom_action_interface/share/my_custom_action_interface/environment/path.dsv
[3.376s] -- Installing: /home/alex/workspace/ros2_project/for_learn/my_custom_action_interface/install/my_custom_action_interface/share/my_custom_action_interface/local_setup.bash
[3.377s] -- Installing: /home/alex/workspace/ros2_project/for_learn/my_custom_action_interface/install/my_custom_action_interface/share/my_custom_action_interface/local_setup.sh
[3.377s] -- Installing: /home/alex/workspace/ros2_project/for_learn/my_custom_action_interface/install/my_custom_action_interface/share/my_custom_action_interface/local_setup.zsh
[3.377s] -- Installing: /home/alex/workspace/ros2_project/for_learn/my_custom_action_interface/install/my_custom_action_interface/share/my_custom_action_interface/local_setup.dsv
[3.377s] -- Installing: /home/alex/workspace/ros2_project/for_learn/my_custom_action_interface/install/my_custom_action_interface/share/my_custom_action_interface/package.dsv
[3.377s] -- Installing: /home/alex/workspace/ros2_project/for_learn/my_custom_action_interface/install/my_custom_action_interface/share/ament_index/resource_index/packages/my_custom_action_interface
[3.378s] -- Installing: /home/alex/workspace/ros2_project/for_learn/my_custom_action_interface/install/my_custom_action_interface/share/my_custom_action_interface/cmake/export_my_custom_action_interface__rosidl_generator_cExport.cmake
[3.378s] -- Installing: /home/alex/workspace/ros2_project/for_learn/my_custom_action_interface/install/my_custom_action_interface/share/my_custom_action_interface/cmake/export_my_custom_action_interface__rosidl_generator_cExport-noconfig.cmake
[3.378s] -- Installing: /home/alex/workspace/ros2_project/for_learn/my_custom_action_interface/install/my_custom_action_interface/share/my_custom_action_interface/cmake/export_my_custom_action_interface__rosidl_typesupport_fastrtps_cExport.cmake
[3.378s] -- Installing: /home/alex/workspace/ros2_project/for_learn/my_custom_action_interface/install/my_custom_action_interface/share/my_custom_action_interface/cmake/export_my_custom_action_interface__rosidl_typesupport_fastrtps_cExport-noconfig.cmake
[3.378s] -- Installing: /home/alex/workspace/ros2_project/for_learn/my_custom_action_interface/install/my_custom_action_interface/share/my_custom_action_interface/cmake/export_my_custom_action_interface__rosidl_generator_cppExport.cmake
[3.378s] -- Installing: /home/alex/workspace/ros2_project/for_learn/my_custom_action_interface/install/my_custom_action_interface/share/my_custom_action_interface/cmake/export_my_custom_action_interface__rosidl_typesupport_fastrtps_cppExport.cmake
[3.379s] -- Installing: /home/alex/workspace/ros2_project/for_learn/my_custom_action_interface/install/my_custom_action_interface/share/my_custom_action_interface/cmake/export_my_custom_action_interface__rosidl_typesupport_fastrtps_cppExport-noconfig.cmake
[3.379s] -- Installing: /home/alex/workspace/ros2_project/for_learn/my_custom_action_interface/install/my_custom_action_interface/share/my_custom_action_interface/cmake/my_custom_action_interface__rosidl_typesupport_introspection_cExport.cmake
[3.379s] -- Installing: /home/alex/workspace/ros2_project/for_learn/my_custom_action_interface/install/my_custom_action_interface/share/my_custom_action_interface/cmake/my_custom_action_interface__rosidl_typesupport_introspection_cExport-noconfig.cmake
[3.379s] -- Installing: /home/alex/workspace/ros2_project/for_learn/my_custom_action_interface/install/my_custom_action_interface/share/my_custom_action_interface/cmake/my_custom_action_interface__rosidl_typesupport_cExport.cmake
[3.379s] -- Installing: /home/alex/workspace/ros2_project/for_learn/my_custom_action_interface/install/my_custom_action_interface/share/my_custom_action_interface/cmake/my_custom_action_interface__rosidl_typesupport_cExport-noconfig.cmake
[3.380s] -- Installing: /home/alex/workspace/ros2_project/for_learn/my_custom_action_interface/install/my_custom_action_interface/share/my_custom_action_interface/cmake/my_custom_action_interface__rosidl_typesupport_introspection_cppExport.cmake
[3.380s] -- Installing: /home/alex/workspace/ros2_project/for_learn/my_custom_action_interface/install/my_custom_action_interface/share/my_custom_action_interface/cmake/my_custom_action_interface__rosidl_typesupport_introspection_cppExport-noconfig.cmake
[3.380s] -- Installing: /home/alex/workspace/ros2_project/for_learn/my_custom_action_interface/install/my_custom_action_interface/share/my_custom_action_interface/cmake/my_custom_action_interface__rosidl_typesupport_cppExport.cmake
[3.380s] -- Installing: /home/alex/workspace/ros2_project/for_learn/my_custom_action_interface/install/my_custom_action_interface/share/my_custom_action_interface/cmake/my_custom_action_interface__rosidl_typesupport_cppExport-noconfig.cmake
[3.380s] -- Installing: /home/alex/workspace/ros2_project/for_learn/my_custom_action_interface/install/my_custom_action_interface/share/my_custom_action_interface/cmake/export_my_custom_action_interface__rosidl_generator_pyExport.cmake
[3.381s] -- Installing: /home/alex/workspace/ros2_project/for_learn/my_custom_action_interface/install/my_custom_action_interface/share/my_custom_action_interface/cmake/export_my_custom_action_interface__rosidl_generator_pyExport-noconfig.cmake
[3.381s] -- Installing: /home/alex/workspace/ros2_project/for_learn/my_custom_action_interface/install/my_custom_action_interface/share/my_custom_action_interface/cmake/rosidl_cmake-extras.cmake
[3.381s] -- Installing: /home/alex/workspace/ros2_project/for_learn/my_custom_action_interface/install/my_custom_action_interface/share/my_custom_action_interface/cmake/ament_cmake_export_dependencies-extras.cmake
[3.381s] -- Installing: /home/alex/workspace/ros2_project/for_learn/my_custom_action_interface/install/my_custom_action_interface/share/my_custom_action_interface/cmake/ament_cmake_export_include_directories-extras.cmake
[3.381s] -- Installing: /home/alex/workspace/ros2_project/for_learn/my_custom_action_interface/install/my_custom_action_interface/share/my_custom_action_interface/cmake/ament_cmake_export_libraries-extras.cmake
[3.382s] -- Installing: /home/alex/workspace/ros2_project/for_learn/my_custom_action_interface/install/my_custom_action_interface/share/my_custom_action_interface/cmake/ament_cmake_export_targets-extras.cmake
[3.382s] -- Installing: /home/alex/workspace/ros2_project/for_learn/my_custom_action_interface/install/my_custom_action_interface/share/my_custom_action_interface/cmake/rosidl_cmake_export_typesupport_targets-extras.cmake
[3.382s] -- Installing: /home/alex/workspace/ros2_project/for_learn/my_custom_action_interface/install/my_custom_action_interface/share/my_custom_action_interface/cmake/rosidl_cmake_export_typesupport_libraries-extras.cmake
[3.382s] -- Installing: /home/alex/workspace/ros2_project/for_learn/my_custom_action_interface/install/my_custom_action_interface/share/my_custom_action_interface/cmake/my_custom_action_interfaceConfig.cmake
[3.382s] -- Installing: /home/alex/workspace/ros2_project/for_learn/my_custom_action_interface/install/my_custom_action_interface/share/my_custom_action_interface/cmake/my_custom_action_interfaceConfig-version.cmake
[3.382s] -- Installing: /home/alex/workspace/ros2_project/for_learn/my_custom_action_interface/install/my_custom_action_interface/share/my_custom_action_interface/package.xml
[3.385s] Invoked command in '/home/alex/workspace/ros2_project/for_learn/my_custom_action_interface/build/my_custom_action_interface' returned '0': CMAKE_PREFIX_PATH=/opt/ros/humble /usr/bin/cmake --install /home/alex/workspace/ros2_project/for_learn/my_custom_action_interface/build/my_custom_action_interface
