[0.080s] DEBUG:colcon:Command line arguments: ['/usr/bin/colcon', 'build']
[0.080s] DEBUG:colcon:Parsed command line arguments: Namespace(log_base=None, log_level=None, verb_name='build', build_base='build', install_base='install', merge_install=False, symlink_install=False, test_result_base=None, continue_on_error=False, executor='parallel', parallel_workers=8, event_handlers=None, ignore_user_meta=False, metas=['./colcon.meta'], base_paths=['.'], packages_ignore=None, packages_ignore_regex=None, paths=None, packages_up_to=None, packages_up_to_regex=None, packages_above=None, packages_above_and_dependencies=None, packages_above_depth=None, packages_select_by_dep=None, packages_skip_by_dep=None, packages_skip_up_to=None, packages_select_build_failed=False, packages_skip_build_finished=False, packages_select_test_failures=False, packages_skip_test_passed=False, packages_select=None, packages_skip=None, packages_select_regex=None, packages_skip_regex=None, packages_start=None, packages_end=None, allow_overriding=[], cmake_args=None, cmake_target=None, cmake_target_skip_unavailable=False, cmake_clean_cache=False, cmake_clean_first=False, cmake_force_configure=False, ament_cmake_args=None, catkin_cmake_args=None, catkin_skip_building_tests=False, verb_parser=<colcon_defaults.argument_parser.defaults.DefaultArgumentsDecorator object at 0x772167d2a560>, verb_extension=<colcon_core.verb.build.BuildVerb object at 0x772167d2a080>, main=<bound method BuildVerb.main of <colcon_core.verb.build.BuildVerb object at 0x772167d2a080>>)
[0.197s] Level 1:colcon.colcon_core.package_discovery:discover_packages(colcon_meta) check parameters
[0.197s] Level 1:colcon.colcon_core.package_discovery:discover_packages(recursive) check parameters
[0.198s] Level 1:colcon.colcon_core.package_discovery:discover_packages(ignore) check parameters
[0.198s] Level 1:colcon.colcon_core.package_discovery:discover_packages(path) check parameters
[0.198s] Level 1:colcon.colcon_core.package_discovery:discover_packages(colcon_meta) discover
[0.198s] Level 1:colcon.colcon_core.package_discovery:discover_packages(recursive) discover
[0.198s] INFO:colcon.colcon_core.package_discovery:Crawling recursively for packages in '/home/alex/workspace/ros2_project/for_learn/my_custom_action_interface'
[0.198s] Level 1:colcon.colcon_core.package_identification:_identify(.) by extensions ['ignore', 'ignore_ament_install']
[0.198s] Level 1:colcon.colcon_core.package_identification:_identify(.) by extension 'ignore'
[0.198s] Level 1:colcon.colcon_core.package_identification:_identify(.) by extension 'ignore_ament_install'
[0.198s] Level 1:colcon.colcon_core.package_identification:_identify(.) by extensions ['colcon_pkg']
[0.198s] Level 1:colcon.colcon_core.package_identification:_identify(.) by extension 'colcon_pkg'
[0.198s] Level 1:colcon.colcon_core.package_identification:_identify(.) by extensions ['colcon_meta']
[0.198s] Level 1:colcon.colcon_core.package_identification:_identify(.) by extension 'colcon_meta'
[0.198s] Level 1:colcon.colcon_core.package_identification:_identify(.) by extensions ['ros']
[0.198s] Level 1:colcon.colcon_core.package_identification:_identify(.) by extension 'ros'
[0.208s] DEBUG:colcon.colcon_core.package_identification:Package '.' with type 'ros.ament_cmake' and name 'my_custom_action_interface'
[0.208s] Level 1:colcon.colcon_core.package_discovery:discover_packages(recursive) using defaults
[0.208s] Level 1:colcon.colcon_core.package_discovery:discover_packages(ignore) discover
[0.208s] Level 1:colcon.colcon_core.package_discovery:discover_packages(ignore) using defaults
[0.208s] Level 1:colcon.colcon_core.package_discovery:discover_packages(path) discover
[0.208s] Level 1:colcon.colcon_core.package_discovery:discover_packages(path) using defaults
[0.222s] Level 1:colcon.colcon_core.package_discovery:discover_packages(prefix_path) check parameters
[0.223s] Level 1:colcon.colcon_core.package_discovery:discover_packages(prefix_path) discover
[0.224s] DEBUG:colcon.colcon_installed_package_information.package_discovery:Found 1 installed packages in /home/alex/workspace/ros2_project/for_learn/install
[0.225s] DEBUG:colcon.colcon_installed_package_information.package_discovery:Found 273 installed packages in /opt/ros/humble
[0.227s] Level 1:colcon.colcon_core.package_discovery:discover_packages(prefix_path) using defaults
[0.263s] Level 5:colcon.colcon_core.verb:set package 'my_custom_action_interface' build argument 'cmake_args' from command line to 'None'
[0.263s] Level 5:colcon.colcon_core.verb:set package 'my_custom_action_interface' build argument 'cmake_target' from command line to 'None'
[0.263s] Level 5:colcon.colcon_core.verb:set package 'my_custom_action_interface' build argument 'cmake_target_skip_unavailable' from command line to 'False'
[0.263s] Level 5:colcon.colcon_core.verb:set package 'my_custom_action_interface' build argument 'cmake_clean_cache' from command line to 'False'
[0.263s] Level 5:colcon.colcon_core.verb:set package 'my_custom_action_interface' build argument 'cmake_clean_first' from command line to 'False'
[0.263s] Level 5:colcon.colcon_core.verb:set package 'my_custom_action_interface' build argument 'cmake_force_configure' from command line to 'False'
[0.263s] Level 5:colcon.colcon_core.verb:set package 'my_custom_action_interface' build argument 'ament_cmake_args' from command line to 'None'
[0.263s] Level 5:colcon.colcon_core.verb:set package 'my_custom_action_interface' build argument 'catkin_cmake_args' from command line to 'None'
[0.263s] Level 5:colcon.colcon_core.verb:set package 'my_custom_action_interface' build argument 'catkin_skip_building_tests' from command line to 'False'
[0.263s] DEBUG:colcon.colcon_core.verb:Building package 'my_custom_action_interface' with the following arguments: {'ament_cmake_args': None, 'build_base': '/home/alex/workspace/ros2_project/for_learn/my_custom_action_interface/build/my_custom_action_interface', 'catkin_cmake_args': None, 'catkin_skip_building_tests': False, 'cmake_args': None, 'cmake_clean_cache': False, 'cmake_clean_first': False, 'cmake_force_configure': False, 'cmake_target': None, 'cmake_target_skip_unavailable': False, 'install_base': '/home/alex/workspace/ros2_project/for_learn/my_custom_action_interface/install/my_custom_action_interface', 'merge_install': False, 'path': '/home/alex/workspace/ros2_project/for_learn/my_custom_action_interface', 'symlink_install': False, 'test_result_base': None}
[0.263s] INFO:colcon.colcon_core.executor:Executing jobs using 'parallel' executor
[0.264s] DEBUG:colcon.colcon_parallel_executor.executor.parallel:run_until_complete
[0.264s] INFO:colcon.colcon_ros.task.ament_cmake.build:Building ROS package in '/home/alex/workspace/ros2_project/for_learn/my_custom_action_interface' with build type 'ament_cmake'
[0.265s] INFO:colcon.colcon_cmake.task.cmake.build:Building CMake package in '/home/alex/workspace/ros2_project/for_learn/my_custom_action_interface'
[0.267s] INFO:colcon.colcon_core.plugin_system:Skipping extension 'colcon_core.shell.bat': Not used on non-Windows systems
[0.267s] INFO:colcon.colcon_core.shell:Skip shell extension 'powershell' for command environment: Not usable outside of PowerShell
[0.267s] DEBUG:colcon.colcon_core.shell:Skip shell extension 'dsv' for command environment
[0.275s] DEBUG:colcon.colcon_core.event_handler.log_command:Invoking command in '/home/alex/workspace/ros2_project/for_learn/my_custom_action_interface/build/my_custom_action_interface': CMAKE_PREFIX_PATH=/opt/ros/humble /usr/bin/cmake /home/alex/workspace/ros2_project/for_learn/my_custom_action_interface -DCMAKE_INSTALL_PREFIX=/home/alex/workspace/ros2_project/for_learn/my_custom_action_interface/install/my_custom_action_interface
[1.453s] DEBUG:colcon.colcon_core.event_handler.log_command:Invoked command in '/home/alex/workspace/ros2_project/for_learn/my_custom_action_interface/build/my_custom_action_interface' returned '0': CMAKE_PREFIX_PATH=/opt/ros/humble /usr/bin/cmake /home/alex/workspace/ros2_project/for_learn/my_custom_action_interface -DCMAKE_INSTALL_PREFIX=/home/alex/workspace/ros2_project/for_learn/my_custom_action_interface/install/my_custom_action_interface
[1.453s] DEBUG:colcon.colcon_core.event_handler.log_command:Invoking command in '/home/alex/workspace/ros2_project/for_learn/my_custom_action_interface/build/my_custom_action_interface': CMAKE_PREFIX_PATH=/opt/ros/humble /usr/bin/cmake --build /home/alex/workspace/ros2_project/for_learn/my_custom_action_interface/build/my_custom_action_interface -- -j8 -l8
[3.571s] DEBUG:colcon.colcon_core.event_handler.log_command:Invoked command in '/home/alex/workspace/ros2_project/for_learn/my_custom_action_interface/build/my_custom_action_interface' returned '0': CMAKE_PREFIX_PATH=/opt/ros/humble /usr/bin/cmake --build /home/alex/workspace/ros2_project/for_learn/my_custom_action_interface/build/my_custom_action_interface -- -j8 -l8
[3.582s] DEBUG:colcon.colcon_core.event_handler.log_command:Invoking command in '/home/alex/workspace/ros2_project/for_learn/my_custom_action_interface/build/my_custom_action_interface': CMAKE_PREFIX_PATH=/opt/ros/humble /usr/bin/cmake --install /home/alex/workspace/ros2_project/for_learn/my_custom_action_interface/build/my_custom_action_interface
[3.650s] Level 1:colcon.colcon_core.environment:create_environment_scripts_only(my_custom_action_interface)
[3.650s] DEBUG:colcon.colcon_core.event_handler.log_command:Invoked command in '/home/alex/workspace/ros2_project/for_learn/my_custom_action_interface/build/my_custom_action_interface' returned '0': CMAKE_PREFIX_PATH=/opt/ros/humble /usr/bin/cmake --install /home/alex/workspace/ros2_project/for_learn/my_custom_action_interface/build/my_custom_action_interface
[3.652s] Level 1:colcon.colcon_core.environment:checking '/home/alex/workspace/ros2_project/for_learn/my_custom_action_interface/install/my_custom_action_interface' for CMake module files
[3.653s] Level 1:colcon.colcon_core.environment:checking '/home/alex/workspace/ros2_project/for_learn/my_custom_action_interface/install/my_custom_action_interface' for CMake config files
[3.654s] Level 1:colcon.colcon_core.shell:create_environment_hook('my_custom_action_interface', 'cmake_prefix_path')
[3.654s] INFO:colcon.colcon_core.shell:Creating environment hook '/home/alex/workspace/ros2_project/for_learn/my_custom_action_interface/install/my_custom_action_interface/share/my_custom_action_interface/hook/cmake_prefix_path.ps1'
[3.654s] INFO:colcon.colcon_core.shell:Creating environment descriptor '/home/alex/workspace/ros2_project/for_learn/my_custom_action_interface/install/my_custom_action_interface/share/my_custom_action_interface/hook/cmake_prefix_path.dsv'
[3.655s] INFO:colcon.colcon_core.shell:Creating environment hook '/home/alex/workspace/ros2_project/for_learn/my_custom_action_interface/install/my_custom_action_interface/share/my_custom_action_interface/hook/cmake_prefix_path.sh'
[3.655s] Level 1:colcon.colcon_core.environment:checking '/home/alex/workspace/ros2_project/for_learn/my_custom_action_interface/install/my_custom_action_interface/lib'
[3.656s] Level 1:colcon.colcon_core.shell:create_environment_hook('my_custom_action_interface', 'ld_library_path_lib')
[3.656s] INFO:colcon.colcon_core.shell:Creating environment hook '/home/alex/workspace/ros2_project/for_learn/my_custom_action_interface/install/my_custom_action_interface/share/my_custom_action_interface/hook/ld_library_path_lib.ps1'
[3.656s] INFO:colcon.colcon_core.shell:Creating environment descriptor '/home/alex/workspace/ros2_project/for_learn/my_custom_action_interface/install/my_custom_action_interface/share/my_custom_action_interface/hook/ld_library_path_lib.dsv'
[3.656s] INFO:colcon.colcon_core.shell:Creating environment hook '/home/alex/workspace/ros2_project/for_learn/my_custom_action_interface/install/my_custom_action_interface/share/my_custom_action_interface/hook/ld_library_path_lib.sh'
[3.657s] Level 1:colcon.colcon_core.environment:checking '/home/alex/workspace/ros2_project/for_learn/my_custom_action_interface/install/my_custom_action_interface/bin'
[3.657s] Level 1:colcon.colcon_core.environment:checking '/home/alex/workspace/ros2_project/for_learn/my_custom_action_interface/install/my_custom_action_interface/lib/pkgconfig/my_custom_action_interface.pc'
[3.657s] Level 1:colcon.colcon_core.environment:checking '/home/alex/workspace/ros2_project/for_learn/my_custom_action_interface/install/my_custom_action_interface/lib/python3.10/site-packages'
[3.657s] Level 1:colcon.colcon_core.environment:checking '/home/alex/workspace/ros2_project/for_learn/my_custom_action_interface/install/my_custom_action_interface/bin'
[3.657s] INFO:colcon.colcon_core.shell:Creating package script '/home/alex/workspace/ros2_project/for_learn/my_custom_action_interface/install/my_custom_action_interface/share/my_custom_action_interface/package.ps1'
[3.658s] INFO:colcon.colcon_core.shell:Creating package descriptor '/home/alex/workspace/ros2_project/for_learn/my_custom_action_interface/install/my_custom_action_interface/share/my_custom_action_interface/package.dsv'
[3.659s] INFO:colcon.colcon_core.shell:Creating package script '/home/alex/workspace/ros2_project/for_learn/my_custom_action_interface/install/my_custom_action_interface/share/my_custom_action_interface/package.sh'
[3.659s] INFO:colcon.colcon_core.shell:Creating package script '/home/alex/workspace/ros2_project/for_learn/my_custom_action_interface/install/my_custom_action_interface/share/my_custom_action_interface/package.bash'
[3.660s] INFO:colcon.colcon_core.shell:Creating package script '/home/alex/workspace/ros2_project/for_learn/my_custom_action_interface/install/my_custom_action_interface/share/my_custom_action_interface/package.zsh'
[3.660s] Level 1:colcon.colcon_core.environment:create_file_with_runtime_dependencies(/home/alex/workspace/ros2_project/for_learn/my_custom_action_interface/install/my_custom_action_interface/share/colcon-core/packages/my_custom_action_interface)
[3.661s] Level 1:colcon.colcon_core.environment:create_environment_scripts_only(my_custom_action_interface)
[3.661s] Level 1:colcon.colcon_core.environment:checking '/home/alex/workspace/ros2_project/for_learn/my_custom_action_interface/install/my_custom_action_interface' for CMake module files
[3.662s] Level 1:colcon.colcon_core.environment:checking '/home/alex/workspace/ros2_project/for_learn/my_custom_action_interface/install/my_custom_action_interface' for CMake config files
[3.662s] Level 1:colcon.colcon_core.shell:create_environment_hook('my_custom_action_interface', 'cmake_prefix_path')
[3.662s] INFO:colcon.colcon_core.shell:Creating environment hook '/home/alex/workspace/ros2_project/for_learn/my_custom_action_interface/install/my_custom_action_interface/share/my_custom_action_interface/hook/cmake_prefix_path.ps1'
[3.663s] INFO:colcon.colcon_core.shell:Creating environment descriptor '/home/alex/workspace/ros2_project/for_learn/my_custom_action_interface/install/my_custom_action_interface/share/my_custom_action_interface/hook/cmake_prefix_path.dsv'
[3.663s] INFO:colcon.colcon_core.shell:Creating environment hook '/home/alex/workspace/ros2_project/for_learn/my_custom_action_interface/install/my_custom_action_interface/share/my_custom_action_interface/hook/cmake_prefix_path.sh'
[3.664s] Level 1:colcon.colcon_core.environment:checking '/home/alex/workspace/ros2_project/for_learn/my_custom_action_interface/install/my_custom_action_interface/lib'
[3.664s] Level 1:colcon.colcon_core.shell:create_environment_hook('my_custom_action_interface', 'ld_library_path_lib')
[3.664s] INFO:colcon.colcon_core.shell:Creating environment hook '/home/alex/workspace/ros2_project/for_learn/my_custom_action_interface/install/my_custom_action_interface/share/my_custom_action_interface/hook/ld_library_path_lib.ps1'
[3.664s] INFO:colcon.colcon_core.shell:Creating environment descriptor '/home/alex/workspace/ros2_project/for_learn/my_custom_action_interface/install/my_custom_action_interface/share/my_custom_action_interface/hook/ld_library_path_lib.dsv'
[3.664s] INFO:colcon.colcon_core.shell:Creating environment hook '/home/alex/workspace/ros2_project/for_learn/my_custom_action_interface/install/my_custom_action_interface/share/my_custom_action_interface/hook/ld_library_path_lib.sh'
[3.665s] Level 1:colcon.colcon_core.environment:checking '/home/alex/workspace/ros2_project/for_learn/my_custom_action_interface/install/my_custom_action_interface/bin'
[3.665s] Level 1:colcon.colcon_core.environment:checking '/home/alex/workspace/ros2_project/for_learn/my_custom_action_interface/install/my_custom_action_interface/lib/pkgconfig/my_custom_action_interface.pc'
[3.665s] Level 1:colcon.colcon_core.environment:checking '/home/alex/workspace/ros2_project/for_learn/my_custom_action_interface/install/my_custom_action_interface/lib/python3.10/site-packages'
[3.665s] Level 1:colcon.colcon_core.environment:checking '/home/alex/workspace/ros2_project/for_learn/my_custom_action_interface/install/my_custom_action_interface/bin'
[3.666s] INFO:colcon.colcon_core.shell:Creating package script '/home/alex/workspace/ros2_project/for_learn/my_custom_action_interface/install/my_custom_action_interface/share/my_custom_action_interface/package.ps1'
[3.666s] INFO:colcon.colcon_core.shell:Creating package descriptor '/home/alex/workspace/ros2_project/for_learn/my_custom_action_interface/install/my_custom_action_interface/share/my_custom_action_interface/package.dsv'
[3.667s] INFO:colcon.colcon_core.shell:Creating package script '/home/alex/workspace/ros2_project/for_learn/my_custom_action_interface/install/my_custom_action_interface/share/my_custom_action_interface/package.sh'
[3.667s] INFO:colcon.colcon_core.shell:Creating package script '/home/alex/workspace/ros2_project/for_learn/my_custom_action_interface/install/my_custom_action_interface/share/my_custom_action_interface/package.bash'
[3.667s] INFO:colcon.colcon_core.shell:Creating package script '/home/alex/workspace/ros2_project/for_learn/my_custom_action_interface/install/my_custom_action_interface/share/my_custom_action_interface/package.zsh'
[3.668s] Level 1:colcon.colcon_core.environment:create_file_with_runtime_dependencies(/home/alex/workspace/ros2_project/for_learn/my_custom_action_interface/install/my_custom_action_interface/share/colcon-core/packages/my_custom_action_interface)
[3.668s] DEBUG:colcon.colcon_parallel_executor.executor.parallel:closing loop
[3.668s] DEBUG:colcon.colcon_parallel_executor.executor.parallel:loop closed
[3.668s] DEBUG:colcon.colcon_parallel_executor.executor.parallel:run_until_complete finished with '0'
[3.668s] DEBUG:colcon.colcon_core.event_reactor:joining thread
[3.669s] DEBUG:colcon.colcon_core.event_reactor:joined thread
[3.669s] INFO:colcon.colcon_core.shell:Creating prefix script '/home/alex/workspace/ros2_project/for_learn/my_custom_action_interface/install/local_setup.ps1'
[3.670s] INFO:colcon.colcon_core.shell:Creating prefix util module '/home/alex/workspace/ros2_project/for_learn/my_custom_action_interface/install/_local_setup_util_ps1.py'
[3.671s] INFO:colcon.colcon_core.shell:Creating prefix chain script '/home/alex/workspace/ros2_project/for_learn/my_custom_action_interface/install/setup.ps1'
[3.672s] INFO:colcon.colcon_core.shell:Creating prefix script '/home/alex/workspace/ros2_project/for_learn/my_custom_action_interface/install/local_setup.sh'
[3.672s] INFO:colcon.colcon_core.shell:Creating prefix util module '/home/alex/workspace/ros2_project/for_learn/my_custom_action_interface/install/_local_setup_util_sh.py'
[3.673s] INFO:colcon.colcon_core.shell:Creating prefix chain script '/home/alex/workspace/ros2_project/for_learn/my_custom_action_interface/install/setup.sh'
[3.674s] INFO:colcon.colcon_core.shell:Creating prefix script '/home/alex/workspace/ros2_project/for_learn/my_custom_action_interface/install/local_setup.bash'
[3.674s] INFO:colcon.colcon_core.shell:Creating prefix chain script '/home/alex/workspace/ros2_project/for_learn/my_custom_action_interface/install/setup.bash'
[3.675s] INFO:colcon.colcon_core.shell:Creating prefix script '/home/alex/workspace/ros2_project/for_learn/my_custom_action_interface/install/local_setup.zsh'
[3.675s] INFO:colcon.colcon_core.shell:Creating prefix chain script '/home/alex/workspace/ros2_project/for_learn/my_custom_action_interface/install/setup.zsh'
